[35m[Appium][39m Welcome to Appium v1.22.3
[35m[Appium][39m Non-default server args:
[35m[Appium][39m   port: 63453
[35m[Appium][39m   loglevel: info
[35m[Appium][39m   tmpDir: C:\Users\JOSE_A~1\AppData\Local\Temp\\Katalon\Appium\Temp1653418536827
[35m[Appium][39m   chromedriverPort: 63454
[35m[Appium][39m Deprecated server args:
[35m[Appium][39m   [31m--chromedriver-port[39m => --default-capabilities
[35m[Appium][39m Default capabilities, which will be added to each request unless overridden by desired capabilities:
[35m[Appium][39m   chromedriverPort: 63454
[35m[Appium][39m Appium REST http interface listener started on 0.0.0.0:63453
[35m[HTTP][39m [37m-->[39m [37mGET[39m [37m/wd/hub/status[39m
[35m[HTTP][39m [90m{}[39m
[35m[HTTP][39m [37m<-- GET /wd/hub/status [39m[32m200[39m [90m6 ms - 68[39m
[35m[HTTP][39m [90m[39m
[35m[HTTP][39m [37m-->[39m [37mPOST[39m [37m/wd/hub/session[39m
[35m[HTTP][39m [90m{"desiredCapabilities":{"app":"C:\\Users\\Jose_Arrieta\\Desktop\\JA\\Proyectos\\Automatizacion de pruebas\\APK para inicio\\crtopyinfinitymobilebanking-release (8).apk","noReset":true,"deviceId":"","deviceName":"HUAWEI MRD-LX3 (Android 9)","fullReset":false,"platform":"ANDROID","newCommandTimeout":1800,"platformVersion":"9","automationName":"uiautomator2","autoGrantPermissions":true,"platformName":"Android","udid":"ASJNW19409003146","systemPort":63452},"capabilities":{"firstMatch":[{"appium:app":"C:\\Users\\Jose_Arrieta\\Desktop\\JA\\Proyectos\\Automatizacion de pruebas\\APK para inicio\\crtopyinfinitymobilebanking-release (8).apk","appium:autoGrantPermissions":true,"appium:automationName":"uiautomator2","deviceId":"","appium:deviceName":"HUAWEI MRD-LX3 (Android 9)","appium:fullReset":false,"appium:newCommandTimeout":1800,"appium:noReset":true,"platform":"ANDROID","platformName":"android","appium:platformVersion":"9","appium:systemPort":63452,"appium:udid":"ASJNW19409003146"}]}}[39m
[35m[BaseDriver][39m The following capabilities are not standard capabilities and should have an extension prefix:
[35m[BaseDriver][39m   deviceId
[35m[BaseDriver][39m   platform
[35m[BaseDriver][39m   chromedriverPort
[35m[Appium][39m Appium v1.22.3 creating new AndroidUiautomator2Driver (v1.70.1) session
[35m[BaseDriver][39m The following capabilities were provided, but are not recognized by Appium:
[35m[BaseDriver][39m   deviceId
[35m[BaseDriver][39m   platform
[35m[BaseDriver][39m Session created with session id: bb49ba2d-e133-4485-b028-045722a3f651
[35m[BaseDriver][39m Using local app 'C:\Users\Jose_Arrieta\Desktop\JA\Proyectos\Automatizacion de pruebas\APK para inicio\crtopyinfinitymobilebanking-release (8).apk'
[35m[ADB][39m Found 2 'build-tools' folders under 'C:\Users\Jose_Arrieta\AppData\Local\Android\Sdk' (newest first):
[35m[ADB][39m     C:/Users/Jose_Arrieta/AppData/Local/Android/Sdk/build-tools/32.1.0-rc1
[35m[ADB][39m     C:/Users/Jose_Arrieta/AppData/Local/Android/Sdk/build-tools/32.0.0
[35m[ADB][39m Using 'adb.exe' from 'C:\Users\Jose_Arrieta\AppData\Local\Android\Sdk\platform-tools\adb.exe'
[35m[AndroidDriver][39m Retrieving device list
[35m[AndroidDriver][39m Using device: ASJNW19409003146
[35m[ADB][39m Using 'adb.exe' from 'C:\Users\Jose_Arrieta\AppData\Local\Android\Sdk\platform-tools\adb.exe'
[35m[ADB][39m Getting device platform version
[35m[UiAutomator2][39m Relaxing hidden api policy
[35m[ADB][39m Package name: 'com.verticalapps.KonyMobileBanking'
[35m[ADB][39m Main activity name: 'com.verticalapps.KonyMobileBanking.KonyMobileBankin'
[35m[ADB][39m Using 'apksigner.jar' from 'C:\Users\Jose_Arrieta\AppData\Local\Android\Sdk\build-tools\32.1.0-rc1\lib\apksigner.jar'
[35m[ADB][39m 'C:\Users\Jose_Arrieta\AppData\Roaming\npm\node_modules\appium\node_modules\appium-uiautomator2-server\apks\appium-uiautomator2-server-v4.27.0.apk' is signed with the default certificate
[35m[ADB][39m 'C:\Users\Jose_Arrieta\AppData\Roaming\npm\node_modules\appium\node_modules\appium-uiautomator2-server\apks\appium-uiautomator2-server-debug-androidTest.apk' is signed with the default certificate
[35m[UiAutomator2][39m Server packages are not going to be (re)installed
[35m[ADB][39m Adding packages ["io.appium.settings","io.appium.uiautomator2.server","io.appium.uiautomator2.server.test"] to Doze whitelist
[35m[ADB][39m 'C:\Users\Jose_Arrieta\Desktop\JA\Proyectos\Automatizacion de pruebas\APK para inicio\crtopyinfinitymobilebanking-release (8).apk' is signed with a non-default certificate
[35m[ADB][39m The application at 'C:\Users\Jose_Arrieta\Desktop\JA\Proyectos\Automatizacion de pruebas\APK para inicio\crtopyinfinitymobilebanking-release (8).apk' will not be cached, because the device under test has confirmed the support of streamed installs
[35m[ADB][39m The installation of 'crtopyinfinitymobilebanking-release (8).apk' took 36807ms
[35m[UiAutomator2][39m Starting UIAutomator2 server 4.27.0
[35m[UiAutomator2][39m Using UIAutomator2 server from 'C:\Users\Jose_Arrieta\AppData\Roaming\npm\node_modules\appium\node_modules\appium-uiautomator2-server\apks\appium-uiautomator2-server-v4.27.0.apk' and test from 'C:\Users\Jose_Arrieta\AppData\Roaming\npm\node_modules\appium\node_modules\appium-uiautomator2-server\apks\appium-uiautomator2-server-debug-androidTest.apk'
[35m[UiAutomator2][39m Waiting up to 30000ms for UiAutomator2 to be online...
[35m[WD Proxy][39m socket hang up
[35m[WD Proxy][39m socket hang up
[35m[WD Proxy][39m socket hang up
[35m[WD Proxy][39m socket hang up
[35m[WD Proxy][39m socket hang up
[35m[WD Proxy][39m socket hang up
[35m[WD Proxy][39m socket hang up
[35m[WD Proxy][39m socket hang up
[35m[WD Proxy][39m socket hang up
[35m[WD Proxy][39m Determined the downstream protocol as 'W3C'
[35m[AndroidDriver][39m Screen already unlocked, doing nothing
[35m[UiAutomator2][39m Starting 'com.verticalapps.KonyMobileBanking/com.verticalapps.KonyMobileBanking.KonyMobileBankin and waiting for 'com.verticalapps.KonyMobileBanking/com.verticalapps.KonyMobileBanking.KonyMobileBankin'
[35m[Appium][39m New AndroidUiautomator2Driver session created successfully, session bb49ba2d-e133-4485-b028-045722a3f651 added to master session list
[35m[HTTP][39m [37m<-- POST /wd/hub/session [39m[32m200[39m [90m55822 ms - 1479[39m
[35m[HTTP][39m [90m[39m
[35m[HTTP][39m [37m-->[39m [37mGET[39m [37m/wd/hub/session/bb49ba2d-e133-4485-b028-045722a3f651[39m
[35m[HTTP][39m [90m{}[39m
[35m[HTTP][39m [37m<-- GET /wd/hub/session/bb49ba2d-e133-4485-b028-045722a3f651 [39m[32m200[39m [90m26 ms - 1433[39m
[35m[HTTP][39m [90m[39m
[35m[HTTP][39m [37m-->[39m [37mGET[39m [37m/wd/hub/session/bb49ba2d-e133-4485-b028-045722a3f651[39m
[35m[HTTP][39m [90m{}[39m
[35m[HTTP][39m [37m<-- GET /wd/hub/session/bb49ba2d-e133-4485-b028-045722a3f651 [39m[32m200[39m [90m26 ms - 1433[39m
[35m[HTTP][39m [90m[39m
[35m[HTTP][39m [37m-->[39m [37mGET[39m [37m/wd/hub/status[39m
[35m[HTTP][39m [90m{}[39m
[35m[HTTP][39m [37m<-- GET /wd/hub/status [39m[32m200[39m [90m1 ms - 68[39m
[35m[HTTP][39m [90m[39m
[35m[HTTP][39m [37m-->[39m [37mPOST[39m [37m/wd/hub/session/bb49ba2d-e133-4485-b028-045722a3f651/timeouts[39m
[35m[HTTP][39m [90m{"implicit":30000}[39m
[35m[HTTP][39m [37m<-- POST /wd/hub/session/bb49ba2d-e133-4485-b028-045722a3f651/timeouts [39m[32m200[39m [90m2 ms - 14[39m
[35m[HTTP][39m [90m[39m
[35m[HTTP][39m [37m-->[39m [37mGET[39m [37m/wd/hub/session/bb49ba2d-e133-4485-b028-045722a3f651/screenshot[39m
[35m[HTTP][39m [90m{}[39m
[35m[HTTP][39m [37m<-- GET /wd/hub/session/bb49ba2d-e133-4485-b028-045722a3f651/screenshot [39m[32m200[39m [90m853 ms - 51908[39m
[35m[HTTP][39m [90m[39m
[35m[HTTP][39m [37m-->[39m [37mGET[39m [37m/wd/hub/session/bb49ba2d-e133-4485-b028-045722a3f651/window/rect[39m
[35m[HTTP][39m [90m{}[39m
[35m[HTTP][39m [37m<-- GET /wd/hub/session/bb49ba2d-e133-4485-b028-045722a3f651/window/rect [39m[32m200[39m [90m39 ms - 49[39m
[35m[HTTP][39m [90m[39m
[35m[HTTP][39m [37m-->[39m [37mGET[39m [37m/wd/hub/session/bb49ba2d-e133-4485-b028-045722a3f651/appium/device/system_bars[39m
[35m[HTTP][39m [90m{}[39m
[35m[HTTP][39m [37m<-- GET /wd/hub/session/bb49ba2d-e133-4485-b028-045722a3f651/appium/device/system_bars [39m[32m200[39m [90m128 ms - 145[39m
[35m[HTTP][39m [90m[39m
[35m[HTTP][39m [37m-->[39m [37mPOST[39m [37m/wd/hub/session/bb49ba2d-e133-4485-b028-045722a3f651/timeouts[39m
[35m[HTTP][39m [90m{"implicit":50}[39m
[35m[HTTP][39m [37m<-- POST /wd/hub/session/bb49ba2d-e133-4485-b028-045722a3f651/timeouts [39m[32m200[39m [90m2 ms - 14[39m
[35m[HTTP][39m [90m[39m
[35m[HTTP][39m [37m-->[39m [37mGET[39m [37m/wd/hub/session/bb49ba2d-e133-4485-b028-045722a3f651/window/rect[39m
[35m[HTTP][39m [90m{}[39m
[35m[HTTP][39m [37m<-- GET /wd/hub/session/bb49ba2d-e133-4485-b028-045722a3f651/window/rect [39m[32m200[39m [90m55 ms - 49[39m
[35m[HTTP][39m [90m[39m
[35m[HTTP][39m [37m-->[39m [37mPOST[39m [37m/wd/hub/session/bb49ba2d-e133-4485-b028-045722a3f651/elements[39m
[35m[HTTP][39m [90m{"using":"xpath","value":"//*[@class = 'android.widget.EditText' and (@text = '' or . = '') and @resource-id = 'com.verticalapps.KonyMobileBanking:id/tbxUsername']"}[39m
[35m[HTTP][39m [37m<-- POST /wd/hub/session/bb49ba2d-e133-4485-b028-045722a3f651/elements [39m[32m200[39m [90m1717 ms - 139[39m
[35m[HTTP][39m [90m[39m
[35m[HTTP][39m [37m-->[39m [37mGET[39m [37m/wd/hub/session/bb49ba2d-e133-4485-b028-045722a3f651/element/00000000-0000-11de-ffff-ffff00000028/location[39m
[35m[HTTP][39m [90m{}[39m
[35m[W3C (bb49ba2d)][39m Driver proxy active, passing request on via HTTP proxy
[35m[WD Proxy][39m Replacing sessionId da4f3ef1-e626-4069-9359-e0bf33337f6d with bb49ba2d-e133-4485-b028-045722a3f651
[35m[HTTP][39m [37m<-- GET /wd/hub/session/bb49ba2d-e133-4485-b028-045722a3f651/element/00000000-0000-11de-ffff-ffff00000028/location [39m[32m200[39m [90m41 ms - 77[39m
[35m[HTTP][39m [90m[39m
[35m[HTTP][39m [37m-->[39m [37mPOST[39m [37m/wd/hub/session/bb49ba2d-e133-4485-b028-045722a3f651/timeouts[39m
[35m[HTTP][39m [90m{"implicit":30000}[39m
[35m[HTTP][39m [37m<-- POST /wd/hub/session/bb49ba2d-e133-4485-b028-045722a3f651/timeouts [39m[32m200[39m [90m1 ms - 14[39m
[35m[HTTP][39m [90m[39m
[35m[HTTP][39m [37m-->[39m [37mPOST[39m [37m/wd/hub/session/bb49ba2d-e133-4485-b028-045722a3f651/element/00000000-0000-11de-ffff-ffff00000028/value[39m
[35m[HTTP][39m [90m{"id":"00000000-0000-11de-ffff-ffff00000028","text":"0994391003","value":["0","9","9","4","3","9","1","0","0","3"]}[39m
[35m[HTTP][39m [37m<-- POST /wd/hub/session/bb49ba2d-e133-4485-b028-045722a3f651/element/00000000-0000-11de-ffff-ffff00000028/value [39m[32m200[39m [90m579 ms - 14[39m
[35m[HTTP][39m [90m[39m
[35m[HTTP][39m [37m-->[39m [37mPOST[39m [37m/wd/hub/session/bb49ba2d-e133-4485-b028-045722a3f651/timeouts[39m
[35m[HTTP][39m [90m{"implicit":50}[39m
[35m[HTTP][39m [37m<-- POST /wd/hub/session/bb49ba2d-e133-4485-b028-045722a3f651/timeouts [39m[32m200[39m [90m1 ms - 14[39m
[35m[HTTP][39m [90m[39m
[35m[HTTP][39m [37m-->[39m [37mGET[39m [37m/wd/hub/session/bb49ba2d-e133-4485-b028-045722a3f651/window/rect[39m
[35m[HTTP][39m [90m{}[39m
[35m[HTTP][39m [37m<-- GET /wd/hub/session/bb49ba2d-e133-4485-b028-045722a3f651/window/rect [39m[32m200[39m [90m43 ms - 49[39m
[35m[HTTP][39m [90m[39m
[35m[HTTP][39m [37m-->[39m [37mPOST[39m [37m/wd/hub/session/bb49ba2d-e133-4485-b028-045722a3f651/elements[39m
[35m[HTTP][39m [90m{"using":"xpath","value":"//*[@class = 'android.widget.EditText' and @resource-id = 'com.verticalapps.KonyMobileBanking:id/tbxPassword' and (@text = '' or . = '')]"}[39m
[35m[HTTP][39m [37m<-- POST /wd/hub/session/bb49ba2d-e133-4485-b028-045722a3f651/elements [39m[32m200[39m [90m1189 ms - 139[39m
[35m[HTTP][39m [90m[39m
[35m[HTTP][39m [37m-->[39m [37mGET[39m [37m/wd/hub/session/bb49ba2d-e133-4485-b028-045722a3f651/element/00000000-0000-11de-ffff-ffff0000002a/location[39m
[35m[HTTP][39m [90m{}[39m
[35m[W3C (bb49ba2d)][39m Driver proxy active, passing request on via HTTP proxy
[35m[WD Proxy][39m Replacing sessionId da4f3ef1-e626-4069-9359-e0bf33337f6d with bb49ba2d-e133-4485-b028-045722a3f651
[35m[HTTP][39m [37m<-- GET /wd/hub/session/bb49ba2d-e133-4485-b028-045722a3f651/element/00000000-0000-11de-ffff-ffff0000002a/location [39m[32m200[39m [90m36 ms - 77[39m
[35m[HTTP][39m [90m[39m
[35m[HTTP][39m [37m-->[39m [37mPOST[39m [37m/wd/hub/session/bb49ba2d-e133-4485-b028-045722a3f651/timeouts[39m
[35m[HTTP][39m [90m{"implicit":30000}[39m
[35m[HTTP][39m [37m<-- POST /wd/hub/session/bb49ba2d-e133-4485-b028-045722a3f651/timeouts [39m[32m200[39m [90m6 ms - 14[39m
[35m[HTTP][39m [90m[39m
[35m[HTTP][39m [37m-->[39m [37mPOST[39m [37m/wd/hub/session/bb49ba2d-e133-4485-b028-045722a3f651/element/00000000-0000-11de-ffff-ffff0000002a/clear[39m
[35m[HTTP][39m [90m{"id":"00000000-0000-11de-ffff-ffff0000002a"}[39m
[35m[HTTP][39m [37m<-- POST /wd/hub/session/bb49ba2d-e133-4485-b028-045722a3f651/element/00000000-0000-11de-ffff-ffff0000002a/clear [39m[32m200[39m [90m44 ms - 14[39m
[35m[HTTP][39m [90m[39m
[35m[HTTP][39m [37m-->[39m [37mPOST[39m [37m/wd/hub/session/bb49ba2d-e133-4485-b028-045722a3f651/element/00000000-0000-11de-ffff-ffff0000002a/value[39m
[35m[HTTP][39m [90m{"id":"00000000-0000-11de-ffff-ffff0000002a","text":"Kony!12345","value":["K","o","n","y","!","1","2","3","4","5"]}[39m
[35m[HTTP][39m [37m<-- POST /wd/hub/session/bb49ba2d-e133-4485-b028-045722a3f651/element/00000000-0000-11de-ffff-ffff0000002a/value [39m[32m200[39m [90m531 ms - 14[39m
[35m[HTTP][39m [90m[39m
[35m[HTTP][39m [37m-->[39m [37mPOST[39m [37m/wd/hub/session/bb49ba2d-e133-4485-b028-045722a3f651/timeouts[39m
[35m[HTTP][39m [90m{"implicit":50}[39m
[35m[HTTP][39m [37m<-- POST /wd/hub/session/bb49ba2d-e133-4485-b028-045722a3f651/timeouts [39m[32m200[39m [90m1 ms - 14[39m
[35m[HTTP][39m [90m[39m
[35m[HTTP][39m [37m-->[39m [37mGET[39m [37m/wd/hub/session/bb49ba2d-e133-4485-b028-045722a3f651/window/rect[39m
[35m[HTTP][39m [90m{}[39m
[35m[HTTP][39m [37m<-- GET /wd/hub/session/bb49ba2d-e133-4485-b028-045722a3f651/window/rect [39m[32m200[39m [90m39 ms - 49[39m
[35m[HTTP][39m [90m[39m
[35m[HTTP][39m [37m-->[39m [37mPOST[39m [37m/wd/hub/session/bb49ba2d-e133-4485-b028-045722a3f651/elements[39m
[35m[HTTP][39m [90m{"using":"xpath","value":"//*[@class = 'android.widget.Button' and (@text = 'Ingresar' or . = 'Ingresar') and @resource-id = 'com.verticalapps.KonyMobileBanking:id/btnLogIn']"}[39m
[35m[HTTP][39m [37m<-- POST /wd/hub/session/bb49ba2d-e133-4485-b028-045722a3f651/elements [39m[32m200[39m [90m1083 ms - 139[39m
[35m[HTTP][39m [90m[39m
[35m[HTTP][39m [37m-->[39m [37mGET[39m [37m/wd/hub/session/bb49ba2d-e133-4485-b028-045722a3f651/element/00000000-0000-11de-ffff-ffff0000002e/location[39m
[35m[HTTP][39m [90m{}[39m
[35m[W3C (bb49ba2d)][39m Driver proxy active, passing request on via HTTP proxy
[35m[WD Proxy][39m Replacing sessionId da4f3ef1-e626-4069-9359-e0bf33337f6d with bb49ba2d-e133-4485-b028-045722a3f651
[35m[HTTP][39m [37m<-- GET /wd/hub/session/bb49ba2d-e133-4485-b028-045722a3f651/element/00000000-0000-11de-ffff-ffff0000002e/location [39m[32m200[39m [90m34 ms - 77[39m
[35m[HTTP][39m [90m[39m
[35m[HTTP][39m [37m-->[39m [37mPOST[39m [37m/wd/hub/session/bb49ba2d-e133-4485-b028-045722a3f651/timeouts[39m
[35m[HTTP][39m [90m{"implicit":30000}[39m
[35m[HTTP][39m [37m<-- POST /wd/hub/session/bb49ba2d-e133-4485-b028-045722a3f651/timeouts [39m[32m200[39m [90m1 ms - 14[39m
[35m[HTTP][39m [90m[39m
[35m[HTTP][39m [37m-->[39m [37mPOST[39m [37m/wd/hub/session/bb49ba2d-e133-4485-b028-045722a3f651/element/00000000-0000-11de-ffff-ffff0000002e/click[39m
[35m[HTTP][39m [90m{"id":"00000000-0000-11de-ffff-ffff0000002e"}[39m
[35m[HTTP][39m [37m<-- POST /wd/hub/session/bb49ba2d-e133-4485-b028-045722a3f651/element/00000000-0000-11de-ffff-ffff0000002e/click [39m[32m200[39m [90m62 ms - 14[39m
[35m[HTTP][39m [90m[39m
[35m[HTTP][39m [37m-->[39m [37mDELETE[39m [37m/wd/hub/session/bb49ba2d-e133-4485-b028-045722a3f651[39m
[35m[HTTP][39m [90m{}[39m
[35m[Appium][39m Removing session bb49ba2d-e133-4485-b028-045722a3f651 from our master session list
[35m[UiAutomator2][39m Restoring hidden api policy to the device default configuration
[35m[HTTP][39m [37m<-- DELETE /wd/hub/session/bb49ba2d-e133-4485-b028-045722a3f651 [39m[32m200[39m [90m871 ms - 14[39m
[35m[HTTP][39m [90m[39m
