<?xml version="1.0" encoding="UTF-8" standalone="no"?>
<!DOCTYPE log SYSTEM "logger.dtd">
<log>
<record>
  <date>2022-05-24T00:50:50</date>
  <millis>1653367850416</millis>
  <sequence>0</sequence>
  <level>START</level>
  <class>com.kms.katalon.core.logging.XmlKeywordLogger</class>
  <method>startSuite</method>
  <thread>1</thread>
  <message>Start Test Suite : Test Suites/Sprint 1/09 HU-Mis tarjetas</message>
  <nestedLevel>0</nestedLevel>
  <escapedJava>false</escapedJava>
  <property name="rerunTestFailImmediately">true</property>
  <property name="retryCount">3</property>
  <property name="name">09 HU-Mis tarjetas</property>
  <property name="description"></property>
  <property name="id">Test Suites/Sprint 1/09 HU-Mis tarjetas</property>
</record>
<record>
  <date>2022-05-24T00:50:50</date>
  <millis>1653367850434</millis>
  <sequence>1</sequence>
  <level>RUN_DATA</level>
  <class>com.kms.katalon.core.logging.XmlKeywordLogger</class>
  <method>logMessage</method>
  <thread>1</thread>
  <message>hostName = Jose_Arrieta - Jose-Arrieta</message>
  <nestedLevel>0</nestedLevel>
  <escapedJava>false</escapedJava>
  <property name="hostName">Jose_Arrieta - Jose-Arrieta</property>
</record>
<record>
  <date>2022-05-24T00:50:50</date>
  <millis>1653367850435</millis>
  <sequence>2</sequence>
  <level>RUN_DATA</level>
  <class>com.kms.katalon.core.logging.XmlKeywordLogger</class>
  <method>logMessage</method>
  <thread>1</thread>
  <message>os = Windows 10 64bit</message>
  <nestedLevel>0</nestedLevel>
  <escapedJava>false</escapedJava>
  <property name="os">Windows 10 64bit</property>
</record>
<record>
  <date>2022-05-24T00:50:50</date>
  <millis>1653367850436</millis>
  <sequence>3</sequence>
  <level>RUN_DATA</level>
  <class>com.kms.katalon.core.logging.XmlKeywordLogger</class>
  <method>logMessage</method>
  <thread>1</thread>
  <message>hostAddress = 192.168.0.103</message>
  <nestedLevel>0</nestedLevel>
  <escapedJava>false</escapedJava>
  <property name="hostAddress">192.168.0.103</property>
</record>
<record>
  <date>2022-05-24T00:50:50</date>
  <millis>1653367850436</millis>
  <sequence>4</sequence>
  <level>RUN_DATA</level>
  <class>com.kms.katalon.core.logging.XmlKeywordLogger</class>
  <method>logMessage</method>
  <thread>1</thread>
  <message>katalonVersion = 8.3.0.208</message>
  <nestedLevel>0</nestedLevel>
  <escapedJava>false</escapedJava>
  <property name="katalonVersion">8.3.0.208</property>
</record>
<record>
  <date>2022-05-24T00:50:50</date>
  <millis>1653367850746</millis>
  <sequence>5</sequence>
  <level>START</level>
  <class>com.kms.katalon.core.logging.XmlKeywordLogger</class>
  <method>startTest</method>
  <thread>1</thread>
  <message>Start Test Case : Test Cases/Sprint 1/09HU-Mis tarjetas/110 Estructura de la pantalla - Administrar tarjetas Pantalla Principal Adm. Tarjetas</message>
  <nestedLevel>1</nestedLevel>
  <escapedJava>false</escapedJava>
  <property name="remainingRetryCount">3</property>
  <property name="name">Test Cases/Sprint 1/09HU-Mis tarjetas/110 Estructura de la pantalla - Administrar tarjetas Pantalla Principal Adm. Tarjetas</property>
  <property name="description"></property>
  <property name="iteration"></property>
  <property name="id">Test Cases/Sprint 1/09HU-Mis tarjetas/110 Estructura de la pantalla - Administrar tarjetas Pantalla Principal Adm. Tarjetas</property>
  <property name="source">C:\Users\Jose_Arrieta\git\UENO-App-Android\UENO-App-Android\Test Cases\Sprint 1\09HU-Mis tarjetas\110 Estructura de la pantalla - Administrar tarjetas Pantalla Principal Adm. Tarjetas.tc</property>
  <property name="tag">TET-982</property>
  <property name="isOptional">false</property>
  <property name="currentRetryCount">0</property>
</record>
<record>
  <date>2022-05-24T00:50:51</date>
  <millis>1653367851223</millis>
  <sequence>7</sequence>
  <level>START</level>
  <class>com.kms.katalon.core.logging.XmlKeywordLogger</class>
  <method>startKeyword</method>
  <thread>1</thread>
  <message>Start action : return null</message>
  <nestedLevel>1</nestedLevel>
  <escapedJava>false</escapedJava>
  <property name="startLine">-1</property>
  <property name="stepIndex">1</property>
</record>
<record>
  <date>2022-05-24T00:50:51</date>
  <millis>1653367851225</millis>
  <sequence>8</sequence>
  <level>END</level>
  <class>com.kms.katalon.core.logging.XmlKeywordLogger</class>
  <method>endKeyword</method>
  <thread>1</thread>
  <message>End action : return null</message>
  <nestedLevel>1</nestedLevel>
  <escapedJava>false</escapedJava>
</record>
<record>
  <date>2022-05-24T00:50:51</date>
  <millis>1653367851229</millis>
  <sequence>9</sequence>
  <level>PASSED</level>
  <class>com.kms.katalon.core.logging.XmlKeywordLogger</class>
  <method>logMessage</method>
  <thread>1</thread>
  <message>Test Cases/Sprint 1/09HU-Mis tarjetas/110 Estructura de la pantalla - Administrar tarjetas Pantalla Principal Adm. Tarjetas</message>
  <nestedLevel>1</nestedLevel>
  <escapedJava>false</escapedJava>
</record>
<record>
  <date>2022-05-24T00:50:51</date>
  <millis>1653367851230</millis>
  <sequence>10</sequence>
  <level>END</level>
  <class>com.kms.katalon.core.logging.XmlKeywordLogger</class>
  <method>endTest</method>
  <thread>1</thread>
  <message>End Test Case : Test Cases/Sprint 1/09HU-Mis tarjetas/110 Estructura de la pantalla - Administrar tarjetas Pantalla Principal Adm. Tarjetas</message>
  <nestedLevel>0</nestedLevel>
  <escapedJava>false</escapedJava>
  <property name="executionBindingVariables">[]</property>
  <property name="remainingRetryCount">3</property>
  <property name="currentRetryCount">0</property>
  <property name="keywordsUsage">{
  &quot;web_ui&quot;: false,
  &quot;web_service&quot;: false,
  &quot;cucumber&quot;: false,
  &quot;builtin&quot;: false,
  &quot;mobile&quot;: false,
  &quot;windows&quot;: false,
  &quot;testng&quot;: false
}</property>
</record>
<record>
  <date>2022-05-24T00:50:51</date>
  <millis>1653367851247</millis>
  <sequence>11</sequence>
  <level>START</level>
  <class>com.kms.katalon.core.logging.XmlKeywordLogger</class>
  <method>startTest</method>
  <thread>1</thread>
  <message>Start Test Case : Test Cases/Sprint 1/09HU-Mis tarjetas/111 Carrusel - Administrar tarjetas Pantalla Principal Adm. Tarjetas</message>
  <nestedLevel>1</nestedLevel>
  <escapedJava>false</escapedJava>
  <property name="remainingRetryCount">3</property>
  <property name="name">Test Cases/Sprint 1/09HU-Mis tarjetas/111 Carrusel - Administrar tarjetas Pantalla Principal Adm. Tarjetas</property>
  <property name="description"></property>
  <property name="iteration"></property>
  <property name="id">Test Cases/Sprint 1/09HU-Mis tarjetas/111 Carrusel - Administrar tarjetas Pantalla Principal Adm. Tarjetas</property>
  <property name="source">C:\Users\Jose_Arrieta\git\UENO-App-Android\UENO-App-Android\Test Cases\Sprint 1\09HU-Mis tarjetas\111 Carrusel - Administrar tarjetas Pantalla Principal Adm. Tarjetas.tc</property>
  <property name="tag">TET-981</property>
  <property name="isOptional">false</property>
  <property name="currentRetryCount">0</property>
</record>
<record>
  <date>2022-05-24T00:50:51</date>
  <millis>1653367851658</millis>
  <sequence>13</sequence>
  <level>START</level>
  <class>com.kms.katalon.core.logging.XmlKeywordLogger</class>
  <method>startKeyword</method>
  <thread>1</thread>
  <message>Start action : return null</message>
  <nestedLevel>1</nestedLevel>
  <escapedJava>false</escapedJava>
  <property name="startLine">-1</property>
  <property name="stepIndex">1</property>
</record>
<record>
  <date>2022-05-24T00:50:51</date>
  <millis>1653367851659</millis>
  <sequence>14</sequence>
  <level>END</level>
  <class>com.kms.katalon.core.logging.XmlKeywordLogger</class>
  <method>endKeyword</method>
  <thread>1</thread>
  <message>End action : return null</message>
  <nestedLevel>1</nestedLevel>
  <escapedJava>false</escapedJava>
</record>
<record>
  <date>2022-05-24T00:50:51</date>
  <millis>1653367851659</millis>
  <sequence>15</sequence>
  <level>PASSED</level>
  <class>com.kms.katalon.core.logging.XmlKeywordLogger</class>
  <method>logMessage</method>
  <thread>1</thread>
  <message>Test Cases/Sprint 1/09HU-Mis tarjetas/111 Carrusel - Administrar tarjetas Pantalla Principal Adm. Tarjetas</message>
  <nestedLevel>1</nestedLevel>
  <escapedJava>false</escapedJava>
</record>
<record>
  <date>2022-05-24T00:50:51</date>
  <millis>1653367851660</millis>
  <sequence>16</sequence>
  <level>END</level>
  <class>com.kms.katalon.core.logging.XmlKeywordLogger</class>
  <method>endTest</method>
  <thread>1</thread>
  <message>End Test Case : Test Cases/Sprint 1/09HU-Mis tarjetas/111 Carrusel - Administrar tarjetas Pantalla Principal Adm. Tarjetas</message>
  <nestedLevel>0</nestedLevel>
  <escapedJava>false</escapedJava>
  <property name="executionBindingVariables">[]</property>
  <property name="remainingRetryCount">3</property>
  <property name="currentRetryCount">0</property>
  <property name="keywordsUsage">{
  &quot;web_ui&quot;: false,
  &quot;web_service&quot;: false,
  &quot;cucumber&quot;: false,
  &quot;builtin&quot;: false,
  &quot;mobile&quot;: false,
  &quot;windows&quot;: false,
  &quot;testng&quot;: false
}</property>
</record>
<record>
  <date>2022-05-24T00:50:51</date>
  <millis>1653367851676</millis>
  <sequence>17</sequence>
  <level>START</level>
  <class>com.kms.katalon.core.logging.XmlKeywordLogger</class>
  <method>startTest</method>
  <thread>1</thread>
  <message>Start Test Case : Test Cases/Sprint 1/09HU-Mis tarjetas/112 La pestaña Movimientos - Administrar tarjetas Pantalla Principal Adm. Tarjetas</message>
  <nestedLevel>1</nestedLevel>
  <escapedJava>false</escapedJava>
  <property name="remainingRetryCount">3</property>
  <property name="name">Test Cases/Sprint 1/09HU-Mis tarjetas/112 La pestaña Movimientos - Administrar tarjetas Pantalla Principal Adm. Tarjetas</property>
  <property name="description"></property>
  <property name="iteration"></property>
  <property name="id">Test Cases/Sprint 1/09HU-Mis tarjetas/112 La pestaña Movimientos - Administrar tarjetas Pantalla Principal Adm. Tarjetas</property>
  <property name="source">C:\Users\Jose_Arrieta\git\UENO-App-Android\UENO-App-Android\Test Cases\Sprint 1\09HU-Mis tarjetas\112 La pestaña Movimientos - Administrar tarjetas Pantalla Principal Adm. Tarjetas.tc</property>
  <property name="tag">TET-980</property>
  <property name="isOptional">false</property>
  <property name="currentRetryCount">0</property>
</record>
<record>
  <date>2022-05-24T00:50:52</date>
  <millis>1653367852038</millis>
  <sequence>19</sequence>
  <level>START</level>
  <class>com.kms.katalon.core.logging.XmlKeywordLogger</class>
  <method>startKeyword</method>
  <thread>1</thread>
  <message>Start action : return null</message>
  <nestedLevel>1</nestedLevel>
  <escapedJava>false</escapedJava>
  <property name="startLine">-1</property>
  <property name="stepIndex">1</property>
</record>
<record>
  <date>2022-05-24T00:50:52</date>
  <millis>1653367852038</millis>
  <sequence>20</sequence>
  <level>END</level>
  <class>com.kms.katalon.core.logging.XmlKeywordLogger</class>
  <method>endKeyword</method>
  <thread>1</thread>
  <message>End action : return null</message>
  <nestedLevel>1</nestedLevel>
  <escapedJava>false</escapedJava>
</record>
<record>
  <date>2022-05-24T00:50:52</date>
  <millis>1653367852039</millis>
  <sequence>21</sequence>
  <level>PASSED</level>
  <class>com.kms.katalon.core.logging.XmlKeywordLogger</class>
  <method>logMessage</method>
  <thread>1</thread>
  <message>Test Cases/Sprint 1/09HU-Mis tarjetas/112 La pestaña Movimientos - Administrar tarjetas Pantalla Principal Adm. Tarjetas</message>
  <nestedLevel>1</nestedLevel>
  <escapedJava>false</escapedJava>
</record>
<record>
  <date>2022-05-24T00:50:52</date>
  <millis>1653367852039</millis>
  <sequence>22</sequence>
  <level>END</level>
  <class>com.kms.katalon.core.logging.XmlKeywordLogger</class>
  <method>endTest</method>
  <thread>1</thread>
  <message>End Test Case : Test Cases/Sprint 1/09HU-Mis tarjetas/112 La pestaña Movimientos - Administrar tarjetas Pantalla Principal Adm. Tarjetas</message>
  <nestedLevel>0</nestedLevel>
  <escapedJava>false</escapedJava>
  <property name="executionBindingVariables">[]</property>
  <property name="remainingRetryCount">3</property>
  <property name="currentRetryCount">0</property>
  <property name="keywordsUsage">{
  &quot;web_ui&quot;: false,
  &quot;web_service&quot;: false,
  &quot;cucumber&quot;: false,
  &quot;builtin&quot;: false,
  &quot;mobile&quot;: false,
  &quot;windows&quot;: false,
  &quot;testng&quot;: false
}</property>
</record>
<record>
  <date>2022-05-24T00:50:52</date>
  <millis>1653367852049</millis>
  <sequence>23</sequence>
  <level>START</level>
  <class>com.kms.katalon.core.logging.XmlKeywordLogger</class>
  <method>startTest</method>
  <thread>1</thread>
  <message>Start Test Case : Test Cases/Sprint 1/09HU-Mis tarjetas/113 La pestaña Opciones - Administrar tarjetas Pantalla Principal Adm. Tarjetas</message>
  <nestedLevel>1</nestedLevel>
  <escapedJava>false</escapedJava>
  <property name="remainingRetryCount">3</property>
  <property name="name">Test Cases/Sprint 1/09HU-Mis tarjetas/113 La pestaña Opciones - Administrar tarjetas Pantalla Principal Adm. Tarjetas</property>
  <property name="description"></property>
  <property name="iteration"></property>
  <property name="id">Test Cases/Sprint 1/09HU-Mis tarjetas/113 La pestaña Opciones - Administrar tarjetas Pantalla Principal Adm. Tarjetas</property>
  <property name="source">C:\Users\Jose_Arrieta\git\UENO-App-Android\UENO-App-Android\Test Cases\Sprint 1\09HU-Mis tarjetas\113 La pestaña Opciones - Administrar tarjetas Pantalla Principal Adm. Tarjetas.tc</property>
  <property name="tag">TET-979</property>
  <property name="isOptional">false</property>
  <property name="currentRetryCount">0</property>
</record>
<record>
  <date>2022-05-24T00:50:52</date>
  <millis>1653367852401</millis>
  <sequence>25</sequence>
  <level>START</level>
  <class>com.kms.katalon.core.logging.XmlKeywordLogger</class>
  <method>startKeyword</method>
  <thread>1</thread>
  <message>Start action : return null</message>
  <nestedLevel>1</nestedLevel>
  <escapedJava>false</escapedJava>
  <property name="startLine">-1</property>
  <property name="stepIndex">1</property>
</record>
<record>
  <date>2022-05-24T00:50:52</date>
  <millis>1653367852402</millis>
  <sequence>26</sequence>
  <level>END</level>
  <class>com.kms.katalon.core.logging.XmlKeywordLogger</class>
  <method>endKeyword</method>
  <thread>1</thread>
  <message>End action : return null</message>
  <nestedLevel>1</nestedLevel>
  <escapedJava>false</escapedJava>
</record>
<record>
  <date>2022-05-24T00:50:52</date>
  <millis>1653367852402</millis>
  <sequence>27</sequence>
  <level>PASSED</level>
  <class>com.kms.katalon.core.logging.XmlKeywordLogger</class>
  <method>logMessage</method>
  <thread>1</thread>
  <message>Test Cases/Sprint 1/09HU-Mis tarjetas/113 La pestaña Opciones - Administrar tarjetas Pantalla Principal Adm. Tarjetas</message>
  <nestedLevel>1</nestedLevel>
  <escapedJava>false</escapedJava>
</record>
<record>
  <date>2022-05-24T00:50:52</date>
  <millis>1653367852403</millis>
  <sequence>28</sequence>
  <level>END</level>
  <class>com.kms.katalon.core.logging.XmlKeywordLogger</class>
  <method>endTest</method>
  <thread>1</thread>
  <message>End Test Case : Test Cases/Sprint 1/09HU-Mis tarjetas/113 La pestaña Opciones - Administrar tarjetas Pantalla Principal Adm. Tarjetas</message>
  <nestedLevel>0</nestedLevel>
  <escapedJava>false</escapedJava>
  <property name="executionBindingVariables">[]</property>
  <property name="remainingRetryCount">3</property>
  <property name="currentRetryCount">0</property>
  <property name="keywordsUsage">{
  &quot;web_ui&quot;: false,
  &quot;web_service&quot;: false,
  &quot;cucumber&quot;: false,
  &quot;builtin&quot;: false,
  &quot;mobile&quot;: false,
  &quot;windows&quot;: false,
  &quot;testng&quot;: false
}</property>
</record>
<record>
  <date>2022-05-24T00:50:52</date>
  <millis>1653367852418</millis>
  <sequence>29</sequence>
  <level>START</level>
  <class>com.kms.katalon.core.logging.XmlKeywordLogger</class>
  <method>startTest</method>
  <thread>1</thread>
  <message>Start Test Case : Test Cases/Sprint 1/09HU-Mis tarjetas/114 Falla de conexión - Administrar tarjetas Pantalla Principal Adm. Tarjetas</message>
  <nestedLevel>1</nestedLevel>
  <escapedJava>false</escapedJava>
  <property name="remainingRetryCount">3</property>
  <property name="name">Test Cases/Sprint 1/09HU-Mis tarjetas/114 Falla de conexión - Administrar tarjetas Pantalla Principal Adm. Tarjetas</property>
  <property name="description"></property>
  <property name="iteration"></property>
  <property name="id">Test Cases/Sprint 1/09HU-Mis tarjetas/114 Falla de conexión - Administrar tarjetas Pantalla Principal Adm. Tarjetas</property>
  <property name="source">C:\Users\Jose_Arrieta\git\UENO-App-Android\UENO-App-Android\Test Cases\Sprint 1\09HU-Mis tarjetas\114 Falla de conexión - Administrar tarjetas Pantalla Principal Adm. Tarjetas.tc</property>
  <property name="tag">TET-978</property>
  <property name="isOptional">false</property>
  <property name="currentRetryCount">0</property>
</record>
<record>
  <date>2022-05-24T00:50:52</date>
  <millis>1653367852800</millis>
  <sequence>31</sequence>
  <level>START</level>
  <class>com.kms.katalon.core.logging.XmlKeywordLogger</class>
  <method>startKeyword</method>
  <thread>1</thread>
  <message>Start action : return null</message>
  <nestedLevel>1</nestedLevel>
  <escapedJava>false</escapedJava>
  <property name="startLine">-1</property>
  <property name="stepIndex">1</property>
</record>
<record>
  <date>2022-05-24T00:50:52</date>
  <millis>1653367852801</millis>
  <sequence>32</sequence>
  <level>END</level>
  <class>com.kms.katalon.core.logging.XmlKeywordLogger</class>
  <method>endKeyword</method>
  <thread>1</thread>
  <message>End action : return null</message>
  <nestedLevel>1</nestedLevel>
  <escapedJava>false</escapedJava>
</record>
<record>
  <date>2022-05-24T00:50:52</date>
  <millis>1653367852801</millis>
  <sequence>33</sequence>
  <level>PASSED</level>
  <class>com.kms.katalon.core.logging.XmlKeywordLogger</class>
  <method>logMessage</method>
  <thread>1</thread>
  <message>Test Cases/Sprint 1/09HU-Mis tarjetas/114 Falla de conexión - Administrar tarjetas Pantalla Principal Adm. Tarjetas</message>
  <nestedLevel>1</nestedLevel>
  <escapedJava>false</escapedJava>
</record>
<record>
  <date>2022-05-24T00:50:52</date>
  <millis>1653367852802</millis>
  <sequence>34</sequence>
  <level>END</level>
  <class>com.kms.katalon.core.logging.XmlKeywordLogger</class>
  <method>endTest</method>
  <thread>1</thread>
  <message>End Test Case : Test Cases/Sprint 1/09HU-Mis tarjetas/114 Falla de conexión - Administrar tarjetas Pantalla Principal Adm. Tarjetas</message>
  <nestedLevel>0</nestedLevel>
  <escapedJava>false</escapedJava>
  <property name="executionBindingVariables">[]</property>
  <property name="remainingRetryCount">3</property>
  <property name="currentRetryCount">0</property>
  <property name="keywordsUsage">{
  &quot;web_ui&quot;: false,
  &quot;web_service&quot;: false,
  &quot;cucumber&quot;: false,
  &quot;builtin&quot;: false,
  &quot;mobile&quot;: false,
  &quot;windows&quot;: false,
  &quot;testng&quot;: false
}</property>
</record>
<record>
  <date>2022-05-24T00:50:52</date>
  <millis>1653367852812</millis>
  <sequence>35</sequence>
  <level>START</level>
  <class>com.kms.katalon.core.logging.XmlKeywordLogger</class>
  <method>startTest</method>
  <thread>1</thread>
  <message>Start Test Case : Test Cases/Sprint 1/09HU-Mis tarjetas/115 Flujo alterno - Administrar tarjetas Pantalla Principal Adm. Tarjetas</message>
  <nestedLevel>1</nestedLevel>
  <escapedJava>false</escapedJava>
  <property name="remainingRetryCount">3</property>
  <property name="name">Test Cases/Sprint 1/09HU-Mis tarjetas/115 Flujo alterno - Administrar tarjetas Pantalla Principal Adm. Tarjetas</property>
  <property name="description"></property>
  <property name="iteration"></property>
  <property name="id">Test Cases/Sprint 1/09HU-Mis tarjetas/115 Flujo alterno - Administrar tarjetas Pantalla Principal Adm. Tarjetas</property>
  <property name="source">C:\Users\Jose_Arrieta\git\UENO-App-Android\UENO-App-Android\Test Cases\Sprint 1\09HU-Mis tarjetas\115 Flujo alterno - Administrar tarjetas Pantalla Principal Adm. Tarjetas.tc</property>
  <property name="tag">TET-976</property>
  <property name="isOptional">false</property>
  <property name="currentRetryCount">0</property>
</record>
<record>
  <date>2022-05-24T00:50:53</date>
  <millis>1653367853192</millis>
  <sequence>37</sequence>
  <level>START</level>
  <class>com.kms.katalon.core.logging.XmlKeywordLogger</class>
  <method>startKeyword</method>
  <thread>1</thread>
  <message>Start action : return null</message>
  <nestedLevel>1</nestedLevel>
  <escapedJava>false</escapedJava>
  <property name="startLine">-1</property>
  <property name="stepIndex">1</property>
</record>
<record>
  <date>2022-05-24T00:50:53</date>
  <millis>1653367853192</millis>
  <sequence>38</sequence>
  <level>END</level>
  <class>com.kms.katalon.core.logging.XmlKeywordLogger</class>
  <method>endKeyword</method>
  <thread>1</thread>
  <message>End action : return null</message>
  <nestedLevel>1</nestedLevel>
  <escapedJava>false</escapedJava>
</record>
<record>
  <date>2022-05-24T00:50:53</date>
  <millis>1653367853192</millis>
  <sequence>39</sequence>
  <level>PASSED</level>
  <class>com.kms.katalon.core.logging.XmlKeywordLogger</class>
  <method>logMessage</method>
  <thread>1</thread>
  <message>Test Cases/Sprint 1/09HU-Mis tarjetas/115 Flujo alterno - Administrar tarjetas Pantalla Principal Adm. Tarjetas</message>
  <nestedLevel>1</nestedLevel>
  <escapedJava>false</escapedJava>
</record>
<record>
  <date>2022-05-24T00:50:53</date>
  <millis>1653367853193</millis>
  <sequence>40</sequence>
  <level>END</level>
  <class>com.kms.katalon.core.logging.XmlKeywordLogger</class>
  <method>endTest</method>
  <thread>1</thread>
  <message>End Test Case : Test Cases/Sprint 1/09HU-Mis tarjetas/115 Flujo alterno - Administrar tarjetas Pantalla Principal Adm. Tarjetas</message>
  <nestedLevel>0</nestedLevel>
  <escapedJava>false</escapedJava>
  <property name="executionBindingVariables">[]</property>
  <property name="remainingRetryCount">3</property>
  <property name="currentRetryCount">0</property>
  <property name="keywordsUsage">{
  &quot;web_ui&quot;: false,
  &quot;web_service&quot;: false,
  &quot;cucumber&quot;: false,
  &quot;builtin&quot;: false,
  &quot;mobile&quot;: false,
  &quot;windows&quot;: false,
  &quot;testng&quot;: false
}</property>
</record>
<record>
  <date>2022-05-24T00:50:53</date>
  <millis>1653367853205</millis>
  <sequence>41</sequence>
  <level>START</level>
  <class>com.kms.katalon.core.logging.XmlKeywordLogger</class>
  <method>startTest</method>
  <thread>1</thread>
  <message>Start Test Case : Test Cases/Sprint 1/09HU-Mis tarjetas/116 Falla de conexión - Pantalla Principal Mis tarjetas</message>
  <nestedLevel>1</nestedLevel>
  <escapedJava>false</escapedJava>
  <property name="remainingRetryCount">3</property>
  <property name="name">Test Cases/Sprint 1/09HU-Mis tarjetas/116 Falla de conexión - Pantalla Principal Mis tarjetas</property>
  <property name="description"></property>
  <property name="iteration"></property>
  <property name="id">Test Cases/Sprint 1/09HU-Mis tarjetas/116 Falla de conexión - Pantalla Principal Mis tarjetas</property>
  <property name="source">C:\Users\Jose_Arrieta\git\UENO-App-Android\UENO-App-Android\Test Cases\Sprint 1\09HU-Mis tarjetas\116 Falla de conexión - Pantalla Principal Mis tarjetas.tc</property>
  <property name="tag">TET-975</property>
  <property name="isOptional">false</property>
  <property name="currentRetryCount">0</property>
</record>
<record>
  <date>2022-05-24T00:50:53</date>
  <millis>1653367853552</millis>
  <sequence>43</sequence>
  <level>START</level>
  <class>com.kms.katalon.core.logging.XmlKeywordLogger</class>
  <method>startKeyword</method>
  <thread>1</thread>
  <message>Start action : return null</message>
  <nestedLevel>1</nestedLevel>
  <escapedJava>false</escapedJava>
  <property name="startLine">-1</property>
  <property name="stepIndex">1</property>
</record>
<record>
  <date>2022-05-24T00:50:53</date>
  <millis>1653367853553</millis>
  <sequence>44</sequence>
  <level>END</level>
  <class>com.kms.katalon.core.logging.XmlKeywordLogger</class>
  <method>endKeyword</method>
  <thread>1</thread>
  <message>End action : return null</message>
  <nestedLevel>1</nestedLevel>
  <escapedJava>false</escapedJava>
</record>
<record>
  <date>2022-05-24T00:50:53</date>
  <millis>1653367853553</millis>
  <sequence>45</sequence>
  <level>PASSED</level>
  <class>com.kms.katalon.core.logging.XmlKeywordLogger</class>
  <method>logMessage</method>
  <thread>1</thread>
  <message>Test Cases/Sprint 1/09HU-Mis tarjetas/116 Falla de conexión - Pantalla Principal Mis tarjetas</message>
  <nestedLevel>1</nestedLevel>
  <escapedJava>false</escapedJava>
</record>
<record>
  <date>2022-05-24T00:50:53</date>
  <millis>1653367853553</millis>
  <sequence>46</sequence>
  <level>END</level>
  <class>com.kms.katalon.core.logging.XmlKeywordLogger</class>
  <method>endTest</method>
  <thread>1</thread>
  <message>End Test Case : Test Cases/Sprint 1/09HU-Mis tarjetas/116 Falla de conexión - Pantalla Principal Mis tarjetas</message>
  <nestedLevel>0</nestedLevel>
  <escapedJava>false</escapedJava>
  <property name="executionBindingVariables">[]</property>
  <property name="remainingRetryCount">3</property>
  <property name="currentRetryCount">0</property>
  <property name="keywordsUsage">{
  &quot;web_ui&quot;: false,
  &quot;web_service&quot;: false,
  &quot;cucumber&quot;: false,
  &quot;builtin&quot;: false,
  &quot;mobile&quot;: false,
  &quot;windows&quot;: false,
  &quot;testng&quot;: false
}</property>
</record>
<record>
  <date>2022-05-24T00:50:53</date>
  <millis>1653367853563</millis>
  <sequence>47</sequence>
  <level>START</level>
  <class>com.kms.katalon.core.logging.XmlKeywordLogger</class>
  <method>startTest</method>
  <thread>1</thread>
  <message>Start Test Case : Test Cases/Sprint 1/09HU-Mis tarjetas/117 Barra de subtítulo Datos de la tarjeta - Pantalla Detalles de la tarjeta</message>
  <nestedLevel>1</nestedLevel>
  <escapedJava>false</escapedJava>
  <property name="remainingRetryCount">3</property>
  <property name="name">Test Cases/Sprint 1/09HU-Mis tarjetas/117 Barra de subtítulo Datos de la tarjeta - Pantalla Detalles de la tarjeta</property>
  <property name="description"></property>
  <property name="iteration"></property>
  <property name="id">Test Cases/Sprint 1/09HU-Mis tarjetas/117 Barra de subtítulo Datos de la tarjeta - Pantalla Detalles de la tarjeta</property>
  <property name="source">C:\Users\Jose_Arrieta\git\UENO-App-Android\UENO-App-Android\Test Cases\Sprint 1\09HU-Mis tarjetas\117 Barra de subtítulo Datos de la tarjeta - Pantalla Detalles de la tarjeta.tc</property>
  <property name="tag">TET-974</property>
  <property name="isOptional">false</property>
  <property name="currentRetryCount">0</property>
</record>
<record>
  <date>2022-05-24T00:50:53</date>
  <millis>1653367853959</millis>
  <sequence>49</sequence>
  <level>START</level>
  <class>com.kms.katalon.core.logging.XmlKeywordLogger</class>
  <method>startKeyword</method>
  <thread>1</thread>
  <message>Start action : return null</message>
  <nestedLevel>1</nestedLevel>
  <escapedJava>false</escapedJava>
  <property name="startLine">-1</property>
  <property name="stepIndex">1</property>
</record>
<record>
  <date>2022-05-24T00:50:53</date>
  <millis>1653367853960</millis>
  <sequence>50</sequence>
  <level>END</level>
  <class>com.kms.katalon.core.logging.XmlKeywordLogger</class>
  <method>endKeyword</method>
  <thread>1</thread>
  <message>End action : return null</message>
  <nestedLevel>1</nestedLevel>
  <escapedJava>false</escapedJava>
</record>
<record>
  <date>2022-05-24T00:50:53</date>
  <millis>1653367853960</millis>
  <sequence>51</sequence>
  <level>PASSED</level>
  <class>com.kms.katalon.core.logging.XmlKeywordLogger</class>
  <method>logMessage</method>
  <thread>1</thread>
  <message>Test Cases/Sprint 1/09HU-Mis tarjetas/117 Barra de subtítulo Datos de la tarjeta - Pantalla Detalles de la tarjeta</message>
  <nestedLevel>1</nestedLevel>
  <escapedJava>false</escapedJava>
</record>
<record>
  <date>2022-05-24T00:50:53</date>
  <millis>1653367853961</millis>
  <sequence>52</sequence>
  <level>END</level>
  <class>com.kms.katalon.core.logging.XmlKeywordLogger</class>
  <method>endTest</method>
  <thread>1</thread>
  <message>End Test Case : Test Cases/Sprint 1/09HU-Mis tarjetas/117 Barra de subtítulo Datos de la tarjeta - Pantalla Detalles de la tarjeta</message>
  <nestedLevel>0</nestedLevel>
  <escapedJava>false</escapedJava>
  <property name="executionBindingVariables">[]</property>
  <property name="remainingRetryCount">3</property>
  <property name="currentRetryCount">0</property>
  <property name="keywordsUsage">{
  &quot;web_ui&quot;: false,
  &quot;web_service&quot;: false,
  &quot;cucumber&quot;: false,
  &quot;builtin&quot;: false,
  &quot;mobile&quot;: false,
  &quot;windows&quot;: false,
  &quot;testng&quot;: false
}</property>
</record>
<record>
  <date>2022-05-24T00:50:53</date>
  <millis>1653367853970</millis>
  <sequence>53</sequence>
  <level>START</level>
  <class>com.kms.katalon.core.logging.XmlKeywordLogger</class>
  <method>startTest</method>
  <thread>1</thread>
  <message>Start Test Case : Test Cases/Sprint 1/09HU-Mis tarjetas/118 Barra de subtítulo Datos de la tarjeta - Pantalla Detalles de la tarjeta</message>
  <nestedLevel>1</nestedLevel>
  <escapedJava>false</escapedJava>
  <property name="remainingRetryCount">3</property>
  <property name="name">Test Cases/Sprint 1/09HU-Mis tarjetas/118 Barra de subtítulo Datos de la tarjeta - Pantalla Detalles de la tarjeta</property>
  <property name="description"></property>
  <property name="iteration"></property>
  <property name="id">Test Cases/Sprint 1/09HU-Mis tarjetas/118 Barra de subtítulo Datos de la tarjeta - Pantalla Detalles de la tarjeta</property>
  <property name="source">C:\Users\Jose_Arrieta\git\UENO-App-Android\UENO-App-Android\Test Cases\Sprint 1\09HU-Mis tarjetas\118 Barra de subtítulo Datos de la tarjeta - Pantalla Detalles de la tarjeta.tc</property>
  <property name="tag">TET-973</property>
  <property name="isOptional">false</property>
  <property name="currentRetryCount">0</property>
</record>
<record>
  <date>2022-05-24T00:50:54</date>
  <millis>1653367854345</millis>
  <sequence>55</sequence>
  <level>START</level>
  <class>com.kms.katalon.core.logging.XmlKeywordLogger</class>
  <method>startKeyword</method>
  <thread>1</thread>
  <message>Start action : return null</message>
  <nestedLevel>1</nestedLevel>
  <escapedJava>false</escapedJava>
  <property name="startLine">-1</property>
  <property name="stepIndex">1</property>
</record>
<record>
  <date>2022-05-24T00:50:54</date>
  <millis>1653367854346</millis>
  <sequence>56</sequence>
  <level>END</level>
  <class>com.kms.katalon.core.logging.XmlKeywordLogger</class>
  <method>endKeyword</method>
  <thread>1</thread>
  <message>End action : return null</message>
  <nestedLevel>1</nestedLevel>
  <escapedJava>false</escapedJava>
</record>
<record>
  <date>2022-05-24T00:50:54</date>
  <millis>1653367854346</millis>
  <sequence>57</sequence>
  <level>PASSED</level>
  <class>com.kms.katalon.core.logging.XmlKeywordLogger</class>
  <method>logMessage</method>
  <thread>1</thread>
  <message>Test Cases/Sprint 1/09HU-Mis tarjetas/118 Barra de subtítulo Datos de la tarjeta - Pantalla Detalles de la tarjeta</message>
  <nestedLevel>1</nestedLevel>
  <escapedJava>false</escapedJava>
</record>
<record>
  <date>2022-05-24T00:50:54</date>
  <millis>1653367854347</millis>
  <sequence>58</sequence>
  <level>END</level>
  <class>com.kms.katalon.core.logging.XmlKeywordLogger</class>
  <method>endTest</method>
  <thread>1</thread>
  <message>End Test Case : Test Cases/Sprint 1/09HU-Mis tarjetas/118 Barra de subtítulo Datos de la tarjeta - Pantalla Detalles de la tarjeta</message>
  <nestedLevel>0</nestedLevel>
  <escapedJava>false</escapedJava>
  <property name="executionBindingVariables">[]</property>
  <property name="remainingRetryCount">3</property>
  <property name="currentRetryCount">0</property>
  <property name="keywordsUsage">{
  &quot;web_ui&quot;: false,
  &quot;web_service&quot;: false,
  &quot;cucumber&quot;: false,
  &quot;builtin&quot;: false,
  &quot;mobile&quot;: false,
  &quot;windows&quot;: false,
  &quot;testng&quot;: false
}</property>
</record>
<record>
  <date>2022-05-24T00:50:54</date>
  <millis>1653367854359</millis>
  <sequence>59</sequence>
  <level>START</level>
  <class>com.kms.katalon.core.logging.XmlKeywordLogger</class>
  <method>startTest</method>
  <thread>1</thread>
  <message>Start Test Case : Test Cases/Sprint 1/09HU-Mis tarjetas/119 Datos que acompañan las etiquetas Número de tarjeta y CVV - Pantalla Detalles de la tarjeta</message>
  <nestedLevel>1</nestedLevel>
  <escapedJava>false</escapedJava>
  <property name="remainingRetryCount">3</property>
  <property name="name">Test Cases/Sprint 1/09HU-Mis tarjetas/119 Datos que acompañan las etiquetas Número de tarjeta y CVV - Pantalla Detalles de la tarjeta</property>
  <property name="description"></property>
  <property name="iteration"></property>
  <property name="id">Test Cases/Sprint 1/09HU-Mis tarjetas/119 Datos que acompañan las etiquetas Número de tarjeta y CVV - Pantalla Detalles de la tarjeta</property>
  <property name="source">C:\Users\Jose_Arrieta\git\UENO-App-Android\UENO-App-Android\Test Cases\Sprint 1\09HU-Mis tarjetas\119 Datos que acompañan las etiquetas Número de tarjeta y CVV - Pantalla Detalles de la tarjeta.tc</property>
  <property name="tag">TET-973</property>
  <property name="isOptional">false</property>
  <property name="currentRetryCount">0</property>
</record>
<record>
  <date>2022-05-24T00:50:54</date>
  <millis>1653367854708</millis>
  <sequence>61</sequence>
  <level>START</level>
  <class>com.kms.katalon.core.logging.XmlKeywordLogger</class>
  <method>startKeyword</method>
  <thread>1</thread>
  <message>Start action : return null</message>
  <nestedLevel>1</nestedLevel>
  <escapedJava>false</escapedJava>
  <property name="startLine">-1</property>
  <property name="stepIndex">1</property>
</record>
<record>
  <date>2022-05-24T00:50:54</date>
  <millis>1653367854708</millis>
  <sequence>62</sequence>
  <level>END</level>
  <class>com.kms.katalon.core.logging.XmlKeywordLogger</class>
  <method>endKeyword</method>
  <thread>1</thread>
  <message>End action : return null</message>
  <nestedLevel>1</nestedLevel>
  <escapedJava>false</escapedJava>
</record>
<record>
  <date>2022-05-24T00:50:54</date>
  <millis>1653367854708</millis>
  <sequence>63</sequence>
  <level>PASSED</level>
  <class>com.kms.katalon.core.logging.XmlKeywordLogger</class>
  <method>logMessage</method>
  <thread>1</thread>
  <message>Test Cases/Sprint 1/09HU-Mis tarjetas/119 Datos que acompañan las etiquetas Número de tarjeta y CVV - Pantalla Detalles de la tarjeta</message>
  <nestedLevel>1</nestedLevel>
  <escapedJava>false</escapedJava>
</record>
<record>
  <date>2022-05-24T00:50:54</date>
  <millis>1653367854710</millis>
  <sequence>64</sequence>
  <level>END</level>
  <class>com.kms.katalon.core.logging.XmlKeywordLogger</class>
  <method>endTest</method>
  <thread>1</thread>
  <message>End Test Case : Test Cases/Sprint 1/09HU-Mis tarjetas/119 Datos que acompañan las etiquetas Número de tarjeta y CVV - Pantalla Detalles de la tarjeta</message>
  <nestedLevel>0</nestedLevel>
  <escapedJava>false</escapedJava>
  <property name="executionBindingVariables">[]</property>
  <property name="remainingRetryCount">3</property>
  <property name="currentRetryCount">0</property>
  <property name="keywordsUsage">{
  &quot;web_ui&quot;: false,
  &quot;web_service&quot;: false,
  &quot;cucumber&quot;: false,
  &quot;builtin&quot;: false,
  &quot;mobile&quot;: false,
  &quot;windows&quot;: false,
  &quot;testng&quot;: false
}</property>
</record>
<record>
  <date>2022-05-24T00:50:54</date>
  <millis>1653367854724</millis>
  <sequence>65</sequence>
  <level>START</level>
  <class>com.kms.katalon.core.logging.XmlKeywordLogger</class>
  <method>startTest</method>
  <thread>1</thread>
  <message>Start Test Case : Test Cases/Sprint 1/09HU-Mis tarjetas/120 Estructura de la pantalla - Pantalla Filtrar tarjetas</message>
  <nestedLevel>1</nestedLevel>
  <escapedJava>false</escapedJava>
  <property name="remainingRetryCount">3</property>
  <property name="name">Test Cases/Sprint 1/09HU-Mis tarjetas/120 Estructura de la pantalla - Pantalla Filtrar tarjetas</property>
  <property name="description"></property>
  <property name="iteration"></property>
  <property name="id">Test Cases/Sprint 1/09HU-Mis tarjetas/120 Estructura de la pantalla - Pantalla Filtrar tarjetas</property>
  <property name="source">C:\Users\Jose_Arrieta\git\UENO-App-Android\UENO-App-Android\Test Cases\Sprint 1\09HU-Mis tarjetas\120 Estructura de la pantalla - Pantalla Filtrar tarjetas.tc</property>
  <property name="tag">TET-972</property>
  <property name="isOptional">false</property>
  <property name="currentRetryCount">0</property>
</record>
<record>
  <date>2022-05-24T00:50:55</date>
  <millis>1653367855073</millis>
  <sequence>67</sequence>
  <level>START</level>
  <class>com.kms.katalon.core.logging.XmlKeywordLogger</class>
  <method>startKeyword</method>
  <thread>1</thread>
  <message>Start action : return null</message>
  <nestedLevel>1</nestedLevel>
  <escapedJava>false</escapedJava>
  <property name="startLine">-1</property>
  <property name="stepIndex">1</property>
</record>
<record>
  <date>2022-05-24T00:50:55</date>
  <millis>1653367855074</millis>
  <sequence>68</sequence>
  <level>END</level>
  <class>com.kms.katalon.core.logging.XmlKeywordLogger</class>
  <method>endKeyword</method>
  <thread>1</thread>
  <message>End action : return null</message>
  <nestedLevel>1</nestedLevel>
  <escapedJava>false</escapedJava>
</record>
<record>
  <date>2022-05-24T00:50:55</date>
  <millis>1653367855074</millis>
  <sequence>69</sequence>
  <level>PASSED</level>
  <class>com.kms.katalon.core.logging.XmlKeywordLogger</class>
  <method>logMessage</method>
  <thread>1</thread>
  <message>Test Cases/Sprint 1/09HU-Mis tarjetas/120 Estructura de la pantalla - Pantalla Filtrar tarjetas</message>
  <nestedLevel>1</nestedLevel>
  <escapedJava>false</escapedJava>
</record>
<record>
  <date>2022-05-24T00:50:55</date>
  <millis>1653367855075</millis>
  <sequence>70</sequence>
  <level>END</level>
  <class>com.kms.katalon.core.logging.XmlKeywordLogger</class>
  <method>endTest</method>
  <thread>1</thread>
  <message>End Test Case : Test Cases/Sprint 1/09HU-Mis tarjetas/120 Estructura de la pantalla - Pantalla Filtrar tarjetas</message>
  <nestedLevel>0</nestedLevel>
  <escapedJava>false</escapedJava>
  <property name="executionBindingVariables">[]</property>
  <property name="remainingRetryCount">3</property>
  <property name="currentRetryCount">0</property>
  <property name="keywordsUsage">{
  &quot;web_ui&quot;: false,
  &quot;web_service&quot;: false,
  &quot;cucumber&quot;: false,
  &quot;builtin&quot;: false,
  &quot;mobile&quot;: false,
  &quot;windows&quot;: false,
  &quot;testng&quot;: false
}</property>
</record>
<record>
  <date>2022-05-24T00:50:55</date>
  <millis>1653367855085</millis>
  <sequence>71</sequence>
  <level>START</level>
  <class>com.kms.katalon.core.logging.XmlKeywordLogger</class>
  <method>startTest</method>
  <thread>1</thread>
  <message>Start Test Case : Test Cases/Sprint 1/09HU-Mis tarjetas/121 Botón Filtrar - Pantalla Filtrar tarjetas</message>
  <nestedLevel>1</nestedLevel>
  <escapedJava>false</escapedJava>
  <property name="remainingRetryCount">3</property>
  <property name="name">Test Cases/Sprint 1/09HU-Mis tarjetas/121 Botón Filtrar - Pantalla Filtrar tarjetas</property>
  <property name="description"></property>
  <property name="iteration"></property>
  <property name="id">Test Cases/Sprint 1/09HU-Mis tarjetas/121 Botón Filtrar - Pantalla Filtrar tarjetas</property>
  <property name="source">C:\Users\Jose_Arrieta\git\UENO-App-Android\UENO-App-Android\Test Cases\Sprint 1\09HU-Mis tarjetas\121 Botón Filtrar - Pantalla Filtrar tarjetas.tc</property>
  <property name="tag">TET-971</property>
  <property name="isOptional">false</property>
  <property name="currentRetryCount">0</property>
</record>
<record>
  <date>2022-05-24T00:50:55</date>
  <millis>1653367855449</millis>
  <sequence>73</sequence>
  <level>START</level>
  <class>com.kms.katalon.core.logging.XmlKeywordLogger</class>
  <method>startKeyword</method>
  <thread>1</thread>
  <message>Start action : return null</message>
  <nestedLevel>1</nestedLevel>
  <escapedJava>false</escapedJava>
  <property name="startLine">-1</property>
  <property name="stepIndex">1</property>
</record>
<record>
  <date>2022-05-24T00:50:55</date>
  <millis>1653367855449</millis>
  <sequence>74</sequence>
  <level>END</level>
  <class>com.kms.katalon.core.logging.XmlKeywordLogger</class>
  <method>endKeyword</method>
  <thread>1</thread>
  <message>End action : return null</message>
  <nestedLevel>1</nestedLevel>
  <escapedJava>false</escapedJava>
</record>
<record>
  <date>2022-05-24T00:50:55</date>
  <millis>1653367855450</millis>
  <sequence>75</sequence>
  <level>PASSED</level>
  <class>com.kms.katalon.core.logging.XmlKeywordLogger</class>
  <method>logMessage</method>
  <thread>1</thread>
  <message>Test Cases/Sprint 1/09HU-Mis tarjetas/121 Botón Filtrar - Pantalla Filtrar tarjetas</message>
  <nestedLevel>1</nestedLevel>
  <escapedJava>false</escapedJava>
</record>
<record>
  <date>2022-05-24T00:50:55</date>
  <millis>1653367855451</millis>
  <sequence>76</sequence>
  <level>END</level>
  <class>com.kms.katalon.core.logging.XmlKeywordLogger</class>
  <method>endTest</method>
  <thread>1</thread>
  <message>End Test Case : Test Cases/Sprint 1/09HU-Mis tarjetas/121 Botón Filtrar - Pantalla Filtrar tarjetas</message>
  <nestedLevel>0</nestedLevel>
  <escapedJava>false</escapedJava>
  <property name="executionBindingVariables">[]</property>
  <property name="remainingRetryCount">3</property>
  <property name="currentRetryCount">0</property>
  <property name="keywordsUsage">{
  &quot;web_ui&quot;: false,
  &quot;web_service&quot;: false,
  &quot;cucumber&quot;: false,
  &quot;builtin&quot;: false,
  &quot;mobile&quot;: false,
  &quot;windows&quot;: false,
  &quot;testng&quot;: false
}</property>
</record>
<record>
  <date>2022-05-24T00:50:55</date>
  <millis>1653367855460</millis>
  <sequence>77</sequence>
  <level>START</level>
  <class>com.kms.katalon.core.logging.XmlKeywordLogger</class>
  <method>startTest</method>
  <thread>1</thread>
  <message>Start Test Case : Test Cases/Sprint 1/09HU-Mis tarjetas/122 Falla de conexión - Pantalla Filtrar tarjetas</message>
  <nestedLevel>1</nestedLevel>
  <escapedJava>false</escapedJava>
  <property name="remainingRetryCount">3</property>
  <property name="name">Test Cases/Sprint 1/09HU-Mis tarjetas/122 Falla de conexión - Pantalla Filtrar tarjetas</property>
  <property name="description"></property>
  <property name="iteration"></property>
  <property name="id">Test Cases/Sprint 1/09HU-Mis tarjetas/122 Falla de conexión - Pantalla Filtrar tarjetas</property>
  <property name="source">C:\Users\Jose_Arrieta\git\UENO-App-Android\UENO-App-Android\Test Cases\Sprint 1\09HU-Mis tarjetas\122 Falla de conexión - Pantalla Filtrar tarjetas.tc</property>
  <property name="tag">TET-970</property>
  <property name="isOptional">false</property>
  <property name="currentRetryCount">0</property>
</record>
<record>
  <date>2022-05-24T00:50:55</date>
  <millis>1653367855790</millis>
  <sequence>79</sequence>
  <level>START</level>
  <class>com.kms.katalon.core.logging.XmlKeywordLogger</class>
  <method>startKeyword</method>
  <thread>1</thread>
  <message>Start action : return null</message>
  <nestedLevel>1</nestedLevel>
  <escapedJava>false</escapedJava>
  <property name="startLine">-1</property>
  <property name="stepIndex">1</property>
</record>
<record>
  <date>2022-05-24T00:50:55</date>
  <millis>1653367855791</millis>
  <sequence>80</sequence>
  <level>END</level>
  <class>com.kms.katalon.core.logging.XmlKeywordLogger</class>
  <method>endKeyword</method>
  <thread>1</thread>
  <message>End action : return null</message>
  <nestedLevel>1</nestedLevel>
  <escapedJava>false</escapedJava>
</record>
<record>
  <date>2022-05-24T00:50:55</date>
  <millis>1653367855792</millis>
  <sequence>81</sequence>
  <level>PASSED</level>
  <class>com.kms.katalon.core.logging.XmlKeywordLogger</class>
  <method>logMessage</method>
  <thread>1</thread>
  <message>Test Cases/Sprint 1/09HU-Mis tarjetas/122 Falla de conexión - Pantalla Filtrar tarjetas</message>
  <nestedLevel>1</nestedLevel>
  <escapedJava>false</escapedJava>
</record>
<record>
  <date>2022-05-24T00:50:55</date>
  <millis>1653367855793</millis>
  <sequence>82</sequence>
  <level>END</level>
  <class>com.kms.katalon.core.logging.XmlKeywordLogger</class>
  <method>endTest</method>
  <thread>1</thread>
  <message>End Test Case : Test Cases/Sprint 1/09HU-Mis tarjetas/122 Falla de conexión - Pantalla Filtrar tarjetas</message>
  <nestedLevel>0</nestedLevel>
  <escapedJava>false</escapedJava>
  <property name="executionBindingVariables">[]</property>
  <property name="remainingRetryCount">3</property>
  <property name="currentRetryCount">0</property>
  <property name="keywordsUsage">{
  &quot;web_ui&quot;: false,
  &quot;web_service&quot;: false,
  &quot;cucumber&quot;: false,
  &quot;builtin&quot;: false,
  &quot;mobile&quot;: false,
  &quot;windows&quot;: false,
  &quot;testng&quot;: false
}</property>
</record>
<record>
  <date>2022-05-24T00:50:55</date>
  <millis>1653367855804</millis>
  <sequence>83</sequence>
  <level>START</level>
  <class>com.kms.katalon.core.logging.XmlKeywordLogger</class>
  <method>startTest</method>
  <thread>1</thread>
  <message>Start Test Case : Test Cases/Sprint 1/09HU-Mis tarjetas/123 Estructura de la pantalla - Pantalla Detalles de la tarjeta</message>
  <nestedLevel>1</nestedLevel>
  <escapedJava>false</escapedJava>
  <property name="remainingRetryCount">3</property>
  <property name="name">Test Cases/Sprint 1/09HU-Mis tarjetas/123 Estructura de la pantalla - Pantalla Detalles de la tarjeta</property>
  <property name="description"></property>
  <property name="iteration"></property>
  <property name="id">Test Cases/Sprint 1/09HU-Mis tarjetas/123 Estructura de la pantalla - Pantalla Detalles de la tarjeta</property>
  <property name="source">C:\Users\Jose_Arrieta\git\UENO-App-Android\UENO-App-Android\Test Cases\Sprint 1\09HU-Mis tarjetas\123 Estructura de la pantalla - Pantalla Detalles de la tarjeta.tc</property>
  <property name="tag">TET-876</property>
  <property name="isOptional">false</property>
  <property name="currentRetryCount">0</property>
</record>
<record>
  <date>2022-05-24T00:50:56</date>
  <millis>1653367856146</millis>
  <sequence>85</sequence>
  <level>START</level>
  <class>com.kms.katalon.core.logging.XmlKeywordLogger</class>
  <method>startKeyword</method>
  <thread>1</thread>
  <message>Start action : return null</message>
  <nestedLevel>1</nestedLevel>
  <escapedJava>false</escapedJava>
  <property name="startLine">-1</property>
  <property name="stepIndex">1</property>
</record>
<record>
  <date>2022-05-24T00:50:56</date>
  <millis>1653367856146</millis>
  <sequence>86</sequence>
  <level>END</level>
  <class>com.kms.katalon.core.logging.XmlKeywordLogger</class>
  <method>endKeyword</method>
  <thread>1</thread>
  <message>End action : return null</message>
  <nestedLevel>1</nestedLevel>
  <escapedJava>false</escapedJava>
</record>
<record>
  <date>2022-05-24T00:50:56</date>
  <millis>1653367856146</millis>
  <sequence>87</sequence>
  <level>PASSED</level>
  <class>com.kms.katalon.core.logging.XmlKeywordLogger</class>
  <method>logMessage</method>
  <thread>1</thread>
  <message>Test Cases/Sprint 1/09HU-Mis tarjetas/123 Estructura de la pantalla - Pantalla Detalles de la tarjeta</message>
  <nestedLevel>1</nestedLevel>
  <escapedJava>false</escapedJava>
</record>
<record>
  <date>2022-05-24T00:50:56</date>
  <millis>1653367856148</millis>
  <sequence>88</sequence>
  <level>END</level>
  <class>com.kms.katalon.core.logging.XmlKeywordLogger</class>
  <method>endTest</method>
  <thread>1</thread>
  <message>End Test Case : Test Cases/Sprint 1/09HU-Mis tarjetas/123 Estructura de la pantalla - Pantalla Detalles de la tarjeta</message>
  <nestedLevel>0</nestedLevel>
  <escapedJava>false</escapedJava>
  <property name="executionBindingVariables">[]</property>
  <property name="remainingRetryCount">3</property>
  <property name="currentRetryCount">0</property>
  <property name="keywordsUsage">{
  &quot;web_ui&quot;: false,
  &quot;web_service&quot;: false,
  &quot;cucumber&quot;: false,
  &quot;builtin&quot;: false,
  &quot;mobile&quot;: false,
  &quot;windows&quot;: false,
  &quot;testng&quot;: false
}</property>
</record>
<record>
  <date>2022-05-24T00:50:56</date>
  <millis>1653367856159</millis>
  <sequence>89</sequence>
  <level>START</level>
  <class>com.kms.katalon.core.logging.XmlKeywordLogger</class>
  <method>startTest</method>
  <thread>1</thread>
  <message>Start Test Case : Test Cases/Sprint 1/09HU-Mis tarjetas/124 Falla de conexión - Pantalla Detalles de la tarjeta</message>
  <nestedLevel>1</nestedLevel>
  <escapedJava>false</escapedJava>
  <property name="remainingRetryCount">3</property>
  <property name="name">Test Cases/Sprint 1/09HU-Mis tarjetas/124 Falla de conexión - Pantalla Detalles de la tarjeta</property>
  <property name="description"></property>
  <property name="iteration"></property>
  <property name="id">Test Cases/Sprint 1/09HU-Mis tarjetas/124 Falla de conexión - Pantalla Detalles de la tarjeta</property>
  <property name="source">C:\Users\Jose_Arrieta\git\UENO-App-Android\UENO-App-Android\Test Cases\Sprint 1\09HU-Mis tarjetas\124 Falla de conexión - Pantalla Detalles de la tarjeta.tc</property>
  <property name="tag">TET-875</property>
  <property name="isOptional">false</property>
  <property name="currentRetryCount">0</property>
</record>
<record>
  <date>2022-05-24T00:50:56</date>
  <millis>1653367856549</millis>
  <sequence>91</sequence>
  <level>START</level>
  <class>com.kms.katalon.core.logging.XmlKeywordLogger</class>
  <method>startKeyword</method>
  <thread>1</thread>
  <message>Start action : return null</message>
  <nestedLevel>1</nestedLevel>
  <escapedJava>false</escapedJava>
  <property name="startLine">-1</property>
  <property name="stepIndex">1</property>
</record>
<record>
  <date>2022-05-24T00:50:56</date>
  <millis>1653367856549</millis>
  <sequence>92</sequence>
  <level>END</level>
  <class>com.kms.katalon.core.logging.XmlKeywordLogger</class>
  <method>endKeyword</method>
  <thread>1</thread>
  <message>End action : return null</message>
  <nestedLevel>1</nestedLevel>
  <escapedJava>false</escapedJava>
</record>
<record>
  <date>2022-05-24T00:50:56</date>
  <millis>1653367856550</millis>
  <sequence>93</sequence>
  <level>PASSED</level>
  <class>com.kms.katalon.core.logging.XmlKeywordLogger</class>
  <method>logMessage</method>
  <thread>1</thread>
  <message>Test Cases/Sprint 1/09HU-Mis tarjetas/124 Falla de conexión - Pantalla Detalles de la tarjeta</message>
  <nestedLevel>1</nestedLevel>
  <escapedJava>false</escapedJava>
</record>
<record>
  <date>2022-05-24T00:50:56</date>
  <millis>1653367856551</millis>
  <sequence>94</sequence>
  <level>END</level>
  <class>com.kms.katalon.core.logging.XmlKeywordLogger</class>
  <method>endTest</method>
  <thread>1</thread>
  <message>End Test Case : Test Cases/Sprint 1/09HU-Mis tarjetas/124 Falla de conexión - Pantalla Detalles de la tarjeta</message>
  <nestedLevel>0</nestedLevel>
  <escapedJava>false</escapedJava>
  <property name="executionBindingVariables">[]</property>
  <property name="remainingRetryCount">3</property>
  <property name="currentRetryCount">0</property>
  <property name="keywordsUsage">{
  &quot;web_ui&quot;: false,
  &quot;web_service&quot;: false,
  &quot;cucumber&quot;: false,
  &quot;builtin&quot;: false,
  &quot;mobile&quot;: false,
  &quot;windows&quot;: false,
  &quot;testng&quot;: false
}</property>
</record>
<record>
  <date>2022-05-24T00:50:56</date>
  <millis>1653367856551</millis>
  <sequence>95</sequence>
  <level>START</level>
  <class>com.kms.katalon.core.logging.XmlKeywordLogger</class>
  <method>startKeyword</method>
  <thread>1</thread>
  <message>Start listener action : exportKatalonReports</message>
  <nestedLevel>0</nestedLevel>
  <escapedJava>false</escapedJava>
</record>
<record>
  <date>2022-05-24T00:50:56</date>
  <millis>1653367856957</millis>
  <sequence>259</sequence>
  <level>INFO</level>
  <class>com.kms.katalon.core.logging.XmlKeywordLogger</class>
  <method>logMessage</method>
  <thread>1</thread>
  <message>Start generating HTML report folder at: C:\Users\Jose_Arrieta\git\UENO-App-Android\UENO-App-Android\Reports\20220523_233534\Sprint 1\09 HU-Mis tarjetas\20220523_233552...</message>
  <nestedLevel>0</nestedLevel>
  <escapedJava>false</escapedJava>
</record>
<record>
  <date>2022-05-24T00:50:57</date>
  <millis>1653367857001</millis>
  <sequence>260</sequence>
  <level>INFO</level>
  <class>com.kms.katalon.core.logging.XmlKeywordLogger</class>
  <method>logMessage</method>
  <thread>1</thread>
  <message>HTML report generated</message>
  <nestedLevel>0</nestedLevel>
  <escapedJava>false</escapedJava>
</record>
<record>
  <date>2022-05-24T00:50:57</date>
  <millis>1653367857001</millis>
  <sequence>261</sequence>
  <level>INFO</level>
  <class>com.kms.katalon.core.logging.XmlKeywordLogger</class>
  <method>logMessage</method>
  <thread>1</thread>
  <message>Start generating CSV report folder at: C:\Users\Jose_Arrieta\git\UENO-App-Android\UENO-App-Android\Reports\20220523_233534\Sprint 1\09 HU-Mis tarjetas\20220523_233552...</message>
  <nestedLevel>0</nestedLevel>
  <escapedJava>false</escapedJava>
</record>
<record>
  <date>2022-05-24T00:50:57</date>
  <millis>1653367857024</millis>
  <sequence>262</sequence>
  <level>INFO</level>
  <class>com.kms.katalon.core.logging.XmlKeywordLogger</class>
  <method>logMessage</method>
  <thread>1</thread>
  <message>CSV report generated</message>
  <nestedLevel>0</nestedLevel>
  <escapedJava>false</escapedJava>
</record>
<record>
  <date>2022-05-24T00:50:57</date>
  <millis>1653367857265</millis>
  <sequence>264</sequence>
  <level>END</level>
  <class>com.kms.katalon.core.logging.XmlKeywordLogger</class>
  <method>endKeyword</method>
  <thread>1</thread>
  <message>End listener action : exportKatalonReports</message>
  <nestedLevel>0</nestedLevel>
  <escapedJava>false</escapedJava>
</record>
<record>
  <date>2022-05-24T00:50:57</date>
  <millis>1653367857327</millis>
  <sequence>265</sequence>
  <level>END</level>
  <class>com.kms.katalon.core.logging.XmlKeywordLogger</class>
  <method>endSuite</method>
  <thread>1</thread>
  <message>End Test Suite : Test Suites/Sprint 1/09 HU-Mis tarjetas</message>
  <nestedLevel>0</nestedLevel>
  <escapedJava>false</escapedJava>
</record>
</log>
