[35m[Appium][39m Welcome to Appium v1.22.3
[35m[Appium][39m Non-default server args:
[35m[Appium][39m   port: 59405
[35m[Appium][39m   loglevel: info
[35m[Appium][39m   tmpDir: C:\Users\JOSE_A~1\AppData\Local\Temp\\Katalon\Appium\Temp1653571429584
[35m[Appium][39m   chromedriverPort: 59406
[35m[Appium][39m Deprecated server args:
[35m[Appium][39m   [31m--chromedriver-port[39m => --default-capabilities
[35m[Appium][39m Default capabilities, which will be added to each request unless overridden by desired capabilities:
[35m[Appium][39m   chromedriverPort: 59406
[35m[Appium][39m Appium REST http interface listener started on 0.0.0.0:59405
[35m[HTTP][39m [37m-->[39m [37mGET[39m [37m/wd/hub/status[39m
[35m[HTTP][39m [90m{}[39m
[35m[HTTP][39m [37m<-- GET /wd/hub/status [39m[32m200[39m [90m7 ms - 68[39m
[35m[HTTP][39m [90m[39m
[35m[HTTP][39m [37m-->[39m [37mPOST[39m [37m/wd/hub/session[39m
[35m[HTTP][39m [90m{"desiredCapabilities":{"app":"C:\\Users\\Jose_Arrieta\\Desktop\\JA\\Proyectos\\Automatizacion de pruebas\\APK para inicio\\crtopyinfinitymobilebanking-release (8).apk","noReset":true,"deviceId":"","deviceName":"HUAWEI MRD-LX3 (Android 9)","fullReset":false,"platform":"ANDROID","newCommandTimeout":1800,"platformVersion":"9","automationName":"uiautomator2","autoGrantPermissions":true,"platformName":"Android","udid":"ASJNW19409003146","systemPort":59404},"capabilities":{"firstMatch":[{"appium:app":"C:\\Users\\Jose_Arrieta\\Desktop\\JA\\Proyectos\\Automatizacion de pruebas\\APK para inicio\\crtopyinfinitymobilebanking-release (8).apk","appium:autoGrantPermissions":true,"appium:automationName":"uiautomator2","deviceId":"","appium:deviceName":"HUAWEI MRD-LX3 (Android 9)","appium:fullReset":false,"appium:newCommandTimeout":1800,"appium:noReset":true,"platform":"ANDROID","platformName":"android","appium:platformVersion":"9","appium:systemPort":59404,"appium:udid":"ASJNW19409003146"}]}}[39m
[35m[BaseDriver][39m The following capabilities are not standard capabilities and should have an extension prefix:
[35m[BaseDriver][39m   deviceId
[35m[BaseDriver][39m   platform
[35m[BaseDriver][39m   chromedriverPort
[35m[Appium][39m Appium v1.22.3 creating new AndroidUiautomator2Driver (v1.70.1) session
[35m[BaseDriver][39m The following capabilities were provided, but are not recognized by Appium:
[35m[BaseDriver][39m   deviceId
[35m[BaseDriver][39m   platform
[35m[BaseDriver][39m Session created with session id: 66bb52a3-4d21-4592-848f-c9321de50ed8
[35m[BaseDriver][39m Using local app 'C:\Users\Jose_Arrieta\Desktop\JA\Proyectos\Automatizacion de pruebas\APK para inicio\crtopyinfinitymobilebanking-release (8).apk'
[35m[ADB][39m Found 2 'build-tools' folders under 'C:\Users\Jose_Arrieta\AppData\Local\Android\Sdk' (newest first):
[35m[ADB][39m     C:/Users/Jose_Arrieta/AppData/Local/Android/Sdk/build-tools/32.1.0-rc1
[35m[ADB][39m     C:/Users/Jose_Arrieta/AppData/Local/Android/Sdk/build-tools/32.0.0
[35m[ADB][39m Using 'adb.exe' from 'C:\Users\Jose_Arrieta\AppData\Local\Android\Sdk\platform-tools\adb.exe'
[35m[AndroidDriver][39m Retrieving device list
[35m[AndroidDriver][39m Using device: ASJNW19409003146
[35m[ADB][39m Using 'adb.exe' from 'C:\Users\Jose_Arrieta\AppData\Local\Android\Sdk\platform-tools\adb.exe'
[35m[UiAutomator2][39m Unable to remove system port forward: Error executing adbExec. Original error: 'Command 'C:\\Users\\Jose_Arrieta\\AppData\\Local\\Android\\Sdk\\platform-tools\\adb.exe -P 5037 -s ASJNW19409003146 forward --remove tcp\:59404' exited with code 1'; Command output: adb.exe: error: listener 'tcp:59404' not found
[35m[UiAutomator2][39m 
[35m[HTTP][39m [37m<-- POST /wd/hub/session [39m[31m500[39m [90m40658 ms - 1327[39m
[35m[HTTP][39m [90m[39m
[35m[HTTP][39m [37m-->[39m [37mGET[39m [37m/wd/hub/status[39m
[35m[HTTP][39m [90m{}[39m
[35m[HTTP][39m [37m<-- GET /wd/hub/status [39m[32m200[39m [90m2 ms - 68[39m
[35m[HTTP][39m [90m[39m
[35m[HTTP][39m [37m-->[39m [37mPOST[39m [37m/wd/hub/session[39m
[35m[HTTP][39m [90m{"desiredCapabilities":{"app":"C:\\Users\\Jose_Arrieta\\Desktop\\JA\\Proyectos\\Automatizacion de pruebas\\APK para inicio\\crtopyinfinitymobilebanking-release (8).apk","noReset":true,"deviceId":"","deviceName":"HUAWEI MRD-LX3 (Android 9)","fullReset":false,"platform":"ANDROID","newCommandTimeout":1800,"platformVersion":"9","automationName":"uiautomator2","autoGrantPermissions":true,"platformName":"Android","udid":"ASJNW19409003146","systemPort":52511},"capabilities":{"firstMatch":[{"appium:app":"C:\\Users\\Jose_Arrieta\\Desktop\\JA\\Proyectos\\Automatizacion de pruebas\\APK para inicio\\crtopyinfinitymobilebanking-release (8).apk","appium:autoGrantPermissions":true,"appium:automationName":"uiautomator2","deviceId":"","appium:deviceName":"HUAWEI MRD-LX3 (Android 9)","appium:fullReset":false,"appium:newCommandTimeout":1800,"appium:noReset":true,"platform":"ANDROID","platformName":"android","appium:platformVersion":"9","appium:systemPort":52511,"appium:udid":"ASJNW19409003146"}]}}[39m
[35m[BaseDriver][39m The following capabilities are not standard capabilities and should have an extension prefix:
[35m[BaseDriver][39m   deviceId
[35m[BaseDriver][39m   platform
[35m[BaseDriver][39m   chromedriverPort
[35m[Appium][39m Appium v1.22.3 creating new AndroidUiautomator2Driver (v1.70.1) session
[35m[BaseDriver][39m The following capabilities were provided, but are not recognized by Appium:
[35m[BaseDriver][39m   deviceId
[35m[BaseDriver][39m   platform
[35m[BaseDriver][39m Session created with session id: f388a4d0-2be9-4f2e-bcdb-36fd56424abc
[35m[BaseDriver][39m Using local app 'C:\Users\Jose_Arrieta\Desktop\JA\Proyectos\Automatizacion de pruebas\APK para inicio\crtopyinfinitymobilebanking-release (8).apk'
[35m[ADB][39m Using 'adb.exe' from 'C:\Users\Jose_Arrieta\AppData\Local\Android\Sdk\platform-tools\adb.exe'
[35m[AndroidDriver][39m Retrieving device list
[35m[AndroidDriver][39m Using device: ASJNW19409003146
[35m[ADB][39m Using 'adb.exe' from 'C:\Users\Jose_Arrieta\AppData\Local\Android\Sdk\platform-tools\adb.exe'
[35m[UiAutomator2][39m Unable to remove system port forward: Error executing adbExec. Original error: 'Command 'C:\\Users\\Jose_Arrieta\\AppData\\Local\\Android\\Sdk\\platform-tools\\adb.exe -P 5037 -s ASJNW19409003146 forward --remove tcp\:52511' exited with code 1'; Command output: adb.exe: error: listener 'tcp:52511' not found
[35m[UiAutomator2][39m 
[35m[HTTP][39m [37m<-- POST /wd/hub/session [39m[31m500[39m [90m40172 ms - 1327[39m
[35m[HTTP][39m [90m[39m
[35m[HTTP][39m [37m-->[39m [37mGET[39m [37m/wd/hub/status[39m
[35m[HTTP][39m [90m{}[39m
[35m[HTTP][39m [37m<-- GET /wd/hub/status [39m[32m200[39m [90m1 ms - 68[39m
[35m[HTTP][39m [90m[39m
[35m[HTTP][39m [37m-->[39m [37mPOST[39m [37m/wd/hub/session[39m
[35m[HTTP][39m [90m{"desiredCapabilities":{"app":"C:\\Users\\Jose_Arrieta\\Desktop\\JA\\Proyectos\\Automatizacion de pruebas\\APK para inicio\\crtopyinfinitymobilebanking-release (8).apk","noReset":true,"deviceId":"","deviceName":"HUAWEI MRD-LX3 (Android 9)","fullReset":false,"platform":"ANDROID","newCommandTimeout":1800,"platformVersion":"9","automationName":"uiautomator2","autoGrantPermissions":true,"platformName":"Android","udid":"ASJNW19409003146","systemPort":52532},"capabilities":{"firstMatch":[{"appium:app":"C:\\Users\\Jose_Arrieta\\Desktop\\JA\\Proyectos\\Automatizacion de pruebas\\APK para inicio\\crtopyinfinitymobilebanking-release (8).apk","appium:autoGrantPermissions":true,"appium:automationName":"uiautomator2","deviceId":"","appium:deviceName":"HUAWEI MRD-LX3 (Android 9)","appium:fullReset":false,"appium:newCommandTimeout":1800,"appium:noReset":true,"platform":"ANDROID","platformName":"android","appium:platformVersion":"9","appium:systemPort":52532,"appium:udid":"ASJNW19409003146"}]}}[39m
[35m[BaseDriver][39m The following capabilities are not standard capabilities and should have an extension prefix:
[35m[BaseDriver][39m   deviceId
[35m[BaseDriver][39m   platform
[35m[BaseDriver][39m   chromedriverPort
[35m[Appium][39m Appium v1.22.3 creating new AndroidUiautomator2Driver (v1.70.1) session
[35m[BaseDriver][39m The following capabilities were provided, but are not recognized by Appium:
[35m[BaseDriver][39m   deviceId
[35m[BaseDriver][39m   platform
[35m[BaseDriver][39m Session created with session id: efacb186-cbcf-48a7-9d91-a420285b1130
[35m[BaseDriver][39m Using local app 'C:\Users\Jose_Arrieta\Desktop\JA\Proyectos\Automatizacion de pruebas\APK para inicio\crtopyinfinitymobilebanking-release (8).apk'
[35m[ADB][39m Using 'adb.exe' from 'C:\Users\Jose_Arrieta\AppData\Local\Android\Sdk\platform-tools\adb.exe'
[35m[AndroidDriver][39m Retrieving device list
[35m[AndroidDriver][39m Using device: ASJNW19409003146
[35m[ADB][39m Using 'adb.exe' from 'C:\Users\Jose_Arrieta\AppData\Local\Android\Sdk\platform-tools\adb.exe'
[35m[UiAutomator2][39m Unable to remove system port forward: Error executing adbExec. Original error: 'Command 'C:\\Users\\Jose_Arrieta\\AppData\\Local\\Android\\Sdk\\platform-tools\\adb.exe -P 5037 -s ASJNW19409003146 forward --remove tcp\:52532' exited with code 1'; Command output: adb.exe: error: listener 'tcp:52532' not found
[35m[UiAutomator2][39m 
[35m[HTTP][39m [37m<-- POST /wd/hub/session [39m[31m500[39m [90m40168 ms - 1327[39m
[35m[HTTP][39m [90m[39m
[35m[HTTP][39m [37m-->[39m [37mGET[39m [37m/wd/hub/status[39m
[35m[HTTP][39m [90m{}[39m
[35m[HTTP][39m [37m<-- GET /wd/hub/status [39m[32m200[39m [90m1 ms - 68[39m
[35m[HTTP][39m [90m[39m
[35m[HTTP][39m [37m-->[39m [37mPOST[39m [37m/wd/hub/session[39m
[35m[HTTP][39m [90m{"desiredCapabilities":{"app":"C:\\Users\\Jose_Arrieta\\Desktop\\JA\\Proyectos\\Automatizacion de pruebas\\APK para inicio\\crtopyinfinitymobilebanking-release (8).apk","noReset":true,"deviceId":"","deviceName":"HUAWEI MRD-LX3 (Android 9)","fullReset":false,"platform":"ANDROID","newCommandTimeout":1800,"platformVersion":"9","automationName":"uiautomator2","autoGrantPermissions":true,"platformName":"Android","udid":"ASJNW19409003146","systemPort":52559},"capabilities":{"firstMatch":[{"appium:app":"C:\\Users\\Jose_Arrieta\\Desktop\\JA\\Proyectos\\Automatizacion de pruebas\\APK para inicio\\crtopyinfinitymobilebanking-release (8).apk","appium:autoGrantPermissions":true,"appium:automationName":"uiautomator2","deviceId":"","appium:deviceName":"HUAWEI MRD-LX3 (Android 9)","appium:fullReset":false,"appium:newCommandTimeout":1800,"appium:noReset":true,"platform":"ANDROID","platformName":"android","appium:platformVersion":"9","appium:systemPort":52559,"appium:udid":"ASJNW19409003146"}]}}[39m
[35m[BaseDriver][39m The following capabilities are not standard capabilities and should have an extension prefix:
[35m[BaseDriver][39m   deviceId
[35m[BaseDriver][39m   platform
[35m[BaseDriver][39m   chromedriverPort
[35m[Appium][39m Appium v1.22.3 creating new AndroidUiautomator2Driver (v1.70.1) session
[35m[BaseDriver][39m The following capabilities were provided, but are not recognized by Appium:
[35m[BaseDriver][39m   deviceId
[35m[BaseDriver][39m   platform
[35m[BaseDriver][39m Session created with session id: a13cd4f7-46c3-4c2b-a0e2-de1cc0bc0aa2
[35m[BaseDriver][39m Using local app 'C:\Users\Jose_Arrieta\Desktop\JA\Proyectos\Automatizacion de pruebas\APK para inicio\crtopyinfinitymobilebanking-release (8).apk'
[35m[ADB][39m Using 'adb.exe' from 'C:\Users\Jose_Arrieta\AppData\Local\Android\Sdk\platform-tools\adb.exe'
[35m[AndroidDriver][39m Retrieving device list
[35m[AndroidDriver][39m Using device: ASJNW19409003146
[35m[ADB][39m Using 'adb.exe' from 'C:\Users\Jose_Arrieta\AppData\Local\Android\Sdk\platform-tools\adb.exe'
[35m[UiAutomator2][39m Unable to remove system port forward: Error executing adbExec. Original error: 'Command 'C:\\Users\\Jose_Arrieta\\AppData\\Local\\Android\\Sdk\\platform-tools\\adb.exe -P 5037 -s ASJNW19409003146 forward --remove tcp\:52559' exited with code 1'; Command output: adb.exe: error: listener 'tcp:52559' not found
[35m[UiAutomator2][39m 
[35m[HTTP][39m [37m<-- POST /wd/hub/session [39m[31m500[39m [90m40147 ms - 1327[39m
[35m[HTTP][39m [90m[39m
[35m[HTTP][39m [37m-->[39m [37mGET[39m [37m/wd/hub/status[39m
[35m[HTTP][39m [90m{}[39m
[35m[HTTP][39m [37m<-- GET /wd/hub/status [39m[32m200[39m [90m2 ms - 68[39m
[35m[HTTP][39m [90m[39m
[35m[HTTP][39m [37m-->[39m [37mPOST[39m [37m/wd/hub/session[39m
[35m[HTTP][39m [90m{"desiredCapabilities":{"app":"C:\\Users\\Jose_Arrieta\\Desktop\\JA\\Proyectos\\Automatizacion de pruebas\\APK para inicio\\crtopyinfinitymobilebanking-release (8).apk","noReset":true,"deviceId":"","deviceName":"HUAWEI MRD-LX3 (Android 9)","fullReset":false,"platform":"ANDROID","newCommandTimeout":1800,"platformVersion":"9","automationName":"uiautomator2","autoGrantPermissions":true,"platformName":"Android","udid":"ASJNW19409003146","systemPort":57596},"capabilities":{"firstMatch":[{"appium:app":"C:\\Users\\Jose_Arrieta\\Desktop\\JA\\Proyectos\\Automatizacion de pruebas\\APK para inicio\\crtopyinfinitymobilebanking-release (8).apk","appium:autoGrantPermissions":true,"appium:automationName":"uiautomator2","deviceId":"","appium:deviceName":"HUAWEI MRD-LX3 (Android 9)","appium:fullReset":false,"appium:newCommandTimeout":1800,"appium:noReset":true,"platform":"ANDROID","platformName":"android","appium:platformVersion":"9","appium:systemPort":57596,"appium:udid":"ASJNW19409003146"}]}}[39m
[35m[BaseDriver][39m The following capabilities are not standard capabilities and should have an extension prefix:
[35m[BaseDriver][39m   deviceId
[35m[BaseDriver][39m   platform
[35m[BaseDriver][39m   chromedriverPort
[35m[Appium][39m Appium v1.22.3 creating new AndroidUiautomator2Driver (v1.70.1) session
[35m[BaseDriver][39m The following capabilities were provided, but are not recognized by Appium:
[35m[BaseDriver][39m   deviceId
[35m[BaseDriver][39m   platform
[35m[BaseDriver][39m Session created with session id: fb05b4cd-dbef-43be-9541-a0f9aa6f5c85
[35m[BaseDriver][39m Using local app 'C:\Users\Jose_Arrieta\Desktop\JA\Proyectos\Automatizacion de pruebas\APK para inicio\crtopyinfinitymobilebanking-release (8).apk'
[35m[ADB][39m Using 'adb.exe' from 'C:\Users\Jose_Arrieta\AppData\Local\Android\Sdk\platform-tools\adb.exe'
[35m[AndroidDriver][39m Retrieving device list
[35m[AndroidDriver][39m Using device: ASJNW19409003146
[35m[ADB][39m Using 'adb.exe' from 'C:\Users\Jose_Arrieta\AppData\Local\Android\Sdk\platform-tools\adb.exe'
[35m[UiAutomator2][39m Unable to remove system port forward: Error executing adbExec. Original error: 'Command 'C:\\Users\\Jose_Arrieta\\AppData\\Local\\Android\\Sdk\\platform-tools\\adb.exe -P 5037 -s ASJNW19409003146 forward --remove tcp\:57596' exited with code 1'; Command output: adb.exe: error: listener 'tcp:57596' not found
[35m[UiAutomator2][39m 
[35m[HTTP][39m [37m<-- POST /wd/hub/session [39m[31m500[39m [90m40142 ms - 1327[39m
[35m[HTTP][39m [90m[39m
[35m[HTTP][39m [37m-->[39m [37mGET[39m [37m/wd/hub/status[39m
[35m[HTTP][39m [90m{}[39m
[35m[HTTP][39m [37m<-- GET /wd/hub/status [39m[32m200[39m [90m1 ms - 68[39m
[35m[HTTP][39m [90m[39m
[35m[HTTP][39m [37m-->[39m [37mPOST[39m [37m/wd/hub/session[39m
[35m[HTTP][39m [90m{"desiredCapabilities":{"app":"C:\\Users\\Jose_Arrieta\\Desktop\\JA\\Proyectos\\Automatizacion de pruebas\\APK para inicio\\crtopyinfinitymobilebanking-release (8).apk","noReset":true,"deviceId":"","deviceName":"HUAWEI MRD-LX3 (Android 9)","fullReset":false,"platform":"ANDROID","newCommandTimeout":1800,"platformVersion":"9","automationName":"uiautomator2","autoGrantPermissions":true,"platformName":"Android","udid":"ASJNW19409003146","systemPort":57625},"capabilities":{"firstMatch":[{"appium:app":"C:\\Users\\Jose_Arrieta\\Desktop\\JA\\Proyectos\\Automatizacion de pruebas\\APK para inicio\\crtopyinfinitymobilebanking-release (8).apk","appium:autoGrantPermissions":true,"appium:automationName":"uiautomator2","deviceId":"","appium:deviceName":"HUAWEI MRD-LX3 (Android 9)","appium:fullReset":false,"appium:newCommandTimeout":1800,"appium:noReset":true,"platform":"ANDROID","platformName":"android","appium:platformVersion":"9","appium:systemPort":57625,"appium:udid":"ASJNW19409003146"}]}}[39m
[35m[BaseDriver][39m The following capabilities are not standard capabilities and should have an extension prefix:
[35m[BaseDriver][39m   deviceId
[35m[BaseDriver][39m   platform
[35m[BaseDriver][39m   chromedriverPort
[35m[Appium][39m Appium v1.22.3 creating new AndroidUiautomator2Driver (v1.70.1) session
[35m[BaseDriver][39m The following capabilities were provided, but are not recognized by Appium:
[35m[BaseDriver][39m   deviceId
[35m[BaseDriver][39m   platform
[35m[BaseDriver][39m Session created with session id: ddbec676-0aea-4a42-8c10-4ef1ad46710d
[35m[BaseDriver][39m Using local app 'C:\Users\Jose_Arrieta\Desktop\JA\Proyectos\Automatizacion de pruebas\APK para inicio\crtopyinfinitymobilebanking-release (8).apk'
[35m[ADB][39m Using 'adb.exe' from 'C:\Users\Jose_Arrieta\AppData\Local\Android\Sdk\platform-tools\adb.exe'
[35m[AndroidDriver][39m Retrieving device list
[35m[AndroidDriver][39m Using device: ASJNW19409003146
[35m[ADB][39m Using 'adb.exe' from 'C:\Users\Jose_Arrieta\AppData\Local\Android\Sdk\platform-tools\adb.exe'
[35m[UiAutomator2][39m Unable to remove system port forward: Error executing adbExec. Original error: 'Command 'C:\\Users\\Jose_Arrieta\\AppData\\Local\\Android\\Sdk\\platform-tools\\adb.exe -P 5037 -s ASJNW19409003146 forward --remove tcp\:57625' exited with code 1'; Command output: adb.exe: error: listener 'tcp:57625' not found
[35m[UiAutomator2][39m 
[35m[HTTP][39m [37m<-- POST /wd/hub/session [39m[31m500[39m [90m40166 ms - 1327[39m
[35m[HTTP][39m [90m[39m
[35m[HTTP][39m [37m-->[39m [37mGET[39m [37m/wd/hub/status[39m
[35m[HTTP][39m [90m{}[39m
[35m[HTTP][39m [37m<-- GET /wd/hub/status [39m[32m200[39m [90m1 ms - 68[39m
[35m[HTTP][39m [90m[39m
[35m[HTTP][39m [37m-->[39m [37mPOST[39m [37m/wd/hub/session[39m
[35m[HTTP][39m [90m{"desiredCapabilities":{"app":"C:\\Users\\Jose_Arrieta\\Desktop\\JA\\Proyectos\\Automatizacion de pruebas\\APK para inicio\\crtopyinfinitymobilebanking-release (8).apk","noReset":true,"deviceId":"","deviceName":"HUAWEI MRD-LX3 (Android 9)","fullReset":false,"platform":"ANDROID","newCommandTimeout":1800,"platformVersion":"9","automationName":"uiautomator2","autoGrantPermissions":true,"platformName":"Android","udid":"ASJNW19409003146","systemPort":57647},"capabilities":{"firstMatch":[{"appium:app":"C:\\Users\\Jose_Arrieta\\Desktop\\JA\\Proyectos\\Automatizacion de pruebas\\APK para inicio\\crtopyinfinitymobilebanking-release (8).apk","appium:autoGrantPermissions":true,"appium:automationName":"uiautomator2","deviceId":"","appium:deviceName":"HUAWEI MRD-LX3 (Android 9)","appium:fullReset":false,"appium:newCommandTimeout":1800,"appium:noReset":true,"platform":"ANDROID","platformName":"android","appium:platformVersion":"9","appium:systemPort":57647,"appium:udid":"ASJNW19409003146"}]}}[39m
[35m[BaseDriver][39m The following capabilities are not standard capabilities and should have an extension prefix:
[35m[BaseDriver][39m   deviceId
[35m[BaseDriver][39m   platform
[35m[BaseDriver][39m   chromedriverPort
[35m[Appium][39m Appium v1.22.3 creating new AndroidUiautomator2Driver (v1.70.1) session
[35m[BaseDriver][39m The following capabilities were provided, but are not recognized by Appium:
[35m[BaseDriver][39m   deviceId
[35m[BaseDriver][39m   platform
[35m[BaseDriver][39m Session created with session id: 7983e772-2d06-484a-b5e9-4c4e974f0dc7
[35m[BaseDriver][39m Using local app 'C:\Users\Jose_Arrieta\Desktop\JA\Proyectos\Automatizacion de pruebas\APK para inicio\crtopyinfinitymobilebanking-release (8).apk'
[35m[ADB][39m Using 'adb.exe' from 'C:\Users\Jose_Arrieta\AppData\Local\Android\Sdk\platform-tools\adb.exe'
[35m[AndroidDriver][39m Retrieving device list
[35m[AndroidDriver][39m Using device: ASJNW19409003146
[35m[ADB][39m Using 'adb.exe' from 'C:\Users\Jose_Arrieta\AppData\Local\Android\Sdk\platform-tools\adb.exe'
[35m[UiAutomator2][39m Unable to remove system port forward: Error executing adbExec. Original error: 'Command 'C:\\Users\\Jose_Arrieta\\AppData\\Local\\Android\\Sdk\\platform-tools\\adb.exe -P 5037 -s ASJNW19409003146 forward --remove tcp\:57647' exited with code 1'; Command output: adb.exe: error: listener 'tcp:57647' not found
[35m[UiAutomator2][39m 
[35m[HTTP][39m [37m<-- POST /wd/hub/session [39m[31m500[39m [90m40517 ms - 1327[39m
[35m[HTTP][39m [90m[39m
[35m[HTTP][39m [37m-->[39m [37mGET[39m [37m/wd/hub/status[39m
[35m[HTTP][39m [90m{}[39m
[35m[HTTP][39m [37m<-- GET /wd/hub/status [39m[32m200[39m [90m2 ms - 68[39m
[35m[HTTP][39m [90m[39m
[35m[HTTP][39m [37m-->[39m [37mPOST[39m [37m/wd/hub/session[39m
[35m[HTTP][39m [90m{"desiredCapabilities":{"app":"C:\\Users\\Jose_Arrieta\\Desktop\\JA\\Proyectos\\Automatizacion de pruebas\\APK para inicio\\crtopyinfinitymobilebanking-release (8).apk","noReset":true,"deviceId":"","deviceName":"HUAWEI MRD-LX3 (Android 9)","fullReset":false,"platform":"ANDROID","newCommandTimeout":1800,"platformVersion":"9","automationName":"uiautomator2","autoGrantPermissions":true,"platformName":"Android","udid":"ASJNW19409003146","systemPort":52514},"capabilities":{"firstMatch":[{"appium:app":"C:\\Users\\Jose_Arrieta\\Desktop\\JA\\Proyectos\\Automatizacion de pruebas\\APK para inicio\\crtopyinfinitymobilebanking-release (8).apk","appium:autoGrantPermissions":true,"appium:automationName":"uiautomator2","deviceId":"","appium:deviceName":"HUAWEI MRD-LX3 (Android 9)","appium:fullReset":false,"appium:newCommandTimeout":1800,"appium:noReset":true,"platform":"ANDROID","platformName":"android","appium:platformVersion":"9","appium:systemPort":52514,"appium:udid":"ASJNW19409003146"}]}}[39m
[35m[BaseDriver][39m The following capabilities are not standard capabilities and should have an extension prefix:
[35m[BaseDriver][39m   deviceId
[35m[BaseDriver][39m   platform
[35m[BaseDriver][39m   chromedriverPort
[35m[Appium][39m Appium v1.22.3 creating new AndroidUiautomator2Driver (v1.70.1) session
[35m[BaseDriver][39m The following capabilities were provided, but are not recognized by Appium:
[35m[BaseDriver][39m   deviceId
[35m[BaseDriver][39m   platform
[35m[BaseDriver][39m Session created with session id: 32d63d06-93df-498b-87c1-bd959d47c111
[35m[BaseDriver][39m Using local app 'C:\Users\Jose_Arrieta\Desktop\JA\Proyectos\Automatizacion de pruebas\APK para inicio\crtopyinfinitymobilebanking-release (8).apk'
[35m[ADB][39m Using 'adb.exe' from 'C:\Users\Jose_Arrieta\AppData\Local\Android\Sdk\platform-tools\adb.exe'
[35m[AndroidDriver][39m Retrieving device list
[35m[AndroidDriver][39m Using device: ASJNW19409003146
[35m[ADB][39m Using 'adb.exe' from 'C:\Users\Jose_Arrieta\AppData\Local\Android\Sdk\platform-tools\adb.exe'
[35m[UiAutomator2][39m Unable to remove system port forward: Error executing adbExec. Original error: 'Command 'C:\\Users\\Jose_Arrieta\\AppData\\Local\\Android\\Sdk\\platform-tools\\adb.exe -P 5037 -s ASJNW19409003146 forward --remove tcp\:52514' exited with code 1'; Command output: adb.exe: error: listener 'tcp:52514' not found
[35m[UiAutomator2][39m 
[35m[HTTP][39m [37m<-- POST /wd/hub/session [39m[31m500[39m [90m40261 ms - 1327[39m
[35m[HTTP][39m [90m[39m
