[35m[Appium][39m Welcome to Appium v1.22.3
[35m[Appium][39m Non-default server args:
[35m[Appium][39m   port: 62456
[35m[Appium][39m   loglevel: info
[35m[Appium][39m   tmpDir: C:\Users\JOSE_A~1\AppData\Local\Temp\\Katalon\Appium\Temp1653367737386
[35m[Appium][39m   chromedriverPort: 62457
[35m[Appium][39m Deprecated server args:
[35m[Appium][39m   [31m--chromedriver-port[39m => --default-capabilities
[35m[Appium][39m Default capabilities, which will be added to each request unless overridden by desired capabilities:
[35m[Appium][39m   chromedriverPort: 62457
[35m[Appium][39m Appium REST http interface listener started on 0.0.0.0:62456
[35m[HTTP][39m [37m-->[39m [37mGET[39m [37m/wd/hub/status[39m
[35m[HTTP][39m [90m{}[39m
[35m[HTTP][39m [37m<-- GET /wd/hub/status [39m[32m200[39m [90m13 ms - 68[39m
[35m[HTTP][39m [90m[39m
[35m[HTTP][39m [37m-->[39m [37mPOST[39m [37m/wd/hub/session[39m
[35m[HTTP][39m [90m{"desiredCapabilities":{"app":"C:\\Users\\Jose_Arrieta\\Desktop\\JA\\Proyectos\\Automatizacion de pruebas\\APK para inicio\\crtopyinfinitymobilebanking-release (8).apk","noReset":true,"deviceId":"","deviceName":"HUAWEI MRD-LX3 (Android 9)","fullReset":false,"platform":"ANDROID","newCommandTimeout":1800,"platformVersion":"9","automationName":"uiautomator2","autoGrantPermissions":true,"platformName":"Android","udid":"ASJNW19409003146","systemPort":62455},"capabilities":{"firstMatch":[{"appium:app":"C:\\Users\\Jose_Arrieta\\Desktop\\JA\\Proyectos\\Automatizacion de pruebas\\APK para inicio\\crtopyinfinitymobilebanking-release (8).apk","appium:autoGrantPermissions":true,"appium:automationName":"uiautomator2","deviceId":"","appium:deviceName":"HUAWEI MRD-LX3 (Android 9)","appium:fullReset":false,"appium:newCommandTimeout":1800,"appium:noReset":true,"platform":"ANDROID","platformName":"android","appium:platformVersion":"9","appium:systemPort":62455,"appium:udid":"ASJNW19409003146"}]}}[39m
[35m[BaseDriver][39m The following capabilities are not standard capabilities and should have an extension prefix:
[35m[BaseDriver][39m   deviceId
[35m[BaseDriver][39m   platform
[35m[BaseDriver][39m   chromedriverPort
[35m[Appium][39m Appium v1.22.3 creating new AndroidUiautomator2Driver (v1.70.1) session
[35m[BaseDriver][39m The following capabilities were provided, but are not recognized by Appium:
[35m[BaseDriver][39m   deviceId
[35m[BaseDriver][39m   platform
[35m[BaseDriver][39m Session created with session id: 6db278a5-5e7e-49a5-b7c9-0eb9b6fe0662
[35m[BaseDriver][39m Using local app 'C:\Users\Jose_Arrieta\Desktop\JA\Proyectos\Automatizacion de pruebas\APK para inicio\crtopyinfinitymobilebanking-release (8).apk'
[35m[ADB][39m Found 2 'build-tools' folders under 'C:\Users\Jose_Arrieta\AppData\Local\Android\Sdk' (newest first):
[35m[ADB][39m     C:/Users/Jose_Arrieta/AppData/Local/Android/Sdk/build-tools/32.1.0-rc1
[35m[ADB][39m     C:/Users/Jose_Arrieta/AppData/Local/Android/Sdk/build-tools/32.0.0
[35m[ADB][39m Using 'adb.exe' from 'C:\Users\Jose_Arrieta\AppData\Local\Android\Sdk\platform-tools\adb.exe'
[35m[AndroidDriver][39m Retrieving device list
[35m[HTTP][39m [37m<-- POST /wd/hub/session [39m[31m500[39m [90m20684 ms - 681[39m
[35m[HTTP][39m [90m[39m
[35m[HTTP][39m [37m-->[39m [37mGET[39m [37m/wd/hub/status[39m
[35m[HTTP][39m [90m{}[39m
[35m[HTTP][39m [37m<-- GET /wd/hub/status [39m[32m200[39m [90m1 ms - 68[39m
[35m[HTTP][39m [90m[39m
[35m[HTTP][39m [37m-->[39m [37mPOST[39m [37m/wd/hub/session[39m
[35m[HTTP][39m [90m{"desiredCapabilities":{"app":"C:\\Users\\Jose_Arrieta\\Desktop\\JA\\Proyectos\\Automatizacion de pruebas\\APK para inicio\\crtopyinfinitymobilebanking-release (8).apk","noReset":true,"deviceId":"","deviceName":"HUAWEI MRD-LX3 (Android 9)","fullReset":false,"platform":"ANDROID","newCommandTimeout":1800,"platformVersion":"9","automationName":"uiautomator2","autoGrantPermissions":true,"platformName":"Android","udid":"ASJNW19409003146","systemPort":62778},"capabilities":{"firstMatch":[{"appium:app":"C:\\Users\\Jose_Arrieta\\Desktop\\JA\\Proyectos\\Automatizacion de pruebas\\APK para inicio\\crtopyinfinitymobilebanking-release (8).apk","appium:autoGrantPermissions":true,"appium:automationName":"uiautomator2","deviceId":"","appium:deviceName":"HUAWEI MRD-LX3 (Android 9)","appium:fullReset":false,"appium:newCommandTimeout":1800,"appium:noReset":true,"platform":"ANDROID","platformName":"android","appium:platformVersion":"9","appium:systemPort":62778,"appium:udid":"ASJNW19409003146"}]}}[39m
[35m[BaseDriver][39m The following capabilities are not standard capabilities and should have an extension prefix:
[35m[BaseDriver][39m   deviceId
[35m[BaseDriver][39m   platform
[35m[BaseDriver][39m   chromedriverPort
[35m[Appium][39m Appium v1.22.3 creating new AndroidUiautomator2Driver (v1.70.1) session
[35m[BaseDriver][39m The following capabilities were provided, but are not recognized by Appium:
[35m[BaseDriver][39m   deviceId
[35m[BaseDriver][39m   platform
[35m[BaseDriver][39m Session created with session id: 9b926867-d52e-4c1f-877b-bcbdcccada14
[35m[BaseDriver][39m Using local app 'C:\Users\Jose_Arrieta\Desktop\JA\Proyectos\Automatizacion de pruebas\APK para inicio\crtopyinfinitymobilebanking-release (8).apk'
[35m[ADB][39m Using 'adb.exe' from 'C:\Users\Jose_Arrieta\AppData\Local\Android\Sdk\platform-tools\adb.exe'
[35m[AndroidDriver][39m Retrieving device list
[35m[HTTP][39m [37m<-- POST /wd/hub/session [39m[31m500[39m [90m20248 ms - 681[39m
[35m[HTTP][39m [90m[39m
[35m[HTTP][39m [37m-->[39m [37mGET[39m [37m/wd/hub/status[39m
[35m[HTTP][39m [90m{}[39m
[35m[HTTP][39m [37m<-- GET /wd/hub/status [39m[32m200[39m [90m2 ms - 68[39m
[35m[HTTP][39m [90m[39m
[35m[HTTP][39m [37m-->[39m [37mPOST[39m [37m/wd/hub/session[39m
[35m[HTTP][39m [90m{"desiredCapabilities":{"app":"C:\\Users\\Jose_Arrieta\\Desktop\\JA\\Proyectos\\Automatizacion de pruebas\\APK para inicio\\crtopyinfinitymobilebanking-release (8).apk","noReset":true,"deviceId":"","deviceName":"HUAWEI MRD-LX3 (Android 9)","fullReset":false,"platform":"ANDROID","newCommandTimeout":1800,"platformVersion":"9","automationName":"uiautomator2","autoGrantPermissions":true,"platformName":"Android","udid":"ASJNW19409003146","systemPort":63098},"capabilities":{"firstMatch":[{"appium:app":"C:\\Users\\Jose_Arrieta\\Desktop\\JA\\Proyectos\\Automatizacion de pruebas\\APK para inicio\\crtopyinfinitymobilebanking-release (8).apk","appium:autoGrantPermissions":true,"appium:automationName":"uiautomator2","deviceId":"","appium:deviceName":"HUAWEI MRD-LX3 (Android 9)","appium:fullReset":false,"appium:newCommandTimeout":1800,"appium:noReset":true,"platform":"ANDROID","platformName":"android","appium:platformVersion":"9","appium:systemPort":63098,"appium:udid":"ASJNW19409003146"}]}}[39m
[35m[BaseDriver][39m The following capabilities are not standard capabilities and should have an extension prefix:
[35m[BaseDriver][39m   deviceId
[35m[BaseDriver][39m   platform
[35m[BaseDriver][39m   chromedriverPort
[35m[Appium][39m Appium v1.22.3 creating new AndroidUiautomator2Driver (v1.70.1) session
[35m[BaseDriver][39m The following capabilities were provided, but are not recognized by Appium:
[35m[BaseDriver][39m   deviceId
[35m[BaseDriver][39m   platform
[35m[BaseDriver][39m Session created with session id: 93d57fd3-9db7-4004-941f-4bb589f5ded8
[35m[BaseDriver][39m Using local app 'C:\Users\Jose_Arrieta\Desktop\JA\Proyectos\Automatizacion de pruebas\APK para inicio\crtopyinfinitymobilebanking-release (8).apk'
[35m[ADB][39m Using 'adb.exe' from 'C:\Users\Jose_Arrieta\AppData\Local\Android\Sdk\platform-tools\adb.exe'
[35m[AndroidDriver][39m Retrieving device list
[35m[HTTP][39m [37m<-- POST /wd/hub/session [39m[31m500[39m [90m20204 ms - 681[39m
[35m[HTTP][39m [90m[39m
[35m[HTTP][39m [37m-->[39m [37mGET[39m [37m/wd/hub/status[39m
[35m[HTTP][39m [90m{}[39m
[35m[HTTP][39m [37m<-- GET /wd/hub/status [39m[32m200[39m [90m1 ms - 68[39m
[35m[HTTP][39m [90m[39m
[35m[HTTP][39m [37m-->[39m [37mPOST[39m [37m/wd/hub/session[39m
[35m[HTTP][39m [90m{"desiredCapabilities":{"app":"C:\\Users\\Jose_Arrieta\\Desktop\\JA\\Proyectos\\Automatizacion de pruebas\\APK para inicio\\crtopyinfinitymobilebanking-release (8).apk","noReset":true,"deviceId":"","deviceName":"HUAWEI MRD-LX3 (Android 9)","fullReset":false,"platform":"ANDROID","newCommandTimeout":1800,"platformVersion":"9","automationName":"uiautomator2","autoGrantPermissions":true,"platformName":"Android","udid":"ASJNW19409003146","systemPort":63418},"capabilities":{"firstMatch":[{"appium:app":"C:\\Users\\Jose_Arrieta\\Desktop\\JA\\Proyectos\\Automatizacion de pruebas\\APK para inicio\\crtopyinfinitymobilebanking-release (8).apk","appium:autoGrantPermissions":true,"appium:automationName":"uiautomator2","deviceId":"","appium:deviceName":"HUAWEI MRD-LX3 (Android 9)","appium:fullReset":false,"appium:newCommandTimeout":1800,"appium:noReset":true,"platform":"ANDROID","platformName":"android","appium:platformVersion":"9","appium:systemPort":63418,"appium:udid":"ASJNW19409003146"}]}}[39m
[35m[BaseDriver][39m The following capabilities are not standard capabilities and should have an extension prefix:
[35m[BaseDriver][39m   deviceId
[35m[BaseDriver][39m   platform
[35m[BaseDriver][39m   chromedriverPort
[35m[Appium][39m Appium v1.22.3 creating new AndroidUiautomator2Driver (v1.70.1) session
[35m[BaseDriver][39m The following capabilities were provided, but are not recognized by Appium:
[35m[BaseDriver][39m   deviceId
[35m[BaseDriver][39m   platform
[35m[BaseDriver][39m Session created with session id: 2db4b240-58bf-4baf-8dde-6c45beb9f5c7
[35m[BaseDriver][39m Using local app 'C:\Users\Jose_Arrieta\Desktop\JA\Proyectos\Automatizacion de pruebas\APK para inicio\crtopyinfinitymobilebanking-release (8).apk'
[35m[ADB][39m Using 'adb.exe' from 'C:\Users\Jose_Arrieta\AppData\Local\Android\Sdk\platform-tools\adb.exe'
[35m[AndroidDriver][39m Retrieving device list
[35m[HTTP][39m [37m<-- POST /wd/hub/session [39m[31m500[39m [90m20174 ms - 681[39m
[35m[HTTP][39m [90m[39m
