[35m[Appium][39m Welcome to Appium v1.22.3
[35m[Appium][39m Non-default server args:
[35m[Appium][39m   port: 52343
[35m[Appium][39m   loglevel: info
[35m[Appium][39m   tmpDir: C:\Users\JOSE_A~1\AppData\Local\Temp\\Katalon\Appium\Temp1653367640468
[35m[Appium][39m   chromedriverPort: 52344
[35m[Appium][39m Deprecated server args:
[35m[Appium][39m   [31m--chromedriver-port[39m => --default-capabilities
[35m[Appium][39m Default capabilities, which will be added to each request unless overridden by desired capabilities:
[35m[Appium][39m   chromedriverPort: 52344
[35m[Appium][39m Appium REST http interface listener started on 0.0.0.0:52343
[35m[HTTP][39m [37m-->[39m [37mGET[39m [37m/wd/hub/status[39m
[35m[HTTP][39m [90m{}[39m
[35m[HTTP][39m [37m<-- GET /wd/hub/status [39m[32m200[39m [90m12 ms - 68[39m
[35m[HTTP][39m [90m[39m
[35m[HTTP][39m [37m-->[39m [37mPOST[39m [37m/wd/hub/session[39m
[35m[HTTP][39m [90m{"desiredCapabilities":{"app":"C:\\Users\\Jose_Arrieta\\Desktop\\JA\\Proyectos\\Automatizacion de pruebas\\APK para inicio\\crtopyinfinitymobilebanking-release (8).apk","noReset":true,"deviceId":"","deviceName":"HUAWEI MRD-LX3 (Android 9)","fullReset":false,"platform":"ANDROID","newCommandTimeout":1800,"platformVersion":"9","automationName":"uiautomator2","autoGrantPermissions":true,"platformName":"Android","udid":"ASJNW19409003146","systemPort":52342},"capabilities":{"firstMatch":[{"appium:app":"C:\\Users\\Jose_Arrieta\\Desktop\\JA\\Proyectos\\Automatizacion de pruebas\\APK para inicio\\crtopyinfinitymobilebanking-release (8).apk","appium:autoGrantPermissions":true,"appium:automationName":"uiautomator2","deviceId":"","appium:deviceName":"HUAWEI MRD-LX3 (Android 9)","appium:fullReset":false,"appium:newCommandTimeout":1800,"appium:noReset":true,"platform":"ANDROID","platformName":"android","appium:platformVersion":"9","appium:systemPort":52342,"appium:udid":"ASJNW19409003146"}]}}[39m
[35m[BaseDriver][39m The following capabilities are not standard capabilities and should have an extension prefix:
[35m[BaseDriver][39m   deviceId
[35m[BaseDriver][39m   platform
[35m[BaseDriver][39m   chromedriverPort
[35m[Appium][39m Appium v1.22.3 creating new AndroidUiautomator2Driver (v1.70.1) session
[35m[BaseDriver][39m The following capabilities were provided, but are not recognized by Appium:
[35m[BaseDriver][39m   deviceId
[35m[BaseDriver][39m   platform
[35m[BaseDriver][39m Session created with session id: 769c0194-f90a-4414-9ef7-573b0997debb
[35m[BaseDriver][39m Using local app 'C:\Users\Jose_Arrieta\Desktop\JA\Proyectos\Automatizacion de pruebas\APK para inicio\crtopyinfinitymobilebanking-release (8).apk'
[35m[ADB][39m Found 2 'build-tools' folders under 'C:\Users\Jose_Arrieta\AppData\Local\Android\Sdk' (newest first):
[35m[ADB][39m     C:/Users/Jose_Arrieta/AppData/Local/Android/Sdk/build-tools/32.1.0-rc1
[35m[ADB][39m     C:/Users/Jose_Arrieta/AppData/Local/Android/Sdk/build-tools/32.0.0
[35m[ADB][39m Using 'adb.exe' from 'C:\Users\Jose_Arrieta\AppData\Local\Android\Sdk\platform-tools\adb.exe'
[35m[AndroidDriver][39m Retrieving device list
[35m[HTTP][39m [37m<-- POST /wd/hub/session [39m[31m500[39m [90m20688 ms - 681[39m
[35m[HTTP][39m [90m[39m
[35m[HTTP][39m [37m-->[39m [37mGET[39m [37m/wd/hub/status[39m
[35m[HTTP][39m [90m{}[39m
[35m[HTTP][39m [37m<-- GET /wd/hub/status [39m[32m200[39m [90m2 ms - 68[39m
[35m[HTTP][39m [90m[39m
[35m[HTTP][39m [37m-->[39m [37mPOST[39m [37m/wd/hub/session[39m
[35m[HTTP][39m [90m{"desiredCapabilities":{"app":"C:\\Users\\Jose_Arrieta\\Desktop\\JA\\Proyectos\\Automatizacion de pruebas\\APK para inicio\\crtopyinfinitymobilebanking-release (8).apk","noReset":true,"deviceId":"","deviceName":"HUAWEI MRD-LX3 (Android 9)","fullReset":false,"platform":"ANDROID","newCommandTimeout":1800,"platformVersion":"9","automationName":"uiautomator2","autoGrantPermissions":true,"platformName":"Android","udid":"ASJNW19409003146","systemPort":52665},"capabilities":{"firstMatch":[{"appium:app":"C:\\Users\\Jose_Arrieta\\Desktop\\JA\\Proyectos\\Automatizacion de pruebas\\APK para inicio\\crtopyinfinitymobilebanking-release (8).apk","appium:autoGrantPermissions":true,"appium:automationName":"uiautomator2","deviceId":"","appium:deviceName":"HUAWEI MRD-LX3 (Android 9)","appium:fullReset":false,"appium:newCommandTimeout":1800,"appium:noReset":true,"platform":"ANDROID","platformName":"android","appium:platformVersion":"9","appium:systemPort":52665,"appium:udid":"ASJNW19409003146"}]}}[39m
[35m[BaseDriver][39m The following capabilities are not standard capabilities and should have an extension prefix:
[35m[BaseDriver][39m   deviceId
[35m[BaseDriver][39m   platform
[35m[BaseDriver][39m   chromedriverPort
[35m[Appium][39m Appium v1.22.3 creating new AndroidUiautomator2Driver (v1.70.1) session
[35m[BaseDriver][39m The following capabilities were provided, but are not recognized by Appium:
[35m[BaseDriver][39m   deviceId
[35m[BaseDriver][39m   platform
[35m[BaseDriver][39m Session created with session id: 28ba808a-c4f1-45b8-b594-603b7beeb508
[35m[BaseDriver][39m Using local app 'C:\Users\Jose_Arrieta\Desktop\JA\Proyectos\Automatizacion de pruebas\APK para inicio\crtopyinfinitymobilebanking-release (8).apk'
[35m[ADB][39m Using 'adb.exe' from 'C:\Users\Jose_Arrieta\AppData\Local\Android\Sdk\platform-tools\adb.exe'
[35m[AndroidDriver][39m Retrieving device list
[35m[HTTP][39m [37m<-- POST /wd/hub/session [39m[31m500[39m [90m20159 ms - 681[39m
[35m[HTTP][39m [90m[39m
[35m[HTTP][39m [37m-->[39m [37mGET[39m [37m/wd/hub/status[39m
[35m[HTTP][39m [90m{}[39m
[35m[HTTP][39m [37m<-- GET /wd/hub/status [39m[32m200[39m [90m1 ms - 68[39m
[35m[HTTP][39m [90m[39m
[35m[HTTP][39m [37m-->[39m [37mPOST[39m [37m/wd/hub/session[39m
[35m[HTTP][39m [90m{"desiredCapabilities":{"app":"C:\\Users\\Jose_Arrieta\\Desktop\\JA\\Proyectos\\Automatizacion de pruebas\\APK para inicio\\crtopyinfinitymobilebanking-release (8).apk","noReset":true,"deviceId":"","deviceName":"HUAWEI MRD-LX3 (Android 9)","fullReset":false,"platform":"ANDROID","newCommandTimeout":1800,"platformVersion":"9","automationName":"uiautomator2","autoGrantPermissions":true,"platformName":"Android","udid":"ASJNW19409003146","systemPort":52984},"capabilities":{"firstMatch":[{"appium:app":"C:\\Users\\Jose_Arrieta\\Desktop\\JA\\Proyectos\\Automatizacion de pruebas\\APK para inicio\\crtopyinfinitymobilebanking-release (8).apk","appium:autoGrantPermissions":true,"appium:automationName":"uiautomator2","deviceId":"","appium:deviceName":"HUAWEI MRD-LX3 (Android 9)","appium:fullReset":false,"appium:newCommandTimeout":1800,"appium:noReset":true,"platform":"ANDROID","platformName":"android","appium:platformVersion":"9","appium:systemPort":52984,"appium:udid":"ASJNW19409003146"}]}}[39m
[35m[BaseDriver][39m The following capabilities are not standard capabilities and should have an extension prefix:
[35m[BaseDriver][39m   deviceId
[35m[BaseDriver][39m   platform
[35m[BaseDriver][39m   chromedriverPort
[35m[Appium][39m Appium v1.22.3 creating new AndroidUiautomator2Driver (v1.70.1) session
[35m[BaseDriver][39m The following capabilities were provided, but are not recognized by Appium:
[35m[BaseDriver][39m   deviceId
[35m[BaseDriver][39m   platform
[35m[BaseDriver][39m Session created with session id: 2bbd4227-e85a-45a9-8210-228d41781cb6
[35m[BaseDriver][39m Using local app 'C:\Users\Jose_Arrieta\Desktop\JA\Proyectos\Automatizacion de pruebas\APK para inicio\crtopyinfinitymobilebanking-release (8).apk'
[35m[ADB][39m Using 'adb.exe' from 'C:\Users\Jose_Arrieta\AppData\Local\Android\Sdk\platform-tools\adb.exe'
[35m[AndroidDriver][39m Retrieving device list
[35m[HTTP][39m [37m<-- POST /wd/hub/session [39m[31m500[39m [90m20232 ms - 681[39m
[35m[HTTP][39m [90m[39m
[35m[HTTP][39m [37m-->[39m [37mGET[39m [37m/wd/hub/status[39m
[35m[HTTP][39m [90m{}[39m
[35m[HTTP][39m [37m<-- GET /wd/hub/status [39m[32m200[39m [90m1 ms - 68[39m
[35m[HTTP][39m [90m[39m
[35m[HTTP][39m [37m-->[39m [37mPOST[39m [37m/wd/hub/session[39m
[35m[HTTP][39m [90m{"desiredCapabilities":{"app":"C:\\Users\\Jose_Arrieta\\Desktop\\JA\\Proyectos\\Automatizacion de pruebas\\APK para inicio\\crtopyinfinitymobilebanking-release (8).apk","noReset":true,"deviceId":"","deviceName":"HUAWEI MRD-LX3 (Android 9)","fullReset":false,"platform":"ANDROID","newCommandTimeout":1800,"platformVersion":"9","automationName":"uiautomator2","autoGrantPermissions":true,"platformName":"Android","udid":"ASJNW19409003146","systemPort":53304},"capabilities":{"firstMatch":[{"appium:app":"C:\\Users\\Jose_Arrieta\\Desktop\\JA\\Proyectos\\Automatizacion de pruebas\\APK para inicio\\crtopyinfinitymobilebanking-release (8).apk","appium:autoGrantPermissions":true,"appium:automationName":"uiautomator2","deviceId":"","appium:deviceName":"HUAWEI MRD-LX3 (Android 9)","appium:fullReset":false,"appium:newCommandTimeout":1800,"appium:noReset":true,"platform":"ANDROID","platformName":"android","appium:platformVersion":"9","appium:systemPort":53304,"appium:udid":"ASJNW19409003146"}]}}[39m
[35m[BaseDriver][39m The following capabilities are not standard capabilities and should have an extension prefix:
[35m[BaseDriver][39m   deviceId
[35m[BaseDriver][39m   platform
[35m[BaseDriver][39m   chromedriverPort
[35m[Appium][39m Appium v1.22.3 creating new AndroidUiautomator2Driver (v1.70.1) session
[35m[BaseDriver][39m The following capabilities were provided, but are not recognized by Appium:
[35m[BaseDriver][39m   deviceId
[35m[BaseDriver][39m   platform
[35m[BaseDriver][39m Session created with session id: 3ecccb22-a2b4-4a27-9a72-28c8d85cbbd3
[35m[BaseDriver][39m Using local app 'C:\Users\Jose_Arrieta\Desktop\JA\Proyectos\Automatizacion de pruebas\APK para inicio\crtopyinfinitymobilebanking-release (8).apk'
[35m[ADB][39m Using 'adb.exe' from 'C:\Users\Jose_Arrieta\AppData\Local\Android\Sdk\platform-tools\adb.exe'
[35m[AndroidDriver][39m Retrieving device list
[35m[HTTP][39m [37m<-- POST /wd/hub/session [39m[31m500[39m [90m20220 ms - 681[39m
[35m[HTTP][39m [90m[39m
