[35m[Appium][39m Welcome to Appium v1.22.3
[35m[Appium][39m Non-default server args:
[35m[Appium][39m   port: 57053
[35m[Appium][39m   loglevel: info
[35m[Appium][39m   tmpDir: C:\Users\JOSE_A~1\AppData\Local\Temp\\Katalon\Appium\Temp1653365423173
[35m[Appium][39m   chromedriverPort: 57054
[35m[Appium][39m Deprecated server args:
[35m[Appium][39m   [31m--chromedriver-port[39m => --default-capabilities
[35m[Appium][39m Default capabilities, which will be added to each request unless overridden by desired capabilities:
[35m[Appium][39m   chromedriverPort: 57054
[35m[Appium][39m Appium REST http interface listener started on 0.0.0.0:57053
[35m[HTTP][39m [37m-->[39m [37mGET[39m [37m/wd/hub/status[39m
[35m[HTTP][39m [90m{}[39m
[35m[HTTP][39m [37m<-- GET /wd/hub/status [39m[32m200[39m [90m7 ms - 68[39m
[35m[HTTP][39m [90m[39m
[35m[HTTP][39m [37m-->[39m [37mPOST[39m [37m/wd/hub/session[39m
[35m[HTTP][39m [90m{"desiredCapabilities":{"app":"C:\\Users\\Jose_Arrieta\\Desktop\\JA\\Proyectos\\Automatizacion de pruebas\\APK para inicio\\crtopyinfinitymobilebanking-release (8).apk","noReset":true,"deviceId":"","deviceName":"HUAWEI MRD-LX3 (Android 9)","fullReset":false,"platform":"ANDROID","newCommandTimeout":1800,"platformVersion":"9","automationName":"uiautomator2","autoGrantPermissions":true,"platformName":"Android","udid":"ASJNW19409003146","systemPort":57052},"capabilities":{"firstMatch":[{"appium:app":"C:\\Users\\Jose_Arrieta\\Desktop\\JA\\Proyectos\\Automatizacion de pruebas\\APK para inicio\\crtopyinfinitymobilebanking-release (8).apk","appium:autoGrantPermissions":true,"appium:automationName":"uiautomator2","deviceId":"","appium:deviceName":"HUAWEI MRD-LX3 (Android 9)","appium:fullReset":false,"appium:newCommandTimeout":1800,"appium:noReset":true,"platform":"ANDROID","platformName":"android","appium:platformVersion":"9","appium:systemPort":57052,"appium:udid":"ASJNW19409003146"}]}}[39m
[35m[BaseDriver][39m The following capabilities are not standard capabilities and should have an extension prefix:
[35m[BaseDriver][39m   deviceId
[35m[BaseDriver][39m   platform
[35m[BaseDriver][39m   chromedriverPort
[35m[Appium][39m Appium v1.22.3 creating new AndroidUiautomator2Driver (v1.70.1) session
[35m[BaseDriver][39m The following capabilities were provided, but are not recognized by Appium:
[35m[BaseDriver][39m   deviceId
[35m[BaseDriver][39m   platform
[35m[BaseDriver][39m Session created with session id: db58307a-cea2-4ccf-ab03-0a0d786eadf9
[35m[BaseDriver][39m Using local app 'C:\Users\Jose_Arrieta\Desktop\JA\Proyectos\Automatizacion de pruebas\APK para inicio\crtopyinfinitymobilebanking-release (8).apk'
[35m[ADB][39m Found 2 'build-tools' folders under 'C:\Users\Jose_Arrieta\AppData\Local\Android\Sdk' (newest first):
[35m[ADB][39m     C:/Users/Jose_Arrieta/AppData/Local/Android/Sdk/build-tools/32.1.0-rc1
[35m[ADB][39m     C:/Users/Jose_Arrieta/AppData/Local/Android/Sdk/build-tools/32.0.0
[35m[ADB][39m Using 'adb.exe' from 'C:\Users\Jose_Arrieta\AppData\Local\Android\Sdk\platform-tools\adb.exe'
[35m[AndroidDriver][39m Retrieving device list
[35m[HTTP][39m [37m<-- POST /wd/hub/session [39m[31m500[39m [90m20669 ms - 681[39m
[35m[HTTP][39m [90m[39m
[35m[HTTP][39m [37m-->[39m [37mGET[39m [37m/wd/hub/status[39m
[35m[HTTP][39m [90m{}[39m
[35m[HTTP][39m [37m<-- GET /wd/hub/status [39m[32m200[39m [90m1 ms - 68[39m
[35m[HTTP][39m [90m[39m
[35m[HTTP][39m [37m-->[39m [37mPOST[39m [37m/wd/hub/session[39m
[35m[HTTP][39m [90m{"desiredCapabilities":{"app":"C:\\Users\\Jose_Arrieta\\Desktop\\JA\\Proyectos\\Automatizacion de pruebas\\APK para inicio\\crtopyinfinitymobilebanking-release (8).apk","noReset":true,"deviceId":"","deviceName":"HUAWEI MRD-LX3 (Android 9)","fullReset":false,"platform":"ANDROID","newCommandTimeout":1800,"platformVersion":"9","automationName":"uiautomator2","autoGrantPermissions":true,"platformName":"Android","udid":"ASJNW19409003146","systemPort":57376},"capabilities":{"firstMatch":[{"appium:app":"C:\\Users\\Jose_Arrieta\\Desktop\\JA\\Proyectos\\Automatizacion de pruebas\\APK para inicio\\crtopyinfinitymobilebanking-release (8).apk","appium:autoGrantPermissions":true,"appium:automationName":"uiautomator2","deviceId":"","appium:deviceName":"HUAWEI MRD-LX3 (Android 9)","appium:fullReset":false,"appium:newCommandTimeout":1800,"appium:noReset":true,"platform":"ANDROID","platformName":"android","appium:platformVersion":"9","appium:systemPort":57376,"appium:udid":"ASJNW19409003146"}]}}[39m
[35m[BaseDriver][39m The following capabilities are not standard capabilities and should have an extension prefix:
[35m[BaseDriver][39m   deviceId
[35m[BaseDriver][39m   platform
[35m[BaseDriver][39m   chromedriverPort
[35m[Appium][39m Appium v1.22.3 creating new AndroidUiautomator2Driver (v1.70.1) session
[35m[BaseDriver][39m The following capabilities were provided, but are not recognized by Appium:
[35m[BaseDriver][39m   deviceId
[35m[BaseDriver][39m   platform
[35m[BaseDriver][39m Session created with session id: 6fead1df-b051-4b4f-8fd7-9a3f30b07ff7
[35m[BaseDriver][39m Using local app 'C:\Users\Jose_Arrieta\Desktop\JA\Proyectos\Automatizacion de pruebas\APK para inicio\crtopyinfinitymobilebanking-release (8).apk'
[35m[ADB][39m Using 'adb.exe' from 'C:\Users\Jose_Arrieta\AppData\Local\Android\Sdk\platform-tools\adb.exe'
[35m[AndroidDriver][39m Retrieving device list
[35m[HTTP][39m [37m<-- POST /wd/hub/session [39m[31m500[39m [90m20293 ms - 681[39m
[35m[HTTP][39m [90m[39m
[35m[HTTP][39m [37m-->[39m [37mGET[39m [37m/wd/hub/status[39m
[35m[HTTP][39m [90m{}[39m
[35m[HTTP][39m [37m<-- GET /wd/hub/status [39m[32m200[39m [90m1 ms - 68[39m
[35m[HTTP][39m [90m[39m
[35m[HTTP][39m [37m-->[39m [37mPOST[39m [37m/wd/hub/session[39m
[35m[HTTP][39m [90m{"desiredCapabilities":{"app":"C:\\Users\\Jose_Arrieta\\Desktop\\JA\\Proyectos\\Automatizacion de pruebas\\APK para inicio\\crtopyinfinitymobilebanking-release (8).apk","noReset":true,"deviceId":"","deviceName":"HUAWEI MRD-LX3 (Android 9)","fullReset":false,"platform":"ANDROID","newCommandTimeout":1800,"platformVersion":"9","automationName":"uiautomator2","autoGrantPermissions":true,"platformName":"Android","udid":"ASJNW19409003146","systemPort":57696},"capabilities":{"firstMatch":[{"appium:app":"C:\\Users\\Jose_Arrieta\\Desktop\\JA\\Proyectos\\Automatizacion de pruebas\\APK para inicio\\crtopyinfinitymobilebanking-release (8).apk","appium:autoGrantPermissions":true,"appium:automationName":"uiautomator2","deviceId":"","appium:deviceName":"HUAWEI MRD-LX3 (Android 9)","appium:fullReset":false,"appium:newCommandTimeout":1800,"appium:noReset":true,"platform":"ANDROID","platformName":"android","appium:platformVersion":"9","appium:systemPort":57696,"appium:udid":"ASJNW19409003146"}]}}[39m
[35m[BaseDriver][39m The following capabilities are not standard capabilities and should have an extension prefix:
[35m[BaseDriver][39m   deviceId
[35m[BaseDriver][39m   platform
[35m[BaseDriver][39m   chromedriverPort
[35m[Appium][39m Appium v1.22.3 creating new AndroidUiautomator2Driver (v1.70.1) session
[35m[BaseDriver][39m The following capabilities were provided, but are not recognized by Appium:
[35m[BaseDriver][39m   deviceId
[35m[BaseDriver][39m   platform
[35m[BaseDriver][39m Session created with session id: 0eb4112a-74ee-4276-925e-8d3cf70037c7
[35m[BaseDriver][39m Using local app 'C:\Users\Jose_Arrieta\Desktop\JA\Proyectos\Automatizacion de pruebas\APK para inicio\crtopyinfinitymobilebanking-release (8).apk'
[35m[ADB][39m Using 'adb.exe' from 'C:\Users\Jose_Arrieta\AppData\Local\Android\Sdk\platform-tools\adb.exe'
[35m[AndroidDriver][39m Retrieving device list
[35m[HTTP][39m [37m<-- POST /wd/hub/session [39m[31m500[39m [90m20251 ms - 681[39m
[35m[HTTP][39m [90m[39m
[35m[HTTP][39m [37m-->[39m [37mGET[39m [37m/wd/hub/status[39m
[35m[HTTP][39m [90m{}[39m
[35m[HTTP][39m [37m<-- GET /wd/hub/status [39m[32m200[39m [90m1 ms - 68[39m
[35m[HTTP][39m [90m[39m
[35m[HTTP][39m [37m-->[39m [37mPOST[39m [37m/wd/hub/session[39m
[35m[HTTP][39m [90m{"desiredCapabilities":{"app":"C:\\Users\\Jose_Arrieta\\Desktop\\JA\\Proyectos\\Automatizacion de pruebas\\APK para inicio\\crtopyinfinitymobilebanking-release (8).apk","noReset":true,"deviceId":"","deviceName":"HUAWEI MRD-LX3 (Android 9)","fullReset":false,"platform":"ANDROID","newCommandTimeout":1800,"platformVersion":"9","automationName":"uiautomator2","autoGrantPermissions":true,"platformName":"Android","udid":"ASJNW19409003146","systemPort":58020},"capabilities":{"firstMatch":[{"appium:app":"C:\\Users\\Jose_Arrieta\\Desktop\\JA\\Proyectos\\Automatizacion de pruebas\\APK para inicio\\crtopyinfinitymobilebanking-release (8).apk","appium:autoGrantPermissions":true,"appium:automationName":"uiautomator2","deviceId":"","appium:deviceName":"HUAWEI MRD-LX3 (Android 9)","appium:fullReset":false,"appium:newCommandTimeout":1800,"appium:noReset":true,"platform":"ANDROID","platformName":"android","appium:platformVersion":"9","appium:systemPort":58020,"appium:udid":"ASJNW19409003146"}]}}[39m
[35m[BaseDriver][39m The following capabilities are not standard capabilities and should have an extension prefix:
[35m[BaseDriver][39m   deviceId
[35m[BaseDriver][39m   platform
[35m[BaseDriver][39m   chromedriverPort
[35m[Appium][39m Appium v1.22.3 creating new AndroidUiautomator2Driver (v1.70.1) session
[35m[BaseDriver][39m The following capabilities were provided, but are not recognized by Appium:
[35m[BaseDriver][39m   deviceId
[35m[BaseDriver][39m   platform
[35m[BaseDriver][39m Session created with session id: 9b33aae6-183c-4ad9-9a48-b5ba09123825
[35m[BaseDriver][39m Using local app 'C:\Users\Jose_Arrieta\Desktop\JA\Proyectos\Automatizacion de pruebas\APK para inicio\crtopyinfinitymobilebanking-release (8).apk'
[35m[ADB][39m Using 'adb.exe' from 'C:\Users\Jose_Arrieta\AppData\Local\Android\Sdk\platform-tools\adb.exe'
[35m[AndroidDriver][39m Retrieving device list
[35m[HTTP][39m [37m<-- POST /wd/hub/session [39m[31m500[39m [90m20253 ms - 681[39m
[35m[HTTP][39m [90m[39m
[35m[HTTP][39m [37m-->[39m [37mGET[39m [37m/wd/hub/status[39m
[35m[HTTP][39m [90m{}[39m
[35m[HTTP][39m [37m<-- GET /wd/hub/status [39m[32m200[39m [90m1 ms - 68[39m
[35m[HTTP][39m [90m[39m
[35m[HTTP][39m [37m-->[39m [37mPOST[39m [37m/wd/hub/session[39m
[35m[HTTP][39m [90m{"desiredCapabilities":{"app":"C:\\Users\\Jose_Arrieta\\Desktop\\JA\\Proyectos\\Automatizacion de pruebas\\APK para inicio\\crtopyinfinitymobilebanking-release (8).apk","noReset":true,"deviceId":"","deviceName":"HUAWEI MRD-LX3 (Android 9)","fullReset":false,"platform":"ANDROID","newCommandTimeout":1800,"platformVersion":"9","automationName":"uiautomator2","autoGrantPermissions":true,"platformName":"Android","udid":"ASJNW19409003146","systemPort":55338},"capabilities":{"firstMatch":[{"appium:app":"C:\\Users\\Jose_Arrieta\\Desktop\\JA\\Proyectos\\Automatizacion de pruebas\\APK para inicio\\crtopyinfinitymobilebanking-release (8).apk","appium:autoGrantPermissions":true,"appium:automationName":"uiautomator2","deviceId":"","appium:deviceName":"HUAWEI MRD-LX3 (Android 9)","appium:fullReset":false,"appium:newCommandTimeout":1800,"appium:noReset":true,"platform":"ANDROID","platformName":"android","appium:platformVersion":"9","appium:systemPort":55338,"appium:udid":"ASJNW19409003146"}]}}[39m
[35m[BaseDriver][39m The following capabilities are not standard capabilities and should have an extension prefix:
[35m[BaseDriver][39m   deviceId
[35m[BaseDriver][39m   platform
[35m[BaseDriver][39m   chromedriverPort
[35m[Appium][39m Appium v1.22.3 creating new AndroidUiautomator2Driver (v1.70.1) session
[35m[BaseDriver][39m The following capabilities were provided, but are not recognized by Appium:
[35m[BaseDriver][39m   deviceId
[35m[BaseDriver][39m   platform
[35m[BaseDriver][39m Session created with session id: 0d0bf7ab-16d4-43f8-81d6-18e22db73d3d
[35m[BaseDriver][39m Using local app 'C:\Users\Jose_Arrieta\Desktop\JA\Proyectos\Automatizacion de pruebas\APK para inicio\crtopyinfinitymobilebanking-release (8).apk'
[35m[ADB][39m Using 'adb.exe' from 'C:\Users\Jose_Arrieta\AppData\Local\Android\Sdk\platform-tools\adb.exe'
[35m[AndroidDriver][39m Retrieving device list
[35m[HTTP][39m [37m<-- POST /wd/hub/session [39m[31m500[39m [90m20176 ms - 681[39m
[35m[HTTP][39m [90m[39m
[35m[HTTP][39m [37m-->[39m [37mGET[39m [37m/wd/hub/status[39m
[35m[HTTP][39m [90m{}[39m
[35m[HTTP][39m [37m<-- GET /wd/hub/status [39m[32m200[39m [90m1 ms - 68[39m
[35m[HTTP][39m [90m[39m
[35m[HTTP][39m [37m-->[39m [37mPOST[39m [37m/wd/hub/session[39m
[35m[HTTP][39m [90m{"desiredCapabilities":{"app":"C:\\Users\\Jose_Arrieta\\Desktop\\JA\\Proyectos\\Automatizacion de pruebas\\APK para inicio\\crtopyinfinitymobilebanking-release (8).apk","noReset":true,"deviceId":"","deviceName":"HUAWEI MRD-LX3 (Android 9)","fullReset":false,"platform":"ANDROID","newCommandTimeout":1800,"platformVersion":"9","automationName":"uiautomator2","autoGrantPermissions":true,"platformName":"Android","udid":"ASJNW19409003146","systemPort":55658},"capabilities":{"firstMatch":[{"appium:app":"C:\\Users\\Jose_Arrieta\\Desktop\\JA\\Proyectos\\Automatizacion de pruebas\\APK para inicio\\crtopyinfinitymobilebanking-release (8).apk","appium:autoGrantPermissions":true,"appium:automationName":"uiautomator2","deviceId":"","appium:deviceName":"HUAWEI MRD-LX3 (Android 9)","appium:fullReset":false,"appium:newCommandTimeout":1800,"appium:noReset":true,"platform":"ANDROID","platformName":"android","appium:platformVersion":"9","appium:systemPort":55658,"appium:udid":"ASJNW19409003146"}]}}[39m
[35m[BaseDriver][39m The following capabilities are not standard capabilities and should have an extension prefix:
[35m[BaseDriver][39m   deviceId
[35m[BaseDriver][39m   platform
[35m[BaseDriver][39m   chromedriverPort
[35m[Appium][39m Appium v1.22.3 creating new AndroidUiautomator2Driver (v1.70.1) session
[35m[BaseDriver][39m The following capabilities were provided, but are not recognized by Appium:
[35m[BaseDriver][39m   deviceId
[35m[BaseDriver][39m   platform
[35m[BaseDriver][39m Session created with session id: b261099e-05cc-4ffd-b855-775be4fd0272
[35m[BaseDriver][39m Using local app 'C:\Users\Jose_Arrieta\Desktop\JA\Proyectos\Automatizacion de pruebas\APK para inicio\crtopyinfinitymobilebanking-release (8).apk'
[35m[ADB][39m Using 'adb.exe' from 'C:\Users\Jose_Arrieta\AppData\Local\Android\Sdk\platform-tools\adb.exe'
[35m[AndroidDriver][39m Retrieving device list
[35m[HTTP][39m [37m<-- POST /wd/hub/session [39m[31m500[39m [90m20185 ms - 681[39m
[35m[HTTP][39m [90m[39m
[35m[HTTP][39m [37m-->[39m [37mGET[39m [37m/wd/hub/status[39m
[35m[HTTP][39m [90m{}[39m
[35m[HTTP][39m [37m<-- GET /wd/hub/status [39m[32m200[39m [90m1 ms - 68[39m
[35m[HTTP][39m [90m[39m
[35m[HTTP][39m [37m-->[39m [37mPOST[39m [37m/wd/hub/session[39m
[35m[HTTP][39m [90m{"desiredCapabilities":{"app":"C:\\Users\\Jose_Arrieta\\Desktop\\JA\\Proyectos\\Automatizacion de pruebas\\APK para inicio\\crtopyinfinitymobilebanking-release (8).apk","noReset":true,"deviceId":"","deviceName":"HUAWEI MRD-LX3 (Android 9)","fullReset":false,"platform":"ANDROID","newCommandTimeout":1800,"platformVersion":"9","automationName":"uiautomator2","autoGrantPermissions":true,"platformName":"Android","udid":"ASJNW19409003146","systemPort":53987},"capabilities":{"firstMatch":[{"appium:app":"C:\\Users\\Jose_Arrieta\\Desktop\\JA\\Proyectos\\Automatizacion de pruebas\\APK para inicio\\crtopyinfinitymobilebanking-release (8).apk","appium:autoGrantPermissions":true,"appium:automationName":"uiautomator2","deviceId":"","appium:deviceName":"HUAWEI MRD-LX3 (Android 9)","appium:fullReset":false,"appium:newCommandTimeout":1800,"appium:noReset":true,"platform":"ANDROID","platformName":"android","appium:platformVersion":"9","appium:systemPort":53987,"appium:udid":"ASJNW19409003146"}]}}[39m
[35m[BaseDriver][39m The following capabilities are not standard capabilities and should have an extension prefix:
[35m[BaseDriver][39m   deviceId
[35m[BaseDriver][39m   platform
[35m[BaseDriver][39m   chromedriverPort
[35m[Appium][39m Appium v1.22.3 creating new AndroidUiautomator2Driver (v1.70.1) session
[35m[BaseDriver][39m The following capabilities were provided, but are not recognized by Appium:
[35m[BaseDriver][39m   deviceId
[35m[BaseDriver][39m   platform
[35m[BaseDriver][39m Session created with session id: e50f4fcd-f1f9-48be-9fcf-624791f5d612
[35m[BaseDriver][39m Using local app 'C:\Users\Jose_Arrieta\Desktop\JA\Proyectos\Automatizacion de pruebas\APK para inicio\crtopyinfinitymobilebanking-release (8).apk'
[35m[ADB][39m Using 'adb.exe' from 'C:\Users\Jose_Arrieta\AppData\Local\Android\Sdk\platform-tools\adb.exe'
[35m[AndroidDriver][39m Retrieving device list
[35m[HTTP][39m [37m<-- POST /wd/hub/session [39m[31m500[39m [90m20294 ms - 681[39m
[35m[HTTP][39m [90m[39m
[35m[HTTP][39m [37m-->[39m [37mGET[39m [37m/wd/hub/status[39m
[35m[HTTP][39m [90m{}[39m
[35m[HTTP][39m [37m<-- GET /wd/hub/status [39m[32m200[39m [90m1 ms - 68[39m
[35m[HTTP][39m [90m[39m
[35m[HTTP][39m [37m-->[39m [37mPOST[39m [37m/wd/hub/session[39m
[35m[HTTP][39m [90m{"desiredCapabilities":{"app":"C:\\Users\\Jose_Arrieta\\Desktop\\JA\\Proyectos\\Automatizacion de pruebas\\APK para inicio\\crtopyinfinitymobilebanking-release (8).apk","noReset":true,"deviceId":"","deviceName":"HUAWEI MRD-LX3 (Android 9)","fullReset":false,"platform":"ANDROID","newCommandTimeout":1800,"platformVersion":"9","automationName":"uiautomator2","autoGrantPermissions":true,"platformName":"Android","udid":"ASJNW19409003146","systemPort":54310},"capabilities":{"firstMatch":[{"appium:app":"C:\\Users\\Jose_Arrieta\\Desktop\\JA\\Proyectos\\Automatizacion de pruebas\\APK para inicio\\crtopyinfinitymobilebanking-release (8).apk","appium:autoGrantPermissions":true,"appium:automationName":"uiautomator2","deviceId":"","appium:deviceName":"HUAWEI MRD-LX3 (Android 9)","appium:fullReset":false,"appium:newCommandTimeout":1800,"appium:noReset":true,"platform":"ANDROID","platformName":"android","appium:platformVersion":"9","appium:systemPort":54310,"appium:udid":"ASJNW19409003146"}]}}[39m
[35m[BaseDriver][39m The following capabilities are not standard capabilities and should have an extension prefix:
[35m[BaseDriver][39m   deviceId
[35m[BaseDriver][39m   platform
[35m[BaseDriver][39m   chromedriverPort
[35m[Appium][39m Appium v1.22.3 creating new AndroidUiautomator2Driver (v1.70.1) session
[35m[BaseDriver][39m The following capabilities were provided, but are not recognized by Appium:
[35m[BaseDriver][39m   deviceId
[35m[BaseDriver][39m   platform
[35m[BaseDriver][39m Session created with session id: 2c3261c9-459f-4565-a551-b898f0de59ff
[35m[BaseDriver][39m Using local app 'C:\Users\Jose_Arrieta\Desktop\JA\Proyectos\Automatizacion de pruebas\APK para inicio\crtopyinfinitymobilebanking-release (8).apk'
[35m[ADB][39m Using 'adb.exe' from 'C:\Users\Jose_Arrieta\AppData\Local\Android\Sdk\platform-tools\adb.exe'
[35m[AndroidDriver][39m Retrieving device list
[35m[HTTP][39m [37m<-- POST /wd/hub/session [39m[31m500[39m [90m20253 ms - 681[39m
[35m[HTTP][39m [90m[39m
[35m[HTTP][39m [37m-->[39m [37mGET[39m [37m/wd/hub/status[39m
[35m[HTTP][39m [90m{}[39m
[35m[HTTP][39m [37m<-- GET /wd/hub/status [39m[32m200[39m [90m1 ms - 68[39m
[35m[HTTP][39m [90m[39m
[35m[HTTP][39m [37m-->[39m [37mPOST[39m [37m/wd/hub/session[39m
[35m[HTTP][39m [90m{"desiredCapabilities":{"app":"C:\\Users\\Jose_Arrieta\\Desktop\\JA\\Proyectos\\Automatizacion de pruebas\\APK para inicio\\crtopyinfinitymobilebanking-release (8).apk","noReset":true,"deviceId":"","deviceName":"HUAWEI MRD-LX3 (Android 9)","fullReset":false,"platform":"ANDROID","newCommandTimeout":1800,"platformVersion":"9","automationName":"uiautomator2","autoGrantPermissions":true,"platformName":"Android","udid":"ASJNW19409003146","systemPort":51876},"capabilities":{"firstMatch":[{"appium:app":"C:\\Users\\Jose_Arrieta\\Desktop\\JA\\Proyectos\\Automatizacion de pruebas\\APK para inicio\\crtopyinfinitymobilebanking-release (8).apk","appium:autoGrantPermissions":true,"appium:automationName":"uiautomator2","deviceId":"","appium:deviceName":"HUAWEI MRD-LX3 (Android 9)","appium:fullReset":false,"appium:newCommandTimeout":1800,"appium:noReset":true,"platform":"ANDROID","platformName":"android","appium:platformVersion":"9","appium:systemPort":51876,"appium:udid":"ASJNW19409003146"}]}}[39m
[35m[BaseDriver][39m The following capabilities are not standard capabilities and should have an extension prefix:
[35m[BaseDriver][39m   deviceId
[35m[BaseDriver][39m   platform
[35m[BaseDriver][39m   chromedriverPort
[35m[Appium][39m Appium v1.22.3 creating new AndroidUiautomator2Driver (v1.70.1) session
[35m[BaseDriver][39m The following capabilities were provided, but are not recognized by Appium:
[35m[BaseDriver][39m   deviceId
[35m[BaseDriver][39m   platform
[35m[BaseDriver][39m Session created with session id: 679303e3-cd2b-4c5c-b132-e56deb6c0592
[35m[BaseDriver][39m Using local app 'C:\Users\Jose_Arrieta\Desktop\JA\Proyectos\Automatizacion de pruebas\APK para inicio\crtopyinfinitymobilebanking-release (8).apk'
[35m[ADB][39m Using 'adb.exe' from 'C:\Users\Jose_Arrieta\AppData\Local\Android\Sdk\platform-tools\adb.exe'
[35m[AndroidDriver][39m Retrieving device list
[35m[HTTP][39m [37m<-- POST /wd/hub/session [39m[31m500[39m [90m20153 ms - 681[39m
[35m[HTTP][39m [90m[39m
[35m[HTTP][39m [37m-->[39m [37mGET[39m [37m/wd/hub/status[39m
[35m[HTTP][39m [90m{}[39m
[35m[HTTP][39m [37m<-- GET /wd/hub/status [39m[32m200[39m [90m1 ms - 68[39m
[35m[HTTP][39m [90m[39m
[35m[HTTP][39m [37m-->[39m [37mPOST[39m [37m/wd/hub/session[39m
[35m[HTTP][39m [90m{"desiredCapabilities":{"app":"C:\\Users\\Jose_Arrieta\\Desktop\\JA\\Proyectos\\Automatizacion de pruebas\\APK para inicio\\crtopyinfinitymobilebanking-release (8).apk","noReset":true,"deviceId":"","deviceName":"HUAWEI MRD-LX3 (Android 9)","fullReset":false,"platform":"ANDROID","newCommandTimeout":1800,"platformVersion":"9","automationName":"uiautomator2","autoGrantPermissions":true,"platformName":"Android","udid":"ASJNW19409003146","systemPort":52200},"capabilities":{"firstMatch":[{"appium:app":"C:\\Users\\Jose_Arrieta\\Desktop\\JA\\Proyectos\\Automatizacion de pruebas\\APK para inicio\\crtopyinfinitymobilebanking-release (8).apk","appium:autoGrantPermissions":true,"appium:automationName":"uiautomator2","deviceId":"","appium:deviceName":"HUAWEI MRD-LX3 (Android 9)","appium:fullReset":false,"appium:newCommandTimeout":1800,"appium:noReset":true,"platform":"ANDROID","platformName":"android","appium:platformVersion":"9","appium:systemPort":52200,"appium:udid":"ASJNW19409003146"}]}}[39m
[35m[BaseDriver][39m The following capabilities are not standard capabilities and should have an extension prefix:
[35m[BaseDriver][39m   deviceId
[35m[BaseDriver][39m   platform
[35m[BaseDriver][39m   chromedriverPort
[35m[Appium][39m Appium v1.22.3 creating new AndroidUiautomator2Driver (v1.70.1) session
[35m[BaseDriver][39m The following capabilities were provided, but are not recognized by Appium:
[35m[BaseDriver][39m   deviceId
[35m[BaseDriver][39m   platform
[35m[BaseDriver][39m Session created with session id: 193600f3-c85e-44d5-ab15-0e2c3dd970f3
[35m[BaseDriver][39m Using local app 'C:\Users\Jose_Arrieta\Desktop\JA\Proyectos\Automatizacion de pruebas\APK para inicio\crtopyinfinitymobilebanking-release (8).apk'
[35m[ADB][39m Using 'adb.exe' from 'C:\Users\Jose_Arrieta\AppData\Local\Android\Sdk\platform-tools\adb.exe'
[35m[AndroidDriver][39m Retrieving device list
[35m[HTTP][39m [37m<-- POST /wd/hub/session [39m[31m500[39m [90m20157 ms - 681[39m
[35m[HTTP][39m [90m[39m
[35m[HTTP][39m [37m-->[39m [37mGET[39m [37m/wd/hub/status[39m
[35m[HTTP][39m [90m{}[39m
[35m[HTTP][39m [37m<-- GET /wd/hub/status [39m[32m200[39m [90m1 ms - 68[39m
[35m[HTTP][39m [90m[39m
[35m[HTTP][39m [37m-->[39m [37mPOST[39m [37m/wd/hub/session[39m
[35m[HTTP][39m [90m{"desiredCapabilities":{"app":"C:\\Users\\Jose_Arrieta\\Desktop\\JA\\Proyectos\\Automatizacion de pruebas\\APK para inicio\\crtopyinfinitymobilebanking-release (8).apk","noReset":true,"deviceId":"","deviceName":"HUAWEI MRD-LX3 (Android 9)","fullReset":false,"platform":"ANDROID","newCommandTimeout":1800,"platformVersion":"9","automationName":"uiautomator2","autoGrantPermissions":true,"platformName":"Android","udid":"ASJNW19409003146","systemPort":52521},"capabilities":{"firstMatch":[{"appium:app":"C:\\Users\\Jose_Arrieta\\Desktop\\JA\\Proyectos\\Automatizacion de pruebas\\APK para inicio\\crtopyinfinitymobilebanking-release (8).apk","appium:autoGrantPermissions":true,"appium:automationName":"uiautomator2","deviceId":"","appium:deviceName":"HUAWEI MRD-LX3 (Android 9)","appium:fullReset":false,"appium:newCommandTimeout":1800,"appium:noReset":true,"platform":"ANDROID","platformName":"android","appium:platformVersion":"9","appium:systemPort":52521,"appium:udid":"ASJNW19409003146"}]}}[39m
[35m[BaseDriver][39m The following capabilities are not standard capabilities and should have an extension prefix:
[35m[BaseDriver][39m   deviceId
[35m[BaseDriver][39m   platform
[35m[BaseDriver][39m   chromedriverPort
[35m[Appium][39m Appium v1.22.3 creating new AndroidUiautomator2Driver (v1.70.1) session
[35m[BaseDriver][39m The following capabilities were provided, but are not recognized by Appium:
[35m[BaseDriver][39m   deviceId
[35m[BaseDriver][39m   platform
[35m[BaseDriver][39m Session created with session id: 8a743f64-f66d-4b2e-89f5-42d1bd282ffc
[35m[BaseDriver][39m Using local app 'C:\Users\Jose_Arrieta\Desktop\JA\Proyectos\Automatizacion de pruebas\APK para inicio\crtopyinfinitymobilebanking-release (8).apk'
[35m[ADB][39m Using 'adb.exe' from 'C:\Users\Jose_Arrieta\AppData\Local\Android\Sdk\platform-tools\adb.exe'
[35m[AndroidDriver][39m Retrieving device list
[35m[HTTP][39m [37m<-- POST /wd/hub/session [39m[31m500[39m [90m20177 ms - 681[39m
[35m[HTTP][39m [90m[39m
[35m[HTTP][39m [37m-->[39m [37mGET[39m [37m/wd/hub/status[39m
[35m[HTTP][39m [90m{}[39m
[35m[HTTP][39m [37m<-- GET /wd/hub/status [39m[32m200[39m [90m1 ms - 68[39m
[35m[HTTP][39m [90m[39m
[35m[HTTP][39m [37m-->[39m [37mPOST[39m [37m/wd/hub/session[39m
[35m[HTTP][39m [90m{"desiredCapabilities":{"app":"C:\\Users\\Jose_Arrieta\\Desktop\\JA\\Proyectos\\Automatizacion de pruebas\\APK para inicio\\crtopyinfinitymobilebanking-release (8).apk","noReset":true,"deviceId":"","deviceName":"HUAWEI MRD-LX3 (Android 9)","fullReset":false,"platform":"ANDROID","newCommandTimeout":1800,"platformVersion":"9","automationName":"uiautomator2","autoGrantPermissions":true,"platformName":"Android","udid":"ASJNW19409003146","systemPort":52839},"capabilities":{"firstMatch":[{"appium:app":"C:\\Users\\Jose_Arrieta\\Desktop\\JA\\Proyectos\\Automatizacion de pruebas\\APK para inicio\\crtopyinfinitymobilebanking-release (8).apk","appium:autoGrantPermissions":true,"appium:automationName":"uiautomator2","deviceId":"","appium:deviceName":"HUAWEI MRD-LX3 (Android 9)","appium:fullReset":false,"appium:newCommandTimeout":1800,"appium:noReset":true,"platform":"ANDROID","platformName":"android","appium:platformVersion":"9","appium:systemPort":52839,"appium:udid":"ASJNW19409003146"}]}}[39m
[35m[BaseDriver][39m The following capabilities are not standard capabilities and should have an extension prefix:
[35m[BaseDriver][39m   deviceId
[35m[BaseDriver][39m   platform
[35m[BaseDriver][39m   chromedriverPort
[35m[Appium][39m Appium v1.22.3 creating new AndroidUiautomator2Driver (v1.70.1) session
[35m[BaseDriver][39m The following capabilities were provided, but are not recognized by Appium:
[35m[BaseDriver][39m   deviceId
[35m[BaseDriver][39m   platform
[35m[BaseDriver][39m Session created with session id: 65eced9f-0f22-462b-a3c0-cd2245f5f4d0
[35m[BaseDriver][39m Using local app 'C:\Users\Jose_Arrieta\Desktop\JA\Proyectos\Automatizacion de pruebas\APK para inicio\crtopyinfinitymobilebanking-release (8).apk'
[35m[ADB][39m Using 'adb.exe' from 'C:\Users\Jose_Arrieta\AppData\Local\Android\Sdk\platform-tools\adb.exe'
[35m[AndroidDriver][39m Retrieving device list
[35m[HTTP][39m [37m<-- POST /wd/hub/session [39m[31m500[39m [90m20156 ms - 681[39m
[35m[HTTP][39m [90m[39m
[35m[HTTP][39m [37m-->[39m [37mGET[39m [37m/wd/hub/status[39m
[35m[HTTP][39m [90m{}[39m
[35m[HTTP][39m [37m<-- GET /wd/hub/status [39m[32m200[39m [90m1 ms - 68[39m
[35m[HTTP][39m [90m[39m
[35m[HTTP][39m [37m-->[39m [37mPOST[39m [37m/wd/hub/session[39m
[35m[HTTP][39m [90m{"desiredCapabilities":{"app":"C:\\Users\\Jose_Arrieta\\Desktop\\JA\\Proyectos\\Automatizacion de pruebas\\APK para inicio\\crtopyinfinitymobilebanking-release (8).apk","noReset":true,"deviceId":"","deviceName":"HUAWEI MRD-LX3 (Android 9)","fullReset":false,"platform":"ANDROID","newCommandTimeout":1800,"platformVersion":"9","automationName":"uiautomator2","autoGrantPermissions":true,"platformName":"Android","udid":"ASJNW19409003146","systemPort":61292},"capabilities":{"firstMatch":[{"appium:app":"C:\\Users\\Jose_Arrieta\\Desktop\\JA\\Proyectos\\Automatizacion de pruebas\\APK para inicio\\crtopyinfinitymobilebanking-release (8).apk","appium:autoGrantPermissions":true,"appium:automationName":"uiautomator2","deviceId":"","appium:deviceName":"HUAWEI MRD-LX3 (Android 9)","appium:fullReset":false,"appium:newCommandTimeout":1800,"appium:noReset":true,"platform":"ANDROID","platformName":"android","appium:platformVersion":"9","appium:systemPort":61292,"appium:udid":"ASJNW19409003146"}]}}[39m
[35m[BaseDriver][39m The following capabilities are not standard capabilities and should have an extension prefix:
[35m[BaseDriver][39m   deviceId
[35m[BaseDriver][39m   platform
[35m[BaseDriver][39m   chromedriverPort
[35m[Appium][39m Appium v1.22.3 creating new AndroidUiautomator2Driver (v1.70.1) session
[35m[BaseDriver][39m The following capabilities were provided, but are not recognized by Appium:
[35m[BaseDriver][39m   deviceId
[35m[BaseDriver][39m   platform
[35m[BaseDriver][39m Session created with session id: e00b2a91-e289-4a90-9a87-f018d6c56ea5
[35m[BaseDriver][39m Using local app 'C:\Users\Jose_Arrieta\Desktop\JA\Proyectos\Automatizacion de pruebas\APK para inicio\crtopyinfinitymobilebanking-release (8).apk'
[35m[ADB][39m Using 'adb.exe' from 'C:\Users\Jose_Arrieta\AppData\Local\Android\Sdk\platform-tools\adb.exe'
[35m[AndroidDriver][39m Retrieving device list
[35m[HTTP][39m [37m<-- POST /wd/hub/session [39m[31m500[39m [90m20189 ms - 681[39m
[35m[HTTP][39m [90m[39m
[35m[HTTP][39m [37m-->[39m [37mGET[39m [37m/wd/hub/status[39m
[35m[HTTP][39m [90m{}[39m
[35m[HTTP][39m [37m<-- GET /wd/hub/status [39m[32m200[39m [90m1 ms - 68[39m
[35m[HTTP][39m [90m[39m
[35m[HTTP][39m [37m-->[39m [37mPOST[39m [37m/wd/hub/session[39m
[35m[HTTP][39m [90m{"desiredCapabilities":{"app":"C:\\Users\\Jose_Arrieta\\Desktop\\JA\\Proyectos\\Automatizacion de pruebas\\APK para inicio\\crtopyinfinitymobilebanking-release (8).apk","noReset":true,"deviceId":"","deviceName":"HUAWEI MRD-LX3 (Android 9)","fullReset":false,"platform":"ANDROID","newCommandTimeout":1800,"platformVersion":"9","automationName":"uiautomator2","autoGrantPermissions":true,"platformName":"Android","udid":"ASJNW19409003146","systemPort":61610},"capabilities":{"firstMatch":[{"appium:app":"C:\\Users\\Jose_Arrieta\\Desktop\\JA\\Proyectos\\Automatizacion de pruebas\\APK para inicio\\crtopyinfinitymobilebanking-release (8).apk","appium:autoGrantPermissions":true,"appium:automationName":"uiautomator2","deviceId":"","appium:deviceName":"HUAWEI MRD-LX3 (Android 9)","appium:fullReset":false,"appium:newCommandTimeout":1800,"appium:noReset":true,"platform":"ANDROID","platformName":"android","appium:platformVersion":"9","appium:systemPort":61610,"appium:udid":"ASJNW19409003146"}]}}[39m
[35m[BaseDriver][39m The following capabilities are not standard capabilities and should have an extension prefix:
[35m[BaseDriver][39m   deviceId
[35m[BaseDriver][39m   platform
[35m[BaseDriver][39m   chromedriverPort
[35m[Appium][39m Appium v1.22.3 creating new AndroidUiautomator2Driver (v1.70.1) session
[35m[BaseDriver][39m The following capabilities were provided, but are not recognized by Appium:
[35m[BaseDriver][39m   deviceId
[35m[BaseDriver][39m   platform
[35m[BaseDriver][39m Session created with session id: 31531f9b-050a-4a64-82e6-29c6097b1d82
[35m[BaseDriver][39m Using local app 'C:\Users\Jose_Arrieta\Desktop\JA\Proyectos\Automatizacion de pruebas\APK para inicio\crtopyinfinitymobilebanking-release (8).apk'
[35m[ADB][39m Using 'adb.exe' from 'C:\Users\Jose_Arrieta\AppData\Local\Android\Sdk\platform-tools\adb.exe'
[35m[AndroidDriver][39m Retrieving device list
[35m[HTTP][39m [37m<-- POST /wd/hub/session [39m[31m500[39m [90m20161 ms - 681[39m
[35m[HTTP][39m [90m[39m
[35m[HTTP][39m [37m-->[39m [37mGET[39m [37m/wd/hub/status[39m
[35m[HTTP][39m [90m{}[39m
[35m[HTTP][39m [37m<-- GET /wd/hub/status [39m[32m200[39m [90m1 ms - 68[39m
[35m[HTTP][39m [90m[39m
[35m[HTTP][39m [37m-->[39m [37mPOST[39m [37m/wd/hub/session[39m
[35m[HTTP][39m [90m{"desiredCapabilities":{"app":"C:\\Users\\Jose_Arrieta\\Desktop\\JA\\Proyectos\\Automatizacion de pruebas\\APK para inicio\\crtopyinfinitymobilebanking-release (8).apk","noReset":true,"deviceId":"","deviceName":"HUAWEI MRD-LX3 (Android 9)","fullReset":false,"platform":"ANDROID","newCommandTimeout":1800,"platformVersion":"9","automationName":"uiautomator2","autoGrantPermissions":true,"platformName":"Android","udid":"ASJNW19409003146","systemPort":61373},"capabilities":{"firstMatch":[{"appium:app":"C:\\Users\\Jose_Arrieta\\Desktop\\JA\\Proyectos\\Automatizacion de pruebas\\APK para inicio\\crtopyinfinitymobilebanking-release (8).apk","appium:autoGrantPermissions":true,"appium:automationName":"uiautomator2","deviceId":"","appium:deviceName":"HUAWEI MRD-LX3 (Android 9)","appium:fullReset":false,"appium:newCommandTimeout":1800,"appium:noReset":true,"platform":"ANDROID","platformName":"android","appium:platformVersion":"9","appium:systemPort":61373,"appium:udid":"ASJNW19409003146"}]}}[39m
[35m[BaseDriver][39m The following capabilities are not standard capabilities and should have an extension prefix:
[35m[BaseDriver][39m   deviceId
[35m[BaseDriver][39m   platform
[35m[BaseDriver][39m   chromedriverPort
[35m[Appium][39m Appium v1.22.3 creating new AndroidUiautomator2Driver (v1.70.1) session
[35m[BaseDriver][39m The following capabilities were provided, but are not recognized by Appium:
[35m[BaseDriver][39m   deviceId
[35m[BaseDriver][39m   platform
[35m[BaseDriver][39m Session created with session id: c277538b-1837-42c0-98df-a8436fbac5bd
[35m[BaseDriver][39m Using local app 'C:\Users\Jose_Arrieta\Desktop\JA\Proyectos\Automatizacion de pruebas\APK para inicio\crtopyinfinitymobilebanking-release (8).apk'
[35m[ADB][39m Using 'adb.exe' from 'C:\Users\Jose_Arrieta\AppData\Local\Android\Sdk\platform-tools\adb.exe'
[35m[AndroidDriver][39m Retrieving device list
[35m[HTTP][39m [37m<-- POST /wd/hub/session [39m[31m500[39m [90m20061 ms - 681[39m
[35m[HTTP][39m [90m[39m
[35m[HTTP][39m [37m-->[39m [37mGET[39m [37m/wd/hub/status[39m
[35m[HTTP][39m [90m{}[39m
[35m[HTTP][39m [37m<-- GET /wd/hub/status [39m[32m200[39m [90m1 ms - 68[39m
[35m[HTTP][39m [90m[39m
[35m[HTTP][39m [37m-->[39m [37mPOST[39m [37m/wd/hub/session[39m
[35m[HTTP][39m [90m{"desiredCapabilities":{"app":"C:\\Users\\Jose_Arrieta\\Desktop\\JA\\Proyectos\\Automatizacion de pruebas\\APK para inicio\\crtopyinfinitymobilebanking-release (8).apk","noReset":true,"deviceId":"","deviceName":"HUAWEI MRD-LX3 (Android 9)","fullReset":false,"platform":"ANDROID","newCommandTimeout":1800,"platformVersion":"9","automationName":"uiautomator2","autoGrantPermissions":true,"platformName":"Android","udid":"ASJNW19409003146","systemPort":61693},"capabilities":{"firstMatch":[{"appium:app":"C:\\Users\\Jose_Arrieta\\Desktop\\JA\\Proyectos\\Automatizacion de pruebas\\APK para inicio\\crtopyinfinitymobilebanking-release (8).apk","appium:autoGrantPermissions":true,"appium:automationName":"uiautomator2","deviceId":"","appium:deviceName":"HUAWEI MRD-LX3 (Android 9)","appium:fullReset":false,"appium:newCommandTimeout":1800,"appium:noReset":true,"platform":"ANDROID","platformName":"android","appium:platformVersion":"9","appium:systemPort":61693,"appium:udid":"ASJNW19409003146"}]}}[39m
[35m[BaseDriver][39m The following capabilities are not standard capabilities and should have an extension prefix:
[35m[BaseDriver][39m   deviceId
[35m[BaseDriver][39m   platform
[35m[BaseDriver][39m   chromedriverPort
[35m[Appium][39m Appium v1.22.3 creating new AndroidUiautomator2Driver (v1.70.1) session
[35m[BaseDriver][39m The following capabilities were provided, but are not recognized by Appium:
[35m[BaseDriver][39m   deviceId
[35m[BaseDriver][39m   platform
[35m[BaseDriver][39m Session created with session id: adb007fd-8f6c-4e75-be6d-1da02eb6db65
[35m[BaseDriver][39m Using local app 'C:\Users\Jose_Arrieta\Desktop\JA\Proyectos\Automatizacion de pruebas\APK para inicio\crtopyinfinitymobilebanking-release (8).apk'
[35m[ADB][39m Using 'adb.exe' from 'C:\Users\Jose_Arrieta\AppData\Local\Android\Sdk\platform-tools\adb.exe'
[35m[AndroidDriver][39m Retrieving device list
[35m[HTTP][39m [37m<-- POST /wd/hub/session [39m[31m500[39m [90m20189 ms - 681[39m
[35m[HTTP][39m [90m[39m
[35m[HTTP][39m [37m-->[39m [37mGET[39m [37m/wd/hub/status[39m
[35m[HTTP][39m [90m{}[39m
[35m[HTTP][39m [37m<-- GET /wd/hub/status [39m[32m200[39m [90m1 ms - 68[39m
[35m[HTTP][39m [90m[39m
[35m[HTTP][39m [37m-->[39m [37mPOST[39m [37m/wd/hub/session[39m
[35m[HTTP][39m [90m{"desiredCapabilities":{"app":"C:\\Users\\Jose_Arrieta\\Desktop\\JA\\Proyectos\\Automatizacion de pruebas\\APK para inicio\\crtopyinfinitymobilebanking-release (8).apk","noReset":false,"deviceId":"","deviceName":"HUAWEI MRD-LX3 (Android 9)","fullReset":true,"platform":"ANDROID","newCommandTimeout":1800,"platformVersion":"9","automationName":"uiautomator2","autoGrantPermissions":true,"platformName":"Android","udid":"ASJNW19409003146","systemPort":62009},"capabilities":{"firstMatch":[{"appium:app":"C:\\Users\\Jose_Arrieta\\Desktop\\JA\\Proyectos\\Automatizacion de pruebas\\APK para inicio\\crtopyinfinitymobilebanking-release (8).apk","appium:autoGrantPermissions":true,"appium:automationName":"uiautomator2","deviceId":"","appium:deviceName":"HUAWEI MRD-LX3 (Android 9)","appium:fullReset":true,"appium:newCommandTimeout":1800,"appium:noReset":false,"platform":"ANDROID","platformName":"android","appium:platformVersion":"9","appium:systemPort":62009,"appium:udid":"ASJNW19409003146"}]}}[39m
[35m[BaseDriver][39m The following capabilities are not standard capabilities and should have an extension prefix:
[35m[BaseDriver][39m   deviceId
[35m[BaseDriver][39m   platform
[35m[BaseDriver][39m   chromedriverPort
[35m[Appium][39m Appium v1.22.3 creating new AndroidUiautomator2Driver (v1.70.1) session
[35m[BaseDriver][39m The following capabilities were provided, but are not recognized by Appium:
[35m[BaseDriver][39m   deviceId
[35m[BaseDriver][39m   platform
[35m[BaseDriver][39m Session created with session id: a042af0c-9bac-4757-8c2e-7d1c99038034
[35m[BaseDriver][39m Using local app 'C:\Users\Jose_Arrieta\Desktop\JA\Proyectos\Automatizacion de pruebas\APK para inicio\crtopyinfinitymobilebanking-release (8).apk'
[35m[ADB][39m Using 'adb.exe' from 'C:\Users\Jose_Arrieta\AppData\Local\Android\Sdk\platform-tools\adb.exe'
[35m[AndroidDriver][39m Retrieving device list
[35m[HTTP][39m [37m<-- POST /wd/hub/session [39m[31m500[39m [90m20123 ms - 681[39m
[35m[HTTP][39m [90m[39m
[35m[HTTP][39m [37m-->[39m [37mGET[39m [37m/wd/hub/status[39m
[35m[HTTP][39m [90m{}[39m
[35m[HTTP][39m [37m<-- GET /wd/hub/status [39m[32m200[39m [90m1 ms - 68[39m
[35m[HTTP][39m [90m[39m
[35m[HTTP][39m [37m-->[39m [37mPOST[39m [37m/wd/hub/session[39m
[35m[HTTP][39m [90m{"desiredCapabilities":{"app":"C:\\Users\\Jose_Arrieta\\Desktop\\JA\\Proyectos\\Automatizacion de pruebas\\APK para inicio\\crtopyinfinitymobilebanking-release (8).apk","noReset":false,"deviceId":"","deviceName":"HUAWEI MRD-LX3 (Android 9)","fullReset":true,"platform":"ANDROID","newCommandTimeout":1800,"platformVersion":"9","automationName":"uiautomator2","autoGrantPermissions":true,"platformName":"Android","udid":"ASJNW19409003146","systemPort":62330},"capabilities":{"firstMatch":[{"appium:app":"C:\\Users\\Jose_Arrieta\\Desktop\\JA\\Proyectos\\Automatizacion de pruebas\\APK para inicio\\crtopyinfinitymobilebanking-release (8).apk","appium:autoGrantPermissions":true,"appium:automationName":"uiautomator2","deviceId":"","appium:deviceName":"HUAWEI MRD-LX3 (Android 9)","appium:fullReset":true,"appium:newCommandTimeout":1800,"appium:noReset":false,"platform":"ANDROID","platformName":"android","appium:platformVersion":"9","appium:systemPort":62330,"appium:udid":"ASJNW19409003146"}]}}[39m
[35m[BaseDriver][39m The following capabilities are not standard capabilities and should have an extension prefix:
[35m[BaseDriver][39m   deviceId
[35m[BaseDriver][39m   platform
[35m[BaseDriver][39m   chromedriverPort
[35m[Appium][39m Appium v1.22.3 creating new AndroidUiautomator2Driver (v1.70.1) session
[35m[BaseDriver][39m The following capabilities were provided, but are not recognized by Appium:
[35m[BaseDriver][39m   deviceId
[35m[BaseDriver][39m   platform
[35m[BaseDriver][39m Session created with session id: 8e64ebcc-decc-44f3-92d2-c0a0e1d540f5
[35m[BaseDriver][39m Using local app 'C:\Users\Jose_Arrieta\Desktop\JA\Proyectos\Automatizacion de pruebas\APK para inicio\crtopyinfinitymobilebanking-release (8).apk'
[35m[ADB][39m Using 'adb.exe' from 'C:\Users\Jose_Arrieta\AppData\Local\Android\Sdk\platform-tools\adb.exe'
[35m[AndroidDriver][39m Retrieving device list
[35m[HTTP][39m [37m<-- POST /wd/hub/session [39m[31m500[39m [90m20075 ms - 681[39m
[35m[HTTP][39m [90m[39m
[35m[HTTP][39m [37m-->[39m [37mGET[39m [37m/wd/hub/status[39m
[35m[HTTP][39m [90m{}[39m
[35m[HTTP][39m [37m<-- GET /wd/hub/status [39m[32m200[39m [90m1 ms - 68[39m
[35m[HTTP][39m [90m[39m
[35m[HTTP][39m [37m-->[39m [37mPOST[39m [37m/wd/hub/session[39m
[35m[HTTP][39m [90m{"desiredCapabilities":{"app":"C:\\Users\\Jose_Arrieta\\Desktop\\JA\\Proyectos\\Automatizacion de pruebas\\APK para inicio\\crtopyinfinitymobilebanking-release (8).apk","noReset":false,"deviceId":"","deviceName":"HUAWEI MRD-LX3 (Android 9)","fullReset":true,"platform":"ANDROID","newCommandTimeout":1800,"platformVersion":"9","automationName":"uiautomator2","autoGrantPermissions":true,"platformName":"Android","udid":"ASJNW19409003146","systemPort":62652},"capabilities":{"firstMatch":[{"appium:app":"C:\\Users\\Jose_Arrieta\\Desktop\\JA\\Proyectos\\Automatizacion de pruebas\\APK para inicio\\crtopyinfinitymobilebanking-release (8).apk","appium:autoGrantPermissions":true,"appium:automationName":"uiautomator2","deviceId":"","appium:deviceName":"HUAWEI MRD-LX3 (Android 9)","appium:fullReset":true,"appium:newCommandTimeout":1800,"appium:noReset":false,"platform":"ANDROID","platformName":"android","appium:platformVersion":"9","appium:systemPort":62652,"appium:udid":"ASJNW19409003146"}]}}[39m
[35m[BaseDriver][39m The following capabilities are not standard capabilities and should have an extension prefix:
[35m[BaseDriver][39m   deviceId
[35m[BaseDriver][39m   platform
[35m[BaseDriver][39m   chromedriverPort
[35m[Appium][39m Appium v1.22.3 creating new AndroidUiautomator2Driver (v1.70.1) session
[35m[BaseDriver][39m The following capabilities were provided, but are not recognized by Appium:
[35m[BaseDriver][39m   deviceId
[35m[BaseDriver][39m   platform
[35m[BaseDriver][39m Session created with session id: 982b3f68-e782-4287-b3d6-63fac085f0ba
[35m[BaseDriver][39m Using local app 'C:\Users\Jose_Arrieta\Desktop\JA\Proyectos\Automatizacion de pruebas\APK para inicio\crtopyinfinitymobilebanking-release (8).apk'
[35m[ADB][39m Using 'adb.exe' from 'C:\Users\Jose_Arrieta\AppData\Local\Android\Sdk\platform-tools\adb.exe'
[35m[AndroidDriver][39m Retrieving device list
[35m[HTTP][39m [37m<-- POST /wd/hub/session [39m[31m500[39m [90m20055 ms - 681[39m
[35m[HTTP][39m [90m[39m
[35m[HTTP][39m [37m-->[39m [37mGET[39m [37m/wd/hub/status[39m
[35m[HTTP][39m [90m{}[39m
[35m[HTTP][39m [37m<-- GET /wd/hub/status [39m[32m200[39m [90m1 ms - 68[39m
[35m[HTTP][39m [90m[39m
[35m[HTTP][39m [37m-->[39m [37mPOST[39m [37m/wd/hub/session[39m
[35m[HTTP][39m [90m{"desiredCapabilities":{"app":"C:\\Users\\Jose_Arrieta\\Desktop\\JA\\Proyectos\\Automatizacion de pruebas\\APK para inicio\\crtopyinfinitymobilebanking-release (8).apk","noReset":false,"deviceId":"","deviceName":"HUAWEI MRD-LX3 (Android 9)","fullReset":true,"platform":"ANDROID","newCommandTimeout":1800,"platformVersion":"9","automationName":"uiautomator2","autoGrantPermissions":true,"platformName":"Android","udid":"ASJNW19409003146","systemPort":62972},"capabilities":{"firstMatch":[{"appium:app":"C:\\Users\\Jose_Arrieta\\Desktop\\JA\\Proyectos\\Automatizacion de pruebas\\APK para inicio\\crtopyinfinitymobilebanking-release (8).apk","appium:autoGrantPermissions":true,"appium:automationName":"uiautomator2","deviceId":"","appium:deviceName":"HUAWEI MRD-LX3 (Android 9)","appium:fullReset":true,"appium:newCommandTimeout":1800,"appium:noReset":false,"platform":"ANDROID","platformName":"android","appium:platformVersion":"9","appium:systemPort":62972,"appium:udid":"ASJNW19409003146"}]}}[39m
[35m[BaseDriver][39m The following capabilities are not standard capabilities and should have an extension prefix:
[35m[BaseDriver][39m   deviceId
[35m[BaseDriver][39m   platform
[35m[BaseDriver][39m   chromedriverPort
[35m[Appium][39m Appium v1.22.3 creating new AndroidUiautomator2Driver (v1.70.1) session
[35m[BaseDriver][39m The following capabilities were provided, but are not recognized by Appium:
[35m[BaseDriver][39m   deviceId
[35m[BaseDriver][39m   platform
[35m[BaseDriver][39m Session created with session id: d717e355-550c-42a1-a930-733fa57bb614
[35m[BaseDriver][39m Using local app 'C:\Users\Jose_Arrieta\Desktop\JA\Proyectos\Automatizacion de pruebas\APK para inicio\crtopyinfinitymobilebanking-release (8).apk'
[35m[ADB][39m Using 'adb.exe' from 'C:\Users\Jose_Arrieta\AppData\Local\Android\Sdk\platform-tools\adb.exe'
[35m[AndroidDriver][39m Retrieving device list
[35m[HTTP][39m [37m<-- POST /wd/hub/session [39m[31m500[39m [90m20111 ms - 681[39m
[35m[HTTP][39m [90m[39m
[35m[HTTP][39m [37m-->[39m [37mGET[39m [37m/wd/hub/status[39m
[35m[HTTP][39m [90m{}[39m
[35m[HTTP][39m [37m<-- GET /wd/hub/status [39m[32m200[39m [90m1 ms - 68[39m
[35m[HTTP][39m [90m[39m
[35m[HTTP][39m [37m-->[39m [37mPOST[39m [37m/wd/hub/session[39m
[35m[HTTP][39m [90m{"desiredCapabilities":{"app":"C:\\Users\\Jose_Arrieta\\Desktop\\JA\\Proyectos\\Automatizacion de pruebas\\APK para inicio\\crtopyinfinitymobilebanking-release (8).apk","noReset":false,"deviceId":"","deviceName":"HUAWEI MRD-LX3 (Android 9)","fullReset":true,"platform":"ANDROID","newCommandTimeout":1800,"platformVersion":"9","automationName":"uiautomator2","autoGrantPermissions":true,"platformName":"Android","udid":"ASJNW19409003146","systemPort":62134},"capabilities":{"firstMatch":[{"appium:app":"C:\\Users\\Jose_Arrieta\\Desktop\\JA\\Proyectos\\Automatizacion de pruebas\\APK para inicio\\crtopyinfinitymobilebanking-release (8).apk","appium:autoGrantPermissions":true,"appium:automationName":"uiautomator2","deviceId":"","appium:deviceName":"HUAWEI MRD-LX3 (Android 9)","appium:fullReset":true,"appium:newCommandTimeout":1800,"appium:noReset":false,"platform":"ANDROID","platformName":"android","appium:platformVersion":"9","appium:systemPort":62134,"appium:udid":"ASJNW19409003146"}]}}[39m
[35m[BaseDriver][39m The following capabilities are not standard capabilities and should have an extension prefix:
[35m[BaseDriver][39m   deviceId
[35m[BaseDriver][39m   platform
[35m[BaseDriver][39m   chromedriverPort
[35m[Appium][39m Appium v1.22.3 creating new AndroidUiautomator2Driver (v1.70.1) session
[35m[BaseDriver][39m The following capabilities were provided, but are not recognized by Appium:
[35m[BaseDriver][39m   deviceId
[35m[BaseDriver][39m   platform
[35m[BaseDriver][39m Session created with session id: 0b6be94b-0576-42ab-9d18-7dac6b1bedc5
[35m[BaseDriver][39m Using local app 'C:\Users\Jose_Arrieta\Desktop\JA\Proyectos\Automatizacion de pruebas\APK para inicio\crtopyinfinitymobilebanking-release (8).apk'
[35m[ADB][39m Using 'adb.exe' from 'C:\Users\Jose_Arrieta\AppData\Local\Android\Sdk\platform-tools\adb.exe'
[35m[AndroidDriver][39m Retrieving device list
[35m[HTTP][39m [37m<-- POST /wd/hub/session [39m[31m500[39m [90m20173 ms - 681[39m
[35m[HTTP][39m [90m[39m
[35m[HTTP][39m [37m-->[39m [37mGET[39m [37m/wd/hub/status[39m
[35m[HTTP][39m [90m{}[39m
[35m[HTTP][39m [37m<-- GET /wd/hub/status [39m[32m200[39m [90m1 ms - 68[39m
[35m[HTTP][39m [90m[39m
[35m[HTTP][39m [37m-->[39m [37mPOST[39m [37m/wd/hub/session[39m
[35m[HTTP][39m [90m{"desiredCapabilities":{"app":"C:\\Users\\Jose_Arrieta\\Desktop\\JA\\Proyectos\\Automatizacion de pruebas\\APK para inicio\\crtopyinfinitymobilebanking-release (8).apk","noReset":false,"deviceId":"","deviceName":"HUAWEI MRD-LX3 (Android 9)","fullReset":true,"platform":"ANDROID","newCommandTimeout":1800,"platformVersion":"9","automationName":"uiautomator2","autoGrantPermissions":true,"platformName":"Android","udid":"ASJNW19409003146","systemPort":62462},"capabilities":{"firstMatch":[{"appium:app":"C:\\Users\\Jose_Arrieta\\Desktop\\JA\\Proyectos\\Automatizacion de pruebas\\APK para inicio\\crtopyinfinitymobilebanking-release (8).apk","appium:autoGrantPermissions":true,"appium:automationName":"uiautomator2","deviceId":"","appium:deviceName":"HUAWEI MRD-LX3 (Android 9)","appium:fullReset":true,"appium:newCommandTimeout":1800,"appium:noReset":false,"platform":"ANDROID","platformName":"android","appium:platformVersion":"9","appium:systemPort":62462,"appium:udid":"ASJNW19409003146"}]}}[39m
[35m[BaseDriver][39m The following capabilities are not standard capabilities and should have an extension prefix:
[35m[BaseDriver][39m   deviceId
[35m[BaseDriver][39m   platform
[35m[BaseDriver][39m   chromedriverPort
[35m[Appium][39m Appium v1.22.3 creating new AndroidUiautomator2Driver (v1.70.1) session
[35m[BaseDriver][39m The following capabilities were provided, but are not recognized by Appium:
[35m[BaseDriver][39m   deviceId
[35m[BaseDriver][39m   platform
[35m[BaseDriver][39m Session created with session id: f2d58632-d314-44d9-90e8-800de25a1514
[35m[BaseDriver][39m Using local app 'C:\Users\Jose_Arrieta\Desktop\JA\Proyectos\Automatizacion de pruebas\APK para inicio\crtopyinfinitymobilebanking-release (8).apk'
[35m[ADB][39m Using 'adb.exe' from 'C:\Users\Jose_Arrieta\AppData\Local\Android\Sdk\platform-tools\adb.exe'
[35m[AndroidDriver][39m Retrieving device list
[35m[HTTP][39m [37m<-- POST /wd/hub/session [39m[31m500[39m [90m20160 ms - 681[39m
[35m[HTTP][39m [90m[39m
[35m[HTTP][39m [37m-->[39m [37mGET[39m [37m/wd/hub/status[39m
[35m[HTTP][39m [90m{}[39m
[35m[HTTP][39m [37m<-- GET /wd/hub/status [39m[32m200[39m [90m1 ms - 68[39m
[35m[HTTP][39m [90m[39m
[35m[HTTP][39m [37m-->[39m [37mPOST[39m [37m/wd/hub/session[39m
[35m[HTTP][39m [90m{"desiredCapabilities":{"app":"C:\\Users\\Jose_Arrieta\\Desktop\\JA\\Proyectos\\Automatizacion de pruebas\\APK para inicio\\crtopyinfinitymobilebanking-release (8).apk","noReset":false,"deviceId":"","deviceName":"HUAWEI MRD-LX3 (Android 9)","fullReset":true,"platform":"ANDROID","newCommandTimeout":1800,"platformVersion":"9","automationName":"uiautomator2","autoGrantPermissions":true,"platformName":"Android","udid":"ASJNW19409003146","systemPort":62786},"capabilities":{"firstMatch":[{"appium:app":"C:\\Users\\Jose_Arrieta\\Desktop\\JA\\Proyectos\\Automatizacion de pruebas\\APK para inicio\\crtopyinfinitymobilebanking-release (8).apk","appium:autoGrantPermissions":true,"appium:automationName":"uiautomator2","deviceId":"","appium:deviceName":"HUAWEI MRD-LX3 (Android 9)","appium:fullReset":true,"appium:newCommandTimeout":1800,"appium:noReset":false,"platform":"ANDROID","platformName":"android","appium:platformVersion":"9","appium:systemPort":62786,"appium:udid":"ASJNW19409003146"}]}}[39m
[35m[BaseDriver][39m The following capabilities are not standard capabilities and should have an extension prefix:
[35m[BaseDriver][39m   deviceId
[35m[BaseDriver][39m   platform
[35m[BaseDriver][39m   chromedriverPort
[35m[Appium][39m Appium v1.22.3 creating new AndroidUiautomator2Driver (v1.70.1) session
[35m[BaseDriver][39m The following capabilities were provided, but are not recognized by Appium:
[35m[BaseDriver][39m   deviceId
[35m[BaseDriver][39m   platform
[35m[BaseDriver][39m Session created with session id: a39423ad-a019-4713-b8ea-5d96ed67cd59
[35m[BaseDriver][39m Using local app 'C:\Users\Jose_Arrieta\Desktop\JA\Proyectos\Automatizacion de pruebas\APK para inicio\crtopyinfinitymobilebanking-release (8).apk'
[35m[ADB][39m Using 'adb.exe' from 'C:\Users\Jose_Arrieta\AppData\Local\Android\Sdk\platform-tools\adb.exe'
[35m[AndroidDriver][39m Retrieving device list
[35m[HTTP][39m [37m<-- POST /wd/hub/session [39m[31m500[39m [90m20041 ms - 681[39m
[35m[HTTP][39m [90m[39m
[35m[HTTP][39m [37m-->[39m [37mGET[39m [37m/wd/hub/status[39m
[35m[HTTP][39m [90m{}[39m
[35m[HTTP][39m [37m<-- GET /wd/hub/status [39m[32m200[39m [90m1 ms - 68[39m
[35m[HTTP][39m [90m[39m
[35m[HTTP][39m [37m-->[39m [37mPOST[39m [37m/wd/hub/session[39m
[35m[HTTP][39m [90m{"desiredCapabilities":{"app":"C:\\Users\\Jose_Arrieta\\Desktop\\JA\\Proyectos\\Automatizacion de pruebas\\APK para inicio\\crtopyinfinitymobilebanking-release (8).apk","noReset":false,"deviceId":"","deviceName":"HUAWEI MRD-LX3 (Android 9)","fullReset":true,"platform":"ANDROID","newCommandTimeout":1800,"platformVersion":"9","automationName":"uiautomator2","autoGrantPermissions":true,"platformName":"Android","udid":"ASJNW19409003146","systemPort":63108},"capabilities":{"firstMatch":[{"appium:app":"C:\\Users\\Jose_Arrieta\\Desktop\\JA\\Proyectos\\Automatizacion de pruebas\\APK para inicio\\crtopyinfinitymobilebanking-release (8).apk","appium:autoGrantPermissions":true,"appium:automationName":"uiautomator2","deviceId":"","appium:deviceName":"HUAWEI MRD-LX3 (Android 9)","appium:fullReset":true,"appium:newCommandTimeout":1800,"appium:noReset":false,"platform":"ANDROID","platformName":"android","appium:platformVersion":"9","appium:systemPort":63108,"appium:udid":"ASJNW19409003146"}]}}[39m
[35m[BaseDriver][39m The following capabilities are not standard capabilities and should have an extension prefix:
[35m[BaseDriver][39m   deviceId
[35m[BaseDriver][39m   platform
[35m[BaseDriver][39m   chromedriverPort
[35m[Appium][39m Appium v1.22.3 creating new AndroidUiautomator2Driver (v1.70.1) session
[35m[BaseDriver][39m The following capabilities were provided, but are not recognized by Appium:
[35m[BaseDriver][39m   deviceId
[35m[BaseDriver][39m   platform
[35m[BaseDriver][39m Session created with session id: 1c981d38-498f-4359-a4bf-194b0db1aac7
[35m[BaseDriver][39m Using local app 'C:\Users\Jose_Arrieta\Desktop\JA\Proyectos\Automatizacion de pruebas\APK para inicio\crtopyinfinitymobilebanking-release (8).apk'
[35m[ADB][39m Using 'adb.exe' from 'C:\Users\Jose_Arrieta\AppData\Local\Android\Sdk\platform-tools\adb.exe'
[35m[AndroidDriver][39m Retrieving device list
[35m[HTTP][39m [37m<-- POST /wd/hub/session [39m[31m500[39m [90m20098 ms - 681[39m
[35m[HTTP][39m [90m[39m
[35m[HTTP][39m [37m-->[39m [37mGET[39m [37m/wd/hub/status[39m
[35m[HTTP][39m [90m{}[39m
[35m[HTTP][39m [37m<-- GET /wd/hub/status [39m[32m200[39m [90m1 ms - 68[39m
[35m[HTTP][39m [90m[39m
[35m[HTTP][39m [37m-->[39m [37mPOST[39m [37m/wd/hub/session[39m
[35m[HTTP][39m [90m{"desiredCapabilities":{"app":"C:\\Users\\Jose_Arrieta\\Desktop\\JA\\Proyectos\\Automatizacion de pruebas\\APK para inicio\\crtopyinfinitymobilebanking-release (8).apk","noReset":true,"deviceId":"","deviceName":"HUAWEI MRD-LX3 (Android 9)","fullReset":false,"platform":"ANDROID","newCommandTimeout":1800,"platformVersion":"9","automationName":"uiautomator2","autoGrantPermissions":true,"platformName":"Android","udid":"ASJNW19409003146","systemPort":63432},"capabilities":{"firstMatch":[{"appium:app":"C:\\Users\\Jose_Arrieta\\Desktop\\JA\\Proyectos\\Automatizacion de pruebas\\APK para inicio\\crtopyinfinitymobilebanking-release (8).apk","appium:autoGrantPermissions":true,"appium:automationName":"uiautomator2","deviceId":"","appium:deviceName":"HUAWEI MRD-LX3 (Android 9)","appium:fullReset":false,"appium:newCommandTimeout":1800,"appium:noReset":true,"platform":"ANDROID","platformName":"android","appium:platformVersion":"9","appium:systemPort":63432,"appium:udid":"ASJNW19409003146"}]}}[39m
[35m[BaseDriver][39m The following capabilities are not standard capabilities and should have an extension prefix:
[35m[BaseDriver][39m   deviceId
[35m[BaseDriver][39m   platform
[35m[BaseDriver][39m   chromedriverPort
[35m[Appium][39m Appium v1.22.3 creating new AndroidUiautomator2Driver (v1.70.1) session
[35m[BaseDriver][39m The following capabilities were provided, but are not recognized by Appium:
[35m[BaseDriver][39m   deviceId
[35m[BaseDriver][39m   platform
[35m[BaseDriver][39m Session created with session id: 2e50ba9c-3ad6-45fa-a17d-dd6d97a92639
[35m[BaseDriver][39m Using local app 'C:\Users\Jose_Arrieta\Desktop\JA\Proyectos\Automatizacion de pruebas\APK para inicio\crtopyinfinitymobilebanking-release (8).apk'
[35m[ADB][39m Using 'adb.exe' from 'C:\Users\Jose_Arrieta\AppData\Local\Android\Sdk\platform-tools\adb.exe'
[35m[AndroidDriver][39m Retrieving device list
[35m[HTTP][39m [37m<-- POST /wd/hub/session [39m[31m500[39m [90m20078 ms - 681[39m
[35m[HTTP][39m [90m[39m
[35m[HTTP][39m [37m-->[39m [37mGET[39m [37m/wd/hub/status[39m
[35m[HTTP][39m [90m{}[39m
[35m[HTTP][39m [37m<-- GET /wd/hub/status [39m[32m200[39m [90m1 ms - 68[39m
[35m[HTTP][39m [90m[39m
[35m[HTTP][39m [37m-->[39m [37mPOST[39m [37m/wd/hub/session[39m
[35m[HTTP][39m [90m{"desiredCapabilities":{"app":"C:\\Users\\Jose_Arrieta\\Desktop\\JA\\Proyectos\\Automatizacion de pruebas\\APK para inicio\\crtopyinfinitymobilebanking-release (8).apk","noReset":true,"deviceId":"","deviceName":"HUAWEI MRD-LX3 (Android 9)","fullReset":false,"platform":"ANDROID","newCommandTimeout":1800,"platformVersion":"9","automationName":"uiautomator2","autoGrantPermissions":true,"platformName":"Android","udid":"ASJNW19409003146","systemPort":63757},"capabilities":{"firstMatch":[{"appium:app":"C:\\Users\\Jose_Arrieta\\Desktop\\JA\\Proyectos\\Automatizacion de pruebas\\APK para inicio\\crtopyinfinitymobilebanking-release (8).apk","appium:autoGrantPermissions":true,"appium:automationName":"uiautomator2","deviceId":"","appium:deviceName":"HUAWEI MRD-LX3 (Android 9)","appium:fullReset":false,"appium:newCommandTimeout":1800,"appium:noReset":true,"platform":"ANDROID","platformName":"android","appium:platformVersion":"9","appium:systemPort":63757,"appium:udid":"ASJNW19409003146"}]}}[39m
[35m[BaseDriver][39m The following capabilities are not standard capabilities and should have an extension prefix:
[35m[BaseDriver][39m   deviceId
[35m[BaseDriver][39m   platform
[35m[BaseDriver][39m   chromedriverPort
[35m[Appium][39m Appium v1.22.3 creating new AndroidUiautomator2Driver (v1.70.1) session
[35m[BaseDriver][39m The following capabilities were provided, but are not recognized by Appium:
[35m[BaseDriver][39m   deviceId
[35m[BaseDriver][39m   platform
[35m[BaseDriver][39m Session created with session id: 19d94530-ddb1-4b57-8a8b-4b9f01c3d480
[35m[BaseDriver][39m Using local app 'C:\Users\Jose_Arrieta\Desktop\JA\Proyectos\Automatizacion de pruebas\APK para inicio\crtopyinfinitymobilebanking-release (8).apk'
[35m[ADB][39m Using 'adb.exe' from 'C:\Users\Jose_Arrieta\AppData\Local\Android\Sdk\platform-tools\adb.exe'
[35m[AndroidDriver][39m Retrieving device list
[35m[HTTP][39m [37m<-- POST /wd/hub/session [39m[31m500[39m [90m20236 ms - 681[39m
[35m[HTTP][39m [90m[39m
[35m[HTTP][39m [37m-->[39m [37mGET[39m [37m/wd/hub/status[39m
[35m[HTTP][39m [90m{}[39m
[35m[HTTP][39m [37m<-- GET /wd/hub/status [39m[32m200[39m [90m1 ms - 68[39m
[35m[HTTP][39m [90m[39m
[35m[HTTP][39m [37m-->[39m [37mPOST[39m [37m/wd/hub/session[39m
[35m[HTTP][39m [90m{"desiredCapabilities":{"app":"C:\\Users\\Jose_Arrieta\\Desktop\\JA\\Proyectos\\Automatizacion de pruebas\\APK para inicio\\crtopyinfinitymobilebanking-release (8).apk","noReset":true,"deviceId":"","deviceName":"HUAWEI MRD-LX3 (Android 9)","fullReset":false,"platform":"ANDROID","newCommandTimeout":1800,"platformVersion":"9","automationName":"uiautomator2","autoGrantPermissions":true,"platformName":"Android","udid":"ASJNW19409003146","systemPort":64104},"capabilities":{"firstMatch":[{"appium:app":"C:\\Users\\Jose_Arrieta\\Desktop\\JA\\Proyectos\\Automatizacion de pruebas\\APK para inicio\\crtopyinfinitymobilebanking-release (8).apk","appium:autoGrantPermissions":true,"appium:automationName":"uiautomator2","deviceId":"","appium:deviceName":"HUAWEI MRD-LX3 (Android 9)","appium:fullReset":false,"appium:newCommandTimeout":1800,"appium:noReset":true,"platform":"ANDROID","platformName":"android","appium:platformVersion":"9","appium:systemPort":64104,"appium:udid":"ASJNW19409003146"}]}}[39m
[35m[BaseDriver][39m The following capabilities are not standard capabilities and should have an extension prefix:
[35m[BaseDriver][39m   deviceId
[35m[BaseDriver][39m   platform
[35m[BaseDriver][39m   chromedriverPort
[35m[Appium][39m Appium v1.22.3 creating new AndroidUiautomator2Driver (v1.70.1) session
[35m[BaseDriver][39m The following capabilities were provided, but are not recognized by Appium:
[35m[BaseDriver][39m   deviceId
[35m[BaseDriver][39m   platform
[35m[BaseDriver][39m Session created with session id: cf823852-4dc8-43c3-b5bc-36dbd42745d7
[35m[BaseDriver][39m Using local app 'C:\Users\Jose_Arrieta\Desktop\JA\Proyectos\Automatizacion de pruebas\APK para inicio\crtopyinfinitymobilebanking-release (8).apk'
[35m[ADB][39m Using 'adb.exe' from 'C:\Users\Jose_Arrieta\AppData\Local\Android\Sdk\platform-tools\adb.exe'
[35m[AndroidDriver][39m Retrieving device list
[35m[HTTP][39m [37m<-- POST /wd/hub/session [39m[31m500[39m [90m20121 ms - 681[39m
[35m[HTTP][39m [90m[39m
[35m[HTTP][39m [37m-->[39m [37mGET[39m [37m/wd/hub/status[39m
[35m[HTTP][39m [90m{}[39m
[35m[HTTP][39m [37m<-- GET /wd/hub/status [39m[32m200[39m [90m1 ms - 68[39m
[35m[HTTP][39m [90m[39m
[35m[HTTP][39m [37m-->[39m [37mPOST[39m [37m/wd/hub/session[39m
[35m[HTTP][39m [90m{"desiredCapabilities":{"app":"C:\\Users\\Jose_Arrieta\\Desktop\\JA\\Proyectos\\Automatizacion de pruebas\\APK para inicio\\crtopyinfinitymobilebanking-release (8).apk","noReset":true,"deviceId":"","deviceName":"HUAWEI MRD-LX3 (Android 9)","fullReset":false,"platform":"ANDROID","newCommandTimeout":1800,"platformVersion":"9","automationName":"uiautomator2","autoGrantPermissions":true,"platformName":"Android","udid":"ASJNW19409003146","systemPort":64423},"capabilities":{"firstMatch":[{"appium:app":"C:\\Users\\Jose_Arrieta\\Desktop\\JA\\Proyectos\\Automatizacion de pruebas\\APK para inicio\\crtopyinfinitymobilebanking-release (8).apk","appium:autoGrantPermissions":true,"appium:automationName":"uiautomator2","deviceId":"","appium:deviceName":"HUAWEI MRD-LX3 (Android 9)","appium:fullReset":false,"appium:newCommandTimeout":1800,"appium:noReset":true,"platform":"ANDROID","platformName":"android","appium:platformVersion":"9","appium:systemPort":64423,"appium:udid":"ASJNW19409003146"}]}}[39m
[35m[BaseDriver][39m The following capabilities are not standard capabilities and should have an extension prefix:
[35m[BaseDriver][39m   deviceId
[35m[BaseDriver][39m   platform
[35m[BaseDriver][39m   chromedriverPort
[35m[Appium][39m Appium v1.22.3 creating new AndroidUiautomator2Driver (v1.70.1) session
[35m[BaseDriver][39m The following capabilities were provided, but are not recognized by Appium:
[35m[BaseDriver][39m   deviceId
[35m[BaseDriver][39m   platform
[35m[BaseDriver][39m Session created with session id: 1bc69656-b469-4507-9177-baeaa428aaf3
[35m[BaseDriver][39m Using local app 'C:\Users\Jose_Arrieta\Desktop\JA\Proyectos\Automatizacion de pruebas\APK para inicio\crtopyinfinitymobilebanking-release (8).apk'
[35m[ADB][39m Using 'adb.exe' from 'C:\Users\Jose_Arrieta\AppData\Local\Android\Sdk\platform-tools\adb.exe'
[35m[AndroidDriver][39m Retrieving device list
[35m[HTTP][39m [37m<-- POST /wd/hub/session [39m[31m500[39m [90m20096 ms - 681[39m
[35m[HTTP][39m [90m[39m
[35m[HTTP][39m [37m-->[39m [37mGET[39m [37m/wd/hub/status[39m
[35m[HTTP][39m [90m{}[39m
[35m[HTTP][39m [37m<-- GET /wd/hub/status [39m[32m200[39m [90m1 ms - 68[39m
[35m[HTTP][39m [90m[39m
[35m[HTTP][39m [37m-->[39m [37mPOST[39m [37m/wd/hub/session[39m
[35m[HTTP][39m [90m{"desiredCapabilities":{"app":"C:\\Users\\Jose_Arrieta\\Desktop\\JA\\Proyectos\\Automatizacion de pruebas\\APK para inicio\\crtopyinfinitymobilebanking-release (8).apk","noReset":false,"deviceId":"","deviceName":"HUAWEI MRD-LX3 (Android 9)","fullReset":true,"platform":"ANDROID","newCommandTimeout":1800,"platformVersion":"9","automationName":"uiautomator2","autoGrantPermissions":true,"platformName":"Android","udid":"ASJNW19409003146","systemPort":65329},"capabilities":{"firstMatch":[{"appium:app":"C:\\Users\\Jose_Arrieta\\Desktop\\JA\\Proyectos\\Automatizacion de pruebas\\APK para inicio\\crtopyinfinitymobilebanking-release (8).apk","appium:autoGrantPermissions":true,"appium:automationName":"uiautomator2","deviceId":"","appium:deviceName":"HUAWEI MRD-LX3 (Android 9)","appium:fullReset":true,"appium:newCommandTimeout":1800,"appium:noReset":false,"platform":"ANDROID","platformName":"android","appium:platformVersion":"9","appium:systemPort":65329,"appium:udid":"ASJNW19409003146"}]}}[39m
[35m[BaseDriver][39m The following capabilities are not standard capabilities and should have an extension prefix:
[35m[BaseDriver][39m   deviceId
[35m[BaseDriver][39m   platform
[35m[BaseDriver][39m   chromedriverPort
[35m[Appium][39m Appium v1.22.3 creating new AndroidUiautomator2Driver (v1.70.1) session
[35m[BaseDriver][39m The following capabilities were provided, but are not recognized by Appium:
[35m[BaseDriver][39m   deviceId
[35m[BaseDriver][39m   platform
[35m[BaseDriver][39m Session created with session id: 8a2657cb-38eb-4ad1-9bb9-78e26f75e929
[35m[BaseDriver][39m Using local app 'C:\Users\Jose_Arrieta\Desktop\JA\Proyectos\Automatizacion de pruebas\APK para inicio\crtopyinfinitymobilebanking-release (8).apk'
[35m[ADB][39m Using 'adb.exe' from 'C:\Users\Jose_Arrieta\AppData\Local\Android\Sdk\platform-tools\adb.exe'
[35m[AndroidDriver][39m Retrieving device list
[35m[HTTP][39m [37m<-- POST /wd/hub/session [39m[31m500[39m [90m20128 ms - 681[39m
[35m[HTTP][39m [90m[39m
[35m[HTTP][39m [37m-->[39m [37mGET[39m [37m/wd/hub/status[39m
[35m[HTTP][39m [90m{}[39m
[35m[HTTP][39m [37m<-- GET /wd/hub/status [39m[32m200[39m [90m2 ms - 68[39m
[35m[HTTP][39m [90m[39m
[35m[HTTP][39m [37m-->[39m [37mPOST[39m [37m/wd/hub/session[39m
[35m[HTTP][39m [90m{"desiredCapabilities":{"app":"C:\\Users\\Jose_Arrieta\\Desktop\\JA\\Proyectos\\Automatizacion de pruebas\\APK para inicio\\crtopyinfinitymobilebanking-release (8).apk","noReset":false,"deviceId":"","deviceName":"HUAWEI MRD-LX3 (Android 9)","fullReset":true,"platform":"ANDROID","newCommandTimeout":1800,"platformVersion":"9","automationName":"uiautomator2","autoGrantPermissions":true,"platformName":"Android","udid":"ASJNW19409003146","systemPort":49264},"capabilities":{"firstMatch":[{"appium:app":"C:\\Users\\Jose_Arrieta\\Desktop\\JA\\Proyectos\\Automatizacion de pruebas\\APK para inicio\\crtopyinfinitymobilebanking-release (8).apk","appium:autoGrantPermissions":true,"appium:automationName":"uiautomator2","deviceId":"","appium:deviceName":"HUAWEI MRD-LX3 (Android 9)","appium:fullReset":true,"appium:newCommandTimeout":1800,"appium:noReset":false,"platform":"ANDROID","platformName":"android","appium:platformVersion":"9","appium:systemPort":49264,"appium:udid":"ASJNW19409003146"}]}}[39m
[35m[BaseDriver][39m The following capabilities are not standard capabilities and should have an extension prefix:
[35m[BaseDriver][39m   deviceId
[35m[BaseDriver][39m   platform
[35m[BaseDriver][39m   chromedriverPort
[35m[Appium][39m Appium v1.22.3 creating new AndroidUiautomator2Driver (v1.70.1) session
[35m[BaseDriver][39m The following capabilities were provided, but are not recognized by Appium:
[35m[BaseDriver][39m   deviceId
[35m[BaseDriver][39m   platform
[35m[BaseDriver][39m Session created with session id: 49d870f2-2d14-4f06-b1da-77cbcbed8d3e
[35m[BaseDriver][39m Using local app 'C:\Users\Jose_Arrieta\Desktop\JA\Proyectos\Automatizacion de pruebas\APK para inicio\crtopyinfinitymobilebanking-release (8).apk'
[35m[ADB][39m Using 'adb.exe' from 'C:\Users\Jose_Arrieta\AppData\Local\Android\Sdk\platform-tools\adb.exe'
[35m[AndroidDriver][39m Retrieving device list
[35m[HTTP][39m [37m<-- POST /wd/hub/session [39m[31m500[39m [90m20123 ms - 681[39m
[35m[HTTP][39m [90m[39m
[35m[HTTP][39m [37m-->[39m [37mGET[39m [37m/wd/hub/status[39m
[35m[HTTP][39m [90m{}[39m
[35m[HTTP][39m [37m<-- GET /wd/hub/status [39m[32m200[39m [90m1 ms - 68[39m
[35m[HTTP][39m [90m[39m
[35m[HTTP][39m [37m-->[39m [37mPOST[39m [37m/wd/hub/session[39m
[35m[HTTP][39m [90m{"desiredCapabilities":{"app":"C:\\Users\\Jose_Arrieta\\Desktop\\JA\\Proyectos\\Automatizacion de pruebas\\APK para inicio\\crtopyinfinitymobilebanking-release (8).apk","noReset":false,"deviceId":"","deviceName":"HUAWEI MRD-LX3 (Android 9)","fullReset":true,"platform":"ANDROID","newCommandTimeout":1800,"platformVersion":"9","automationName":"uiautomator2","autoGrantPermissions":true,"platformName":"Android","udid":"ASJNW19409003146","systemPort":49850},"capabilities":{"firstMatch":[{"appium:app":"C:\\Users\\Jose_Arrieta\\Desktop\\JA\\Proyectos\\Automatizacion de pruebas\\APK para inicio\\crtopyinfinitymobilebanking-release (8).apk","appium:autoGrantPermissions":true,"appium:automationName":"uiautomator2","deviceId":"","appium:deviceName":"HUAWEI MRD-LX3 (Android 9)","appium:fullReset":true,"appium:newCommandTimeout":1800,"appium:noReset":false,"platform":"ANDROID","platformName":"android","appium:platformVersion":"9","appium:systemPort":49850,"appium:udid":"ASJNW19409003146"}]}}[39m
[35m[BaseDriver][39m The following capabilities are not standard capabilities and should have an extension prefix:
[35m[BaseDriver][39m   deviceId
[35m[BaseDriver][39m   platform
[35m[BaseDriver][39m   chromedriverPort
[35m[Appium][39m Appium v1.22.3 creating new AndroidUiautomator2Driver (v1.70.1) session
[35m[BaseDriver][39m The following capabilities were provided, but are not recognized by Appium:
[35m[BaseDriver][39m   deviceId
[35m[BaseDriver][39m   platform
[35m[BaseDriver][39m Session created with session id: 079e8d7c-6e16-4683-a523-db045caa4625
[35m[BaseDriver][39m Using local app 'C:\Users\Jose_Arrieta\Desktop\JA\Proyectos\Automatizacion de pruebas\APK para inicio\crtopyinfinitymobilebanking-release (8).apk'
[35m[ADB][39m Using 'adb.exe' from 'C:\Users\Jose_Arrieta\AppData\Local\Android\Sdk\platform-tools\adb.exe'
[35m[AndroidDriver][39m Retrieving device list
[35m[HTTP][39m [37m<-- POST /wd/hub/session [39m[31m500[39m [90m20036 ms - 681[39m
[35m[HTTP][39m [90m[39m
[35m[HTTP][39m [37m-->[39m [37mGET[39m [37m/wd/hub/status[39m
[35m[HTTP][39m [90m{}[39m
[35m[HTTP][39m [37m<-- GET /wd/hub/status [39m[32m200[39m [90m2 ms - 68[39m
[35m[HTTP][39m [90m[39m
[35m[HTTP][39m [37m-->[39m [37mPOST[39m [37m/wd/hub/session[39m
[35m[HTTP][39m [90m{"desiredCapabilities":{"app":"C:\\Users\\Jose_Arrieta\\Desktop\\JA\\Proyectos\\Automatizacion de pruebas\\APK para inicio\\crtopyinfinitymobilebanking-release (8).apk","noReset":false,"deviceId":"","deviceName":"HUAWEI MRD-LX3 (Android 9)","fullReset":true,"platform":"ANDROID","newCommandTimeout":1800,"platformVersion":"9","automationName":"uiautomator2","autoGrantPermissions":true,"platformName":"Android","udid":"ASJNW19409003146","systemPort":50168},"capabilities":{"firstMatch":[{"appium:app":"C:\\Users\\Jose_Arrieta\\Desktop\\JA\\Proyectos\\Automatizacion de pruebas\\APK para inicio\\crtopyinfinitymobilebanking-release (8).apk","appium:autoGrantPermissions":true,"appium:automationName":"uiautomator2","deviceId":"","appium:deviceName":"HUAWEI MRD-LX3 (Android 9)","appium:fullReset":true,"appium:newCommandTimeout":1800,"appium:noReset":false,"platform":"ANDROID","platformName":"android","appium:platformVersion":"9","appium:systemPort":50168,"appium:udid":"ASJNW19409003146"}]}}[39m
[35m[BaseDriver][39m The following capabilities are not standard capabilities and should have an extension prefix:
[35m[BaseDriver][39m   deviceId
[35m[BaseDriver][39m   platform
[35m[BaseDriver][39m   chromedriverPort
[35m[Appium][39m Appium v1.22.3 creating new AndroidUiautomator2Driver (v1.70.1) session
[35m[BaseDriver][39m The following capabilities were provided, but are not recognized by Appium:
[35m[BaseDriver][39m   deviceId
[35m[BaseDriver][39m   platform
[35m[BaseDriver][39m Session created with session id: 690bea5c-bfc5-4fb5-8c01-c04ad22bc35b
[35m[BaseDriver][39m Using local app 'C:\Users\Jose_Arrieta\Desktop\JA\Proyectos\Automatizacion de pruebas\APK para inicio\crtopyinfinitymobilebanking-release (8).apk'
[35m[ADB][39m Using 'adb.exe' from 'C:\Users\Jose_Arrieta\AppData\Local\Android\Sdk\platform-tools\adb.exe'
[35m[AndroidDriver][39m Retrieving device list
[35m[HTTP][39m [37m<-- POST /wd/hub/session [39m[31m500[39m [90m20236 ms - 681[39m
[35m[HTTP][39m [90m[39m
[35m[HTTP][39m [37m-->[39m [37mGET[39m [37m/wd/hub/status[39m
[35m[HTTP][39m [90m{}[39m
[35m[HTTP][39m [37m<-- GET /wd/hub/status [39m[32m200[39m [90m1 ms - 68[39m
[35m[HTTP][39m [90m[39m
[35m[HTTP][39m [37m-->[39m [37mPOST[39m [37m/wd/hub/session[39m
[35m[HTTP][39m [90m{"desiredCapabilities":{"app":"C:\\Users\\Jose_Arrieta\\Desktop\\JA\\Proyectos\\Automatizacion de pruebas\\APK para inicio\\crtopyinfinitymobilebanking-release (8).apk","noReset":true,"deviceId":"","deviceName":"HUAWEI MRD-LX3 (Android 9)","fullReset":false,"platform":"ANDROID","newCommandTimeout":1800,"platformVersion":"9","automationName":"uiautomator2","autoGrantPermissions":true,"platformName":"Android","udid":"ASJNW19409003146","systemPort":50491},"capabilities":{"firstMatch":[{"appium:app":"C:\\Users\\Jose_Arrieta\\Desktop\\JA\\Proyectos\\Automatizacion de pruebas\\APK para inicio\\crtopyinfinitymobilebanking-release (8).apk","appium:autoGrantPermissions":true,"appium:automationName":"uiautomator2","deviceId":"","appium:deviceName":"HUAWEI MRD-LX3 (Android 9)","appium:fullReset":false,"appium:newCommandTimeout":1800,"appium:noReset":true,"platform":"ANDROID","platformName":"android","appium:platformVersion":"9","appium:systemPort":50491,"appium:udid":"ASJNW19409003146"}]}}[39m
[35m[BaseDriver][39m The following capabilities are not standard capabilities and should have an extension prefix:
[35m[BaseDriver][39m   deviceId
[35m[BaseDriver][39m   platform
[35m[BaseDriver][39m   chromedriverPort
[35m[Appium][39m Appium v1.22.3 creating new AndroidUiautomator2Driver (v1.70.1) session
[35m[BaseDriver][39m The following capabilities were provided, but are not recognized by Appium:
[35m[BaseDriver][39m   deviceId
[35m[BaseDriver][39m   platform
[35m[BaseDriver][39m Session created with session id: db627290-fbea-4ce1-9b89-01772bd743d0
[35m[BaseDriver][39m Using local app 'C:\Users\Jose_Arrieta\Desktop\JA\Proyectos\Automatizacion de pruebas\APK para inicio\crtopyinfinitymobilebanking-release (8).apk'
[35m[ADB][39m Using 'adb.exe' from 'C:\Users\Jose_Arrieta\AppData\Local\Android\Sdk\platform-tools\adb.exe'
[35m[AndroidDriver][39m Retrieving device list
[35m[HTTP][39m [37m<-- POST /wd/hub/session [39m[31m500[39m [90m20160 ms - 681[39m
[35m[HTTP][39m [90m[39m
[35m[HTTP][39m [37m-->[39m [37mGET[39m [37m/wd/hub/status[39m
[35m[HTTP][39m [90m{}[39m
[35m[HTTP][39m [37m<-- GET /wd/hub/status [39m[32m200[39m [90m1 ms - 68[39m
[35m[HTTP][39m [90m[39m
[35m[HTTP][39m [37m-->[39m [37mPOST[39m [37m/wd/hub/session[39m
[35m[HTTP][39m [90m{"desiredCapabilities":{"app":"C:\\Users\\Jose_Arrieta\\Desktop\\JA\\Proyectos\\Automatizacion de pruebas\\APK para inicio\\crtopyinfinitymobilebanking-release (8).apk","noReset":true,"deviceId":"","deviceName":"HUAWEI MRD-LX3 (Android 9)","fullReset":false,"platform":"ANDROID","newCommandTimeout":1800,"platformVersion":"9","automationName":"uiautomator2","autoGrantPermissions":true,"platformName":"Android","udid":"ASJNW19409003146","systemPort":50813},"capabilities":{"firstMatch":[{"appium:app":"C:\\Users\\Jose_Arrieta\\Desktop\\JA\\Proyectos\\Automatizacion de pruebas\\APK para inicio\\crtopyinfinitymobilebanking-release (8).apk","appium:autoGrantPermissions":true,"appium:automationName":"uiautomator2","deviceId":"","appium:deviceName":"HUAWEI MRD-LX3 (Android 9)","appium:fullReset":false,"appium:newCommandTimeout":1800,"appium:noReset":true,"platform":"ANDROID","platformName":"android","appium:platformVersion":"9","appium:systemPort":50813,"appium:udid":"ASJNW19409003146"}]}}[39m
[35m[BaseDriver][39m The following capabilities are not standard capabilities and should have an extension prefix:
[35m[BaseDriver][39m   deviceId
[35m[BaseDriver][39m   platform
[35m[BaseDriver][39m   chromedriverPort
[35m[Appium][39m Appium v1.22.3 creating new AndroidUiautomator2Driver (v1.70.1) session
[35m[BaseDriver][39m The following capabilities were provided, but are not recognized by Appium:
[35m[BaseDriver][39m   deviceId
[35m[BaseDriver][39m   platform
[35m[BaseDriver][39m Session created with session id: 99e54c0b-d807-48f7-8bec-4ce722196a17
[35m[BaseDriver][39m Using local app 'C:\Users\Jose_Arrieta\Desktop\JA\Proyectos\Automatizacion de pruebas\APK para inicio\crtopyinfinitymobilebanking-release (8).apk'
[35m[ADB][39m Using 'adb.exe' from 'C:\Users\Jose_Arrieta\AppData\Local\Android\Sdk\platform-tools\adb.exe'
[35m[AndroidDriver][39m Retrieving device list
[35m[HTTP][39m [37m<-- POST /wd/hub/session [39m[31m500[39m [90m20155 ms - 681[39m
[35m[HTTP][39m [90m[39m
[35m[HTTP][39m [37m-->[39m [37mGET[39m [37m/wd/hub/status[39m
[35m[HTTP][39m [90m{}[39m
[35m[HTTP][39m [37m<-- GET /wd/hub/status [39m[32m200[39m [90m1 ms - 68[39m
[35m[HTTP][39m [90m[39m
[35m[HTTP][39m [37m-->[39m [37mPOST[39m [37m/wd/hub/session[39m
[35m[HTTP][39m [90m{"desiredCapabilities":{"app":"C:\\Users\\Jose_Arrieta\\Desktop\\JA\\Proyectos\\Automatizacion de pruebas\\APK para inicio\\crtopyinfinitymobilebanking-release (8).apk","noReset":true,"deviceId":"","deviceName":"HUAWEI MRD-LX3 (Android 9)","fullReset":false,"platform":"ANDROID","newCommandTimeout":1800,"platformVersion":"9","automationName":"uiautomator2","autoGrantPermissions":true,"platformName":"Android","udid":"ASJNW19409003146","systemPort":51131},"capabilities":{"firstMatch":[{"appium:app":"C:\\Users\\Jose_Arrieta\\Desktop\\JA\\Proyectos\\Automatizacion de pruebas\\APK para inicio\\crtopyinfinitymobilebanking-release (8).apk","appium:autoGrantPermissions":true,"appium:automationName":"uiautomator2","deviceId":"","appium:deviceName":"HUAWEI MRD-LX3 (Android 9)","appium:fullReset":false,"appium:newCommandTimeout":1800,"appium:noReset":true,"platform":"ANDROID","platformName":"android","appium:platformVersion":"9","appium:systemPort":51131,"appium:udid":"ASJNW19409003146"}]}}[39m
[35m[BaseDriver][39m The following capabilities are not standard capabilities and should have an extension prefix:
[35m[BaseDriver][39m   deviceId
[35m[BaseDriver][39m   platform
[35m[BaseDriver][39m   chromedriverPort
[35m[Appium][39m Appium v1.22.3 creating new AndroidUiautomator2Driver (v1.70.1) session
[35m[BaseDriver][39m The following capabilities were provided, but are not recognized by Appium:
[35m[BaseDriver][39m   deviceId
[35m[BaseDriver][39m   platform
[35m[BaseDriver][39m Session created with session id: b891ce70-a099-48bb-ac67-527d675d9c39
[35m[BaseDriver][39m Using local app 'C:\Users\Jose_Arrieta\Desktop\JA\Proyectos\Automatizacion de pruebas\APK para inicio\crtopyinfinitymobilebanking-release (8).apk'
[35m[ADB][39m Using 'adb.exe' from 'C:\Users\Jose_Arrieta\AppData\Local\Android\Sdk\platform-tools\adb.exe'
[35m[AndroidDriver][39m Retrieving device list
[35m[HTTP][39m [37m<-- POST /wd/hub/session [39m[31m500[39m [90m20198 ms - 681[39m
[35m[HTTP][39m [90m[39m
[35m[HTTP][39m [37m-->[39m [37mGET[39m [37m/wd/hub/status[39m
[35m[HTTP][39m [90m{}[39m
[35m[HTTP][39m [37m<-- GET /wd/hub/status [39m[32m200[39m [90m1 ms - 68[39m
[35m[HTTP][39m [90m[39m
[35m[HTTP][39m [37m-->[39m [37mPOST[39m [37m/wd/hub/session[39m
[35m[HTTP][39m [90m{"desiredCapabilities":{"app":"C:\\Users\\Jose_Arrieta\\Desktop\\JA\\Proyectos\\Automatizacion de pruebas\\APK para inicio\\crtopyinfinitymobilebanking-release (8).apk","noReset":true,"deviceId":"","deviceName":"HUAWEI MRD-LX3 (Android 9)","fullReset":false,"platform":"ANDROID","newCommandTimeout":1800,"platformVersion":"9","automationName":"uiautomator2","autoGrantPermissions":true,"platformName":"Android","udid":"ASJNW19409003146","systemPort":51448},"capabilities":{"firstMatch":[{"appium:app":"C:\\Users\\Jose_Arrieta\\Desktop\\JA\\Proyectos\\Automatizacion de pruebas\\APK para inicio\\crtopyinfinitymobilebanking-release (8).apk","appium:autoGrantPermissions":true,"appium:automationName":"uiautomator2","deviceId":"","appium:deviceName":"HUAWEI MRD-LX3 (Android 9)","appium:fullReset":false,"appium:newCommandTimeout":1800,"appium:noReset":true,"platform":"ANDROID","platformName":"android","appium:platformVersion":"9","appium:systemPort":51448,"appium:udid":"ASJNW19409003146"}]}}[39m
[35m[BaseDriver][39m The following capabilities are not standard capabilities and should have an extension prefix:
[35m[BaseDriver][39m   deviceId
[35m[BaseDriver][39m   platform
[35m[BaseDriver][39m   chromedriverPort
[35m[Appium][39m Appium v1.22.3 creating new AndroidUiautomator2Driver (v1.70.1) session
[35m[BaseDriver][39m The following capabilities were provided, but are not recognized by Appium:
[35m[BaseDriver][39m   deviceId
[35m[BaseDriver][39m   platform
[35m[BaseDriver][39m Session created with session id: af4ff9aa-eee3-4325-8f48-17dbf91de1e4
[35m[BaseDriver][39m Using local app 'C:\Users\Jose_Arrieta\Desktop\JA\Proyectos\Automatizacion de pruebas\APK para inicio\crtopyinfinitymobilebanking-release (8).apk'
[35m[ADB][39m Using 'adb.exe' from 'C:\Users\Jose_Arrieta\AppData\Local\Android\Sdk\platform-tools\adb.exe'
[35m[AndroidDriver][39m Retrieving device list
[35m[HTTP][39m [37m<-- POST /wd/hub/session [39m[31m500[39m [90m20222 ms - 681[39m
[35m[HTTP][39m [90m[39m
